{"/mnt/c/Users/nicol/Desktop/UNIVERSITA'/INGEGNERIA DEL SOFTWARE 2/PingPov/PingPov/api/app.js": {"path":"/mnt/c/Users/nicol/Desktop/UNIVERSITA'/INGEGNERIA DEL SOFTWARE 2/PingPov/PingPov/api/app.js","statementMap":{"0":{"start":{"line":1,"column":15},"end":{"line":1,"column":33}},"1":{"start":{"line":2,"column":12},"end":{"line":2,"column":21}},"2":{"start":{"line":4,"column":16},"end":{"line":4,"column":41}},"3":{"start":{"line":5,"column":18},"end":{"line":5,"column":37}},"4":{"start":{"line":6,"column":24},"end":{"line":6,"column":49}},"5":{"start":{"line":7,"column":29},"end":{"line":7,"column":59}},"6":{"start":{"line":8,"column":19},"end":{"line":8,"column":39}},"7":{"start":{"line":10,"column":0},"end":{"line":10,"column":24}},"8":{"start":{"line":11,"column":0},"end":{"line":11,"column":48}},"9":{"start":{"line":13,"column":0},"end":{"line":16,"column":2}},"10":{"start":{"line":14,"column":4},"end":{"line":14,"column":43}},"11":{"start":{"line":15,"column":4},"end":{"line":15,"column":10}},"12":{"start":{"line":18,"column":0},"end":{"line":18,"column":21}}},"fnMap":{"0":{"name":"(anonymous_0)","decl":{"start":{"line":13,"column":8},"end":{"line":13,"column":9}},"loc":{"start":{"line":13,"column":26},"end":{"line":16,"column":1}},"line":13}},"branchMap":{},"s":{"0":1,"1":1,"2":1,"3":1,"4":1,"5":1,"6":1,"7":1,"8":1,"9":1,"10":0,"11":0,"12":1},"f":{"0":0},"b":{},"_coverageSchema":"1a1c01bbd47fc00a2c39e90264f33305004495a9","hash":"005d2bd6084c044b9d5e3f386693d82e6216b8f1"}
,"/mnt/c/Users/nicol/Desktop/UNIVERSITA'/INGEGNERIA DEL SOFTWARE 2/PingPov/PingPov/api/google_login.js": {"path":"/mnt/c/Users/nicol/Desktop/UNIVERSITA'/INGEGNERIA DEL SOFTWARE 2/PingPov/PingPov/api/google_login.js","statementMap":{"0":{"start":{"line":1,"column":0},"end":{"line":104,"column":1}},"1":{"start":{"line":2,"column":16},"end":{"line":2,"column":39}},"2":{"start":{"line":3,"column":21},"end":{"line":3,"column":43}},"3":{"start":{"line":4,"column":4},"end":{"line":4,"column":31}},"4":{"start":{"line":5,"column":4},"end":{"line":5,"column":55}},"5":{"start":{"line":7,"column":4},"end":{"line":7,"column":31}},"6":{"start":{"line":9,"column":17},"end":{"line":9,"column":34}},"7":{"start":{"line":14,"column":4},"end":{"line":31,"column":7}},"8":{"start":{"line":17,"column":19},"end":{"line":17,"column":79}},"9":{"start":{"line":18,"column":8},"end":{"line":29,"column":9}},"10":{"start":{"line":20,"column":12},"end":{"line":20,"column":60}},"11":{"start":{"line":22,"column":29},"end":{"line":22,"column":50}},"12":{"start":{"line":24,"column":12},"end":{"line":24,"column":77}},"13":{"start":{"line":26,"column":12},"end":{"line":26,"column":37}},"14":{"start":{"line":27,"column":29},"end":{"line":27,"column":44}},"15":{"start":{"line":28,"column":12},"end":{"line":28,"column":51}},"16":{"start":{"line":32,"column":4},"end":{"line":32,"column":74}},"17":{"start":{"line":32,"column":44},"end":{"line":32,"column":72}},"18":{"start":{"line":35,"column":4},"end":{"line":49,"column":7}},"19":{"start":{"line":36,"column":25},"end":{"line":46,"column":10}},"20":{"start":{"line":47,"column":8},"end":{"line":47,"column":65}},"21":{"start":{"line":47,"column":35},"end":{"line":47,"column":63}},"22":{"start":{"line":48,"column":8},"end":{"line":48,"column":41}},"23":{"start":{"line":51,"column":4},"end":{"line":53,"column":7}},"24":{"start":{"line":52,"column":8},"end":{"line":52,"column":56}},"25":{"start":{"line":55,"column":4},"end":{"line":57,"column":7}},"26":{"start":{"line":56,"column":8},"end":{"line":56,"column":23}},"27":{"start":{"line":59,"column":4},"end":{"line":61,"column":7}},"28":{"start":{"line":60,"column":8},"end":{"line":60,"column":22}},"29":{"start":{"line":62,"column":27},"end":{"line":62,"column":74}},"30":{"start":{"line":65,"column":4},"end":{"line":74,"column":7}},"31":{"start":{"line":71,"column":12},"end":{"line":71,"column":34}},"32":{"start":{"line":72,"column":12},"end":{"line":72,"column":43}},"33":{"start":{"line":76,"column":4},"end":{"line":77,"column":74}},"34":{"start":{"line":79,"column":4},"end":{"line":97,"column":11}},"35":{"start":{"line":84,"column":26},"end":{"line":87,"column":13}},"36":{"start":{"line":88,"column":26},"end":{"line":90,"column":13}},"37":{"start":{"line":91,"column":24},"end":{"line":91,"column":76}},"38":{"start":{"line":92,"column":12},"end":{"line":92,"column":40}},"39":{"start":{"line":93,"column":12},"end":{"line":96,"column":69}},"40":{"start":{"line":98,"column":4},"end":{"line":103,"column":6}},"41":{"start":{"line":99,"column":8},"end":{"line":99,"column":19}},"42":{"start":{"line":100,"column":8},"end":{"line":100,"column":19}},"43":{"start":{"line":101,"column":8},"end":{"line":101,"column":21}},"44":{"start":{"line":102,"column":8},"end":{"line":102,"column":76}}},"fnMap":{"0":{"name":"(anonymous_0)","decl":{"start":{"line":1,"column":17},"end":{"line":1,"column":18}},"loc":{"start":{"line":1,"column":32},"end":{"line":104,"column":1}},"line":1},"1":{"name":"(anonymous_1)","decl":{"start":{"line":14,"column":32},"end":{"line":14,"column":33}},"loc":{"start":{"line":14,"column":58},"end":{"line":31,"column":5}},"line":14},"2":{"name":"(anonymous_2)","decl":{"start":{"line":32,"column":30},"end":{"line":32,"column":31}},"loc":{"start":{"line":32,"column":44},"end":{"line":32,"column":72}},"line":32},"3":{"name":"(anonymous_3)","decl":{"start":{"line":35,"column":39},"end":{"line":35,"column":40}},"loc":{"start":{"line":35,"column":53},"end":{"line":49,"column":5}},"line":35},"4":{"name":"(anonymous_4)","decl":{"start":{"line":47,"column":29},"end":{"line":47,"column":30}},"loc":{"start":{"line":47,"column":35},"end":{"line":47,"column":63}},"line":47},"5":{"name":"(anonymous_5)","decl":{"start":{"line":51,"column":27},"end":{"line":51,"column":28}},"loc":{"start":{"line":51,"column":41},"end":{"line":53,"column":5}},"line":51},"6":{"name":"(anonymous_6)","decl":{"start":{"line":55,"column":27},"end":{"line":55,"column":28}},"loc":{"start":{"line":55,"column":47},"end":{"line":57,"column":5}},"line":55},"7":{"name":"(anonymous_7)","decl":{"start":{"line":59,"column":29},"end":{"line":59,"column":30}},"loc":{"start":{"line":59,"column":48},"end":{"line":61,"column":5}},"line":59},"8":{"name":"(anonymous_8)","decl":{"start":{"line":70,"column":8},"end":{"line":70,"column":9}},"loc":{"start":{"line":70,"column":60},"end":{"line":73,"column":9}},"line":70},"9":{"name":"(anonymous_9)","decl":{"start":{"line":81,"column":8},"end":{"line":81,"column":9}},"loc":{"start":{"line":81,"column":28},"end":{"line":97,"column":9}},"line":81},"10":{"name":"(anonymous_10)","decl":{"start":{"line":98,"column":30},"end":{"line":98,"column":31}},"loc":{"start":{"line":98,"column":48},"end":{"line":103,"column":5}},"line":98}},"branchMap":{"0":{"loc":{"start":{"line":18,"column":8},"end":{"line":29,"column":9}},"type":"if","locations":[{"start":{"line":18,"column":8},"end":{"line":29,"column":9}},{"start":{"line":25,"column":13},"end":{"line":29,"column":9}}],"line":18}},"s":{"0":1,"1":0,"2":0,"3":0,"4":0,"5":0,"6":0,"7":0,"8":0,"9":0,"10":0,"11":0,"12":0,"13":0,"14":0,"15":0,"16":0,"17":0,"18":0,"19":0,"20":0,"21":0,"22":0,"23":0,"24":0,"25":0,"26":0,"27":0,"28":0,"29":0,"30":0,"31":0,"32":0,"33":0,"34":0,"35":0,"36":0,"37":0,"38":0,"39":0,"40":0,"41":0,"42":0,"43":0,"44":0},"f":{"0":0,"1":0,"2":0,"3":0,"4":0,"5":0,"6":0,"7":0,"8":0,"9":0,"10":0},"b":{"0":[0,0]},"_coverageSchema":"1a1c01bbd47fc00a2c39e90264f33305004495a9","hash":"a00bd1b468413ca7f6e9c1b07e51369149f6ff6d"}
,"/mnt/c/Users/nicol/Desktop/UNIVERSITA'/INGEGNERIA DEL SOFTWARE 2/PingPov/PingPov/api/modalita_di_gioco.js": {"path":"/mnt/c/Users/nicol/Desktop/UNIVERSITA'/INGEGNERIA DEL SOFTWARE 2/PingPov/PingPov/api/modalita_di_gioco.js","statementMap":{"0":{"start":{"line":1,"column":13},"end":{"line":1,"column":30}},"1":{"start":{"line":2,"column":11},"end":{"line":2,"column":31}},"2":{"start":{"line":4,"column":0},"end":{"line":266,"column":1}},"3":{"start":{"line":5,"column":25},"end":{"line":5,"column":50}},"4":{"start":{"line":6,"column":18},"end":{"line":6,"column":55}},"5":{"start":{"line":7,"column":28},"end":{"line":24,"column":5}},"6":{"start":{"line":8,"column":30},"end":{"line":8,"column":40}},"7":{"start":{"line":9,"column":28},"end":{"line":9,"column":50}},"8":{"start":{"line":10,"column":8},"end":{"line":10,"column":51}},"9":{"start":{"line":11,"column":8},"end":{"line":22,"column":9}},"10":{"start":{"line":12,"column":12},"end":{"line":12,"column":21}},"11":{"start":{"line":14,"column":12},"end":{"line":16,"column":13}},"12":{"start":{"line":15,"column":16},"end":{"line":15,"column":24}},"13":{"start":{"line":17,"column":12},"end":{"line":21,"column":13}},"14":{"start":{"line":18,"column":16},"end":{"line":18,"column":24}},"15":{"start":{"line":20,"column":16},"end":{"line":20,"column":24}},"16":{"start":{"line":26,"column":4},"end":{"line":41,"column":6}},"17":{"start":{"line":27,"column":30},"end":{"line":27,"column":40}},"18":{"start":{"line":28,"column":8},"end":{"line":40,"column":10}},"19":{"start":{"line":29,"column":12},"end":{"line":39,"column":13}},"20":{"start":{"line":30,"column":16},"end":{"line":30,"column":41}},"21":{"start":{"line":32,"column":30},"end":{"line":32,"column":32}},"22":{"start":{"line":33,"column":16},"end":{"line":37,"column":17}},"23":{"start":{"line":33,"column":29},"end":{"line":33,"column":30}},"24":{"start":{"line":34,"column":20},"end":{"line":36,"column":21}},"25":{"start":{"line":35,"column":24},"end":{"line":35,"column":47}},"26":{"start":{"line":38,"column":16},"end":{"line":38,"column":45}},"27":{"start":{"line":43,"column":4},"end":{"line":71,"column":7}},"28":{"start":{"line":44,"column":30},"end":{"line":44,"column":40}},"29":{"start":{"line":46,"column":8},"end":{"line":48,"column":9}},"30":{"start":{"line":47,"column":12},"end":{"line":47,"column":75}},"31":{"start":{"line":49,"column":8},"end":{"line":51,"column":9}},"32":{"start":{"line":50,"column":12},"end":{"line":50,"column":58}},"33":{"start":{"line":52,"column":8},"end":{"line":54,"column":9}},"34":{"start":{"line":53,"column":12},"end":{"line":53,"column":87}},"35":{"start":{"line":55,"column":8},"end":{"line":58,"column":9}},"36":{"start":{"line":56,"column":12},"end":{"line":56,"column":111}},"37":{"start":{"line":57,"column":12},"end":{"line":57,"column":19}},"38":{"start":{"line":59,"column":8},"end":{"line":62,"column":9}},"39":{"start":{"line":60,"column":12},"end":{"line":60,"column":104}},"40":{"start":{"line":61,"column":12},"end":{"line":61,"column":19}},"41":{"start":{"line":63,"column":26},"end":{"line":63,"column":37}},"42":{"start":{"line":64,"column":8},"end":{"line":64,"column":56}},"43":{"start":{"line":65,"column":8},"end":{"line":65,"column":57}},"44":{"start":{"line":66,"column":8},"end":{"line":66,"column":41}},"45":{"start":{"line":67,"column":8},"end":{"line":67,"column":41}},"46":{"start":{"line":68,"column":8},"end":{"line":68,"column":49}},"47":{"start":{"line":69,"column":8},"end":{"line":69,"column":68}},"48":{"start":{"line":69,"column":38},"end":{"line":69,"column":66}},"49":{"start":{"line":70,"column":8},"end":{"line":70,"column":55}},"50":{"start":{"line":73,"column":4},"end":{"line":81,"column":7}},"51":{"start":{"line":74,"column":8},"end":{"line":80,"column":10}},"52":{"start":{"line":75,"column":12},"end":{"line":79,"column":13}},"53":{"start":{"line":76,"column":16},"end":{"line":76,"column":60}},"54":{"start":{"line":78,"column":16},"end":{"line":78,"column":43}},"55":{"start":{"line":83,"column":4},"end":{"line":98,"column":6}},"56":{"start":{"line":84,"column":17},"end":{"line":84,"column":30}},"57":{"start":{"line":85,"column":8},"end":{"line":87,"column":9}},"58":{"start":{"line":86,"column":12},"end":{"line":86,"column":56}},"59":{"start":{"line":88,"column":8},"end":{"line":97,"column":10}},"60":{"start":{"line":89,"column":12},"end":{"line":96,"column":13}},"61":{"start":{"line":90,"column":16},"end":{"line":90,"column":64}},"62":{"start":{"line":92,"column":16},"end":{"line":94,"column":17}},"63":{"start":{"line":93,"column":20},"end":{"line":93,"column":68}},"64":{"start":{"line":95,"column":16},"end":{"line":95,"column":50}},"65":{"start":{"line":100,"column":4},"end":{"line":126,"column":6}},"66":{"start":{"line":101,"column":17},"end":{"line":101,"column":30}},"67":{"start":{"line":102,"column":8},"end":{"line":104,"column":9}},"68":{"start":{"line":103,"column":12},"end":{"line":103,"column":56}},"69":{"start":{"line":105,"column":8},"end":{"line":125,"column":10}},"70":{"start":{"line":106,"column":12},"end":{"line":108,"column":13}},"71":{"start":{"line":107,"column":16},"end":{"line":107,"column":67}},"72":{"start":{"line":109,"column":12},"end":{"line":111,"column":13}},"73":{"start":{"line":110,"column":16},"end":{"line":110,"column":64}},"74":{"start":{"line":112,"column":12},"end":{"line":124,"column":13}},"75":{"start":{"line":114,"column":16},"end":{"line":116,"column":18}},"76":{"start":{"line":115,"column":20},"end":{"line":115,"column":81}},"77":{"start":{"line":119,"column":16},"end":{"line":121,"column":17}},"78":{"start":{"line":120,"column":20},"end":{"line":120,"column":78}},"79":{"start":{"line":123,"column":16},"end":{"line":123,"column":65}},"80":{"start":{"line":128,"column":4},"end":{"line":170,"column":6}},"81":{"start":{"line":129,"column":17},"end":{"line":129,"column":30}},"82":{"start":{"line":130,"column":8},"end":{"line":132,"column":9}},"83":{"start":{"line":131,"column":12},"end":{"line":131,"column":56}},"84":{"start":{"line":133,"column":8},"end":{"line":169,"column":10}},"85":{"start":{"line":134,"column":12},"end":{"line":136,"column":13}},"86":{"start":{"line":135,"column":16},"end":{"line":135,"column":67}},"87":{"start":{"line":137,"column":12},"end":{"line":139,"column":13}},"88":{"start":{"line":138,"column":16},"end":{"line":138,"column":64}},"89":{"start":{"line":140,"column":12},"end":{"line":168,"column":13}},"90":{"start":{"line":141,"column":16},"end":{"line":141,"column":79}},"91":{"start":{"line":144,"column":38},"end":{"line":144,"column":48}},"92":{"start":{"line":145,"column":34},"end":{"line":145,"column":56}},"93":{"start":{"line":146,"column":16},"end":{"line":148,"column":17}},"94":{"start":{"line":147,"column":20},"end":{"line":147,"column":66}},"95":{"start":{"line":150,"column":16},"end":{"line":154,"column":17}},"96":{"start":{"line":151,"column":20},"end":{"line":151,"column":32}},"97":{"start":{"line":153,"column":20},"end":{"line":153,"column":33}},"98":{"start":{"line":156,"column":16},"end":{"line":167,"column":17}},"99":{"start":{"line":157,"column":20},"end":{"line":157,"column":102}},"100":{"start":{"line":158,"column":20},"end":{"line":158,"column":84}},"101":{"start":{"line":161,"column":20},"end":{"line":166,"column":21}},"102":{"start":{"line":162,"column":24},"end":{"line":162,"column":106}},"103":{"start":{"line":163,"column":24},"end":{"line":163,"column":88}},"104":{"start":{"line":165,"column":24},"end":{"line":165,"column":76}},"105":{"start":{"line":172,"column":4},"end":{"line":199,"column":6}},"106":{"start":{"line":173,"column":17},"end":{"line":173,"column":30}},"107":{"start":{"line":174,"column":8},"end":{"line":176,"column":9}},"108":{"start":{"line":175,"column":12},"end":{"line":175,"column":56}},"109":{"start":{"line":177,"column":8},"end":{"line":198,"column":10}},"110":{"start":{"line":178,"column":12},"end":{"line":180,"column":13}},"111":{"start":{"line":179,"column":16},"end":{"line":179,"column":67}},"112":{"start":{"line":181,"column":12},"end":{"line":183,"column":13}},"113":{"start":{"line":182,"column":16},"end":{"line":182,"column":64}},"114":{"start":{"line":184,"column":34},"end":{"line":184,"column":44}},"115":{"start":{"line":185,"column":30},"end":{"line":185,"column":52}},"116":{"start":{"line":186,"column":12},"end":{"line":188,"column":13}},"117":{"start":{"line":187,"column":16},"end":{"line":187,"column":90}},"118":{"start":{"line":189,"column":12},"end":{"line":192,"column":13}},"119":{"start":{"line":190,"column":16},"end":{"line":190,"column":98}},"120":{"start":{"line":191,"column":16},"end":{"line":191,"column":78}},"121":{"start":{"line":193,"column":12},"end":{"line":196,"column":13}},"122":{"start":{"line":194,"column":16},"end":{"line":194,"column":98}},"123":{"start":{"line":195,"column":16},"end":{"line":195,"column":78}},"124":{"start":{"line":197,"column":12},"end":{"line":197,"column":106}},"125":{"start":{"line":200,"column":4},"end":{"line":238,"column":6}},"126":{"start":{"line":201,"column":8},"end":{"line":237,"column":10}},"127":{"start":{"line":202,"column":12},"end":{"line":236,"column":13}},"128":{"start":{"line":203,"column":16},"end":{"line":203,"column":74}},"129":{"start":{"line":205,"column":16},"end":{"line":207,"column":17}},"130":{"start":{"line":206,"column":20},"end":{"line":206,"column":68}},"131":{"start":{"line":208,"column":16},"end":{"line":210,"column":17}},"132":{"start":{"line":209,"column":20},"end":{"line":209,"column":84}},"133":{"start":{"line":211,"column":16},"end":{"line":213,"column":17}},"134":{"start":{"line":212,"column":20},"end":{"line":212,"column":75}},"135":{"start":{"line":214,"column":16},"end":{"line":216,"column":17}},"136":{"start":{"line":215,"column":20},"end":{"line":215,"column":66}},"137":{"start":{"line":217,"column":16},"end":{"line":219,"column":17}},"138":{"start":{"line":218,"column":20},"end":{"line":218,"column":69}},"139":{"start":{"line":220,"column":16},"end":{"line":222,"column":17}},"140":{"start":{"line":221,"column":20},"end":{"line":221,"column":73}},"141":{"start":{"line":223,"column":16},"end":{"line":235,"column":19}},"142":{"start":{"line":229,"column":20},"end":{"line":234,"column":21}},"143":{"start":{"line":230,"column":24},"end":{"line":230,"column":93}},"144":{"start":{"line":233,"column":24},"end":{"line":233,"column":95}},"145":{"start":{"line":239,"column":4},"end":{"line":250,"column":7}},"146":{"start":{"line":240,"column":8},"end":{"line":249,"column":11}},"147":{"start":{"line":244,"column":12},"end":{"line":248,"column":13}},"148":{"start":{"line":245,"column":16},"end":{"line":245,"column":50}},"149":{"start":{"line":247,"column":16},"end":{"line":247,"column":67}},"150":{"start":{"line":254,"column":4},"end":{"line":256,"column":6}},"151":{"start":{"line":255,"column":8},"end":{"line":255,"column":65}},"152":{"start":{"line":257,"column":4},"end":{"line":259,"column":6}},"153":{"start":{"line":258,"column":8},"end":{"line":258,"column":64}},"154":{"start":{"line":260,"column":4},"end":{"line":262,"column":6}},"155":{"start":{"line":261,"column":8},"end":{"line":261,"column":64}},"156":{"start":{"line":263,"column":4},"end":{"line":265,"column":6}},"157":{"start":{"line":264,"column":8},"end":{"line":264,"column":70}}},"fnMap":{"0":{"name":"(anonymous_0)","decl":{"start":{"line":4,"column":17},"end":{"line":4,"column":18}},"loc":{"start":{"line":4,"column":32},"end":{"line":266,"column":1}},"line":4},"1":{"name":"(anonymous_1)","decl":{"start":{"line":7,"column":28},"end":{"line":7,"column":29}},"loc":{"start":{"line":7,"column":45},"end":{"line":24,"column":5}},"line":7},"2":{"name":"(anonymous_2)","decl":{"start":{"line":26,"column":26},"end":{"line":26,"column":27}},"loc":{"start":{"line":26,"column":46},"end":{"line":41,"column":5}},"line":26},"3":{"name":"(anonymous_3)","decl":{"start":{"line":28,"column":23},"end":{"line":28,"column":24}},"loc":{"start":{"line":28,"column":45},"end":{"line":40,"column":9}},"line":28},"4":{"name":"(anonymous_4)","decl":{"start":{"line":43,"column":40},"end":{"line":43,"column":41}},"loc":{"start":{"line":43,"column":54},"end":{"line":71,"column":5}},"line":43},"5":{"name":"(anonymous_5)","decl":{"start":{"line":69,"column":32},"end":{"line":69,"column":33}},"loc":{"start":{"line":69,"column":38},"end":{"line":69,"column":66}},"line":69},"6":{"name":"(anonymous_6)","decl":{"start":{"line":73,"column":46},"end":{"line":73,"column":47}},"loc":{"start":{"line":73,"column":72},"end":{"line":81,"column":5}},"line":73},"7":{"name":"(anonymous_7)","decl":{"start":{"line":74,"column":60},"end":{"line":74,"column":61}},"loc":{"start":{"line":74,"column":82},"end":{"line":80,"column":9}},"line":74},"8":{"name":"(anonymous_8)","decl":{"start":{"line":83,"column":29},"end":{"line":83,"column":30}},"loc":{"start":{"line":83,"column":55},"end":{"line":98,"column":5}},"line":83},"9":{"name":"(anonymous_9)","decl":{"start":{"line":88,"column":47},"end":{"line":88,"column":48}},"loc":{"start":{"line":88,"column":69},"end":{"line":97,"column":9}},"line":88},"10":{"name":"(anonymous_10)","decl":{"start":{"line":100,"column":46},"end":{"line":100,"column":47}},"loc":{"start":{"line":100,"column":72},"end":{"line":126,"column":5}},"line":100},"11":{"name":"(anonymous_11)","decl":{"start":{"line":105,"column":47},"end":{"line":105,"column":48}},"loc":{"start":{"line":105,"column":69},"end":{"line":125,"column":9}},"line":105},"12":{"name":"(anonymous_12)","decl":{"start":{"line":114,"column":44},"end":{"line":114,"column":45}},"loc":{"start":{"line":114,"column":65},"end":{"line":116,"column":17}},"line":114},"13":{"name":"(anonymous_13)","decl":{"start":{"line":128,"column":55},"end":{"line":128,"column":56}},"loc":{"start":{"line":128,"column":81},"end":{"line":170,"column":5}},"line":128},"14":{"name":"(anonymous_14)","decl":{"start":{"line":133,"column":47},"end":{"line":133,"column":48}},"loc":{"start":{"line":133,"column":69},"end":{"line":169,"column":9}},"line":133},"15":{"name":"(anonymous_15)","decl":{"start":{"line":172,"column":57},"end":{"line":172,"column":58}},"loc":{"start":{"line":172,"column":83},"end":{"line":199,"column":5}},"line":172},"16":{"name":"(anonymous_16)","decl":{"start":{"line":177,"column":47},"end":{"line":177,"column":48}},"loc":{"start":{"line":177,"column":69},"end":{"line":198,"column":9}},"line":177},"17":{"name":"(anonymous_17)","decl":{"start":{"line":200,"column":54},"end":{"line":200,"column":55}},"loc":{"start":{"line":200,"column":80},"end":{"line":238,"column":5}},"line":200},"18":{"name":"(anonymous_18)","decl":{"start":{"line":201,"column":38},"end":{"line":201,"column":39}},"loc":{"start":{"line":201,"column":54},"end":{"line":237,"column":9}},"line":201},"19":{"name":"(anonymous_19)","decl":{"start":{"line":228,"column":19},"end":{"line":228,"column":20}},"loc":{"start":{"line":228,"column":40},"end":{"line":235,"column":17}},"line":228},"20":{"name":"(anonymous_20)","decl":{"start":{"line":239,"column":50},"end":{"line":239,"column":51}},"loc":{"start":{"line":239,"column":76},"end":{"line":250,"column":5}},"line":239},"21":{"name":"(anonymous_21)","decl":{"start":{"line":243,"column":11},"end":{"line":243,"column":12}},"loc":{"start":{"line":243,"column":33},"end":{"line":249,"column":9}},"line":243},"22":{"name":"(anonymous_22)","decl":{"start":{"line":254,"column":36},"end":{"line":254,"column":37}},"loc":{"start":{"line":254,"column":50},"end":{"line":256,"column":5}},"line":254},"23":{"name":"(anonymous_23)","decl":{"start":{"line":257,"column":46},"end":{"line":257,"column":47}},"loc":{"start":{"line":257,"column":60},"end":{"line":259,"column":5}},"line":257},"24":{"name":"(anonymous_24)","decl":{"start":{"line":260,"column":49},"end":{"line":260,"column":50}},"loc":{"start":{"line":260,"column":63},"end":{"line":262,"column":5}},"line":260},"25":{"name":"(anonymous_25)","decl":{"start":{"line":263,"column":53},"end":{"line":263,"column":54}},"loc":{"start":{"line":263,"column":67},"end":{"line":265,"column":5}},"line":263}},"branchMap":{"0":{"loc":{"start":{"line":11,"column":8},"end":{"line":22,"column":9}},"type":"if","locations":[{"start":{"line":11,"column":8},"end":{"line":22,"column":9}},{"start":{"line":13,"column":15},"end":{"line":22,"column":9}}],"line":11},"1":{"loc":{"start":{"line":14,"column":12},"end":{"line":16,"column":13}},"type":"if","locations":[{"start":{"line":14,"column":12},"end":{"line":16,"column":13}},{"start":{},"end":{}}],"line":14},"2":{"loc":{"start":{"line":14,"column":16},"end":{"line":14,"column":98}},"type":"binary-expr","locations":[{"start":{"line":14,"column":16},"end":{"line":14,"column":42}},{"start":{"line":14,"column":46},"end":{"line":14,"column":98}}],"line":14},"3":{"loc":{"start":{"line":17,"column":12},"end":{"line":21,"column":13}},"type":"if","locations":[{"start":{"line":17,"column":12},"end":{"line":21,"column":13}},{"start":{"line":19,"column":19},"end":{"line":21,"column":13}}],"line":17},"4":{"loc":{"start":{"line":17,"column":16},"end":{"line":17,"column":99}},"type":"binary-expr","locations":[{"start":{"line":17,"column":16},"end":{"line":17,"column":43}},{"start":{"line":17,"column":47},"end":{"line":17,"column":99}}],"line":17},"5":{"loc":{"start":{"line":29,"column":12},"end":{"line":39,"column":13}},"type":"if","locations":[{"start":{"line":29,"column":12},"end":{"line":39,"column":13}},{"start":{"line":31,"column":19},"end":{"line":39,"column":13}}],"line":29},"6":{"loc":{"start":{"line":34,"column":20},"end":{"line":36,"column":21}},"type":"if","locations":[{"start":{"line":34,"column":20},"end":{"line":36,"column":21}},{"start":{},"end":{}}],"line":34},"7":{"loc":{"start":{"line":46,"column":8},"end":{"line":48,"column":9}},"type":"if","locations":[{"start":{"line":46,"column":8},"end":{"line":48,"column":9}},{"start":{},"end":{}}],"line":46},"8":{"loc":{"start":{"line":46,"column":12},"end":{"line":46,"column":66}},"type":"binary-expr","locations":[{"start":{"line":46,"column":12},"end":{"line":46,"column":26}},{"start":{"line":46,"column":30},"end":{"line":46,"column":48}},{"start":{"line":46,"column":52},"end":{"line":46,"column":66}}],"line":46},"9":{"loc":{"start":{"line":49,"column":8},"end":{"line":51,"column":9}},"type":"if","locations":[{"start":{"line":49,"column":8},"end":{"line":51,"column":9}},{"start":{},"end":{}}],"line":49},"10":{"loc":{"start":{"line":52,"column":8},"end":{"line":54,"column":9}},"type":"if","locations":[{"start":{"line":52,"column":8},"end":{"line":54,"column":9}},{"start":{},"end":{}}],"line":52},"11":{"loc":{"start":{"line":55,"column":8},"end":{"line":58,"column":9}},"type":"if","locations":[{"start":{"line":55,"column":8},"end":{"line":58,"column":9}},{"start":{},"end":{}}],"line":55},"12":{"loc":{"start":{"line":55,"column":12},"end":{"line":55,"column":75}},"type":"binary-expr","locations":[{"start":{"line":55,"column":12},"end":{"line":55,"column":42}},{"start":{"line":55,"column":46},"end":{"line":55,"column":75}}],"line":55},"13":{"loc":{"start":{"line":59,"column":8},"end":{"line":62,"column":9}},"type":"if","locations":[{"start":{"line":59,"column":8},"end":{"line":62,"column":9}},{"start":{},"end":{}}],"line":59},"14":{"loc":{"start":{"line":59,"column":12},"end":{"line":59,"column":64}},"type":"binary-expr","locations":[{"start":{"line":59,"column":12},"end":{"line":59,"column":36}},{"start":{"line":59,"column":40},"end":{"line":59,"column":64}}],"line":59},"15":{"loc":{"start":{"line":75,"column":12},"end":{"line":79,"column":13}},"type":"if","locations":[{"start":{"line":75,"column":12},"end":{"line":79,"column":13}},{"start":{"line":77,"column":19},"end":{"line":79,"column":13}}],"line":75},"16":{"loc":{"start":{"line":85,"column":8},"end":{"line":87,"column":9}},"type":"if","locations":[{"start":{"line":85,"column":8},"end":{"line":87,"column":9}},{"start":{},"end":{}}],"line":85},"17":{"loc":{"start":{"line":89,"column":12},"end":{"line":96,"column":13}},"type":"if","locations":[{"start":{"line":89,"column":12},"end":{"line":96,"column":13}},{"start":{"line":91,"column":19},"end":{"line":96,"column":13}}],"line":89},"18":{"loc":{"start":{"line":92,"column":16},"end":{"line":94,"column":17}},"type":"if","locations":[{"start":{"line":92,"column":16},"end":{"line":94,"column":17}},{"start":{},"end":{}}],"line":92},"19":{"loc":{"start":{"line":102,"column":8},"end":{"line":104,"column":9}},"type":"if","locations":[{"start":{"line":102,"column":8},"end":{"line":104,"column":9}},{"start":{},"end":{}}],"line":102},"20":{"loc":{"start":{"line":106,"column":12},"end":{"line":108,"column":13}},"type":"if","locations":[{"start":{"line":106,"column":12},"end":{"line":108,"column":13}},{"start":{},"end":{}}],"line":106},"21":{"loc":{"start":{"line":109,"column":12},"end":{"line":111,"column":13}},"type":"if","locations":[{"start":{"line":109,"column":12},"end":{"line":111,"column":13}},{"start":{},"end":{}}],"line":109},"22":{"loc":{"start":{"line":112,"column":12},"end":{"line":124,"column":13}},"type":"if","locations":[{"start":{"line":112,"column":12},"end":{"line":124,"column":13}},{"start":{"line":117,"column":19},"end":{"line":124,"column":13}}],"line":112},"23":{"loc":{"start":{"line":112,"column":16},"end":{"line":112,"column":89}},"type":"binary-expr","locations":[{"start":{"line":112,"column":16},"end":{"line":112,"column":59}},{"start":{"line":112,"column":63},"end":{"line":112,"column":89}}],"line":112},"24":{"loc":{"start":{"line":119,"column":16},"end":{"line":121,"column":17}},"type":"if","locations":[{"start":{"line":119,"column":16},"end":{"line":121,"column":17}},{"start":{},"end":{}}],"line":119},"25":{"loc":{"start":{"line":130,"column":8},"end":{"line":132,"column":9}},"type":"if","locations":[{"start":{"line":130,"column":8},"end":{"line":132,"column":9}},{"start":{},"end":{}}],"line":130},"26":{"loc":{"start":{"line":134,"column":12},"end":{"line":136,"column":13}},"type":"if","locations":[{"start":{"line":134,"column":12},"end":{"line":136,"column":13}},{"start":{},"end":{}}],"line":134},"27":{"loc":{"start":{"line":137,"column":12},"end":{"line":139,"column":13}},"type":"if","locations":[{"start":{"line":137,"column":12},"end":{"line":139,"column":13}},{"start":{},"end":{}}],"line":137},"28":{"loc":{"start":{"line":140,"column":12},"end":{"line":168,"column":13}},"type":"if","locations":[{"start":{"line":140,"column":12},"end":{"line":168,"column":13}},{"start":{"line":143,"column":17},"end":{"line":168,"column":13}}],"line":140},"29":{"loc":{"start":{"line":140,"column":16},"end":{"line":140,"column":110}},"type":"binary-expr","locations":[{"start":{"line":140,"column":16},"end":{"line":140,"column":61}},{"start":{"line":140,"column":65},"end":{"line":140,"column":110}}],"line":140},"30":{"loc":{"start":{"line":146,"column":16},"end":{"line":148,"column":17}},"type":"if","locations":[{"start":{"line":146,"column":16},"end":{"line":148,"column":17}},{"start":{},"end":{}}],"line":146},"31":{"loc":{"start":{"line":150,"column":16},"end":{"line":154,"column":17}},"type":"if","locations":[{"start":{"line":150,"column":16},"end":{"line":154,"column":17}},{"start":{"line":152,"column":23},"end":{"line":154,"column":17}}],"line":150},"32":{"loc":{"start":{"line":156,"column":16},"end":{"line":167,"column":17}},"type":"if","locations":[{"start":{"line":156,"column":16},"end":{"line":167,"column":17}},{"start":{"line":160,"column":21},"end":{"line":167,"column":17}}],"line":156},"33":{"loc":{"start":{"line":161,"column":20},"end":{"line":166,"column":21}},"type":"if","locations":[{"start":{"line":161,"column":20},"end":{"line":166,"column":21}},{"start":{"line":164,"column":27},"end":{"line":166,"column":21}}],"line":161},"34":{"loc":{"start":{"line":174,"column":8},"end":{"line":176,"column":9}},"type":"if","locations":[{"start":{"line":174,"column":8},"end":{"line":176,"column":9}},{"start":{},"end":{}}],"line":174},"35":{"loc":{"start":{"line":178,"column":12},"end":{"line":180,"column":13}},"type":"if","locations":[{"start":{"line":178,"column":12},"end":{"line":180,"column":13}},{"start":{},"end":{}}],"line":178},"36":{"loc":{"start":{"line":181,"column":12},"end":{"line":183,"column":13}},"type":"if","locations":[{"start":{"line":181,"column":12},"end":{"line":183,"column":13}},{"start":{},"end":{}}],"line":181},"37":{"loc":{"start":{"line":186,"column":12},"end":{"line":188,"column":13}},"type":"if","locations":[{"start":{"line":186,"column":12},"end":{"line":188,"column":13}},{"start":{},"end":{}}],"line":186},"38":{"loc":{"start":{"line":189,"column":12},"end":{"line":192,"column":13}},"type":"if","locations":[{"start":{"line":189,"column":12},"end":{"line":192,"column":13}},{"start":{},"end":{}}],"line":189},"39":{"loc":{"start":{"line":189,"column":16},"end":{"line":189,"column":103}},"type":"binary-expr","locations":[{"start":{"line":189,"column":16},"end":{"line":189,"column":61}},{"start":{"line":189,"column":65},"end":{"line":189,"column":103}}],"line":189},"40":{"loc":{"start":{"line":193,"column":12},"end":{"line":196,"column":13}},"type":"if","locations":[{"start":{"line":193,"column":12},"end":{"line":196,"column":13}},{"start":{},"end":{}}],"line":193},"41":{"loc":{"start":{"line":193,"column":16},"end":{"line":193,"column":103}},"type":"binary-expr","locations":[{"start":{"line":193,"column":16},"end":{"line":193,"column":61}},{"start":{"line":193,"column":65},"end":{"line":193,"column":103}}],"line":193},"42":{"loc":{"start":{"line":202,"column":12},"end":{"line":236,"column":13}},"type":"if","locations":[{"start":{"line":202,"column":12},"end":{"line":236,"column":13}},{"start":{"line":204,"column":19},"end":{"line":236,"column":13}}],"line":202},"43":{"loc":{"start":{"line":205,"column":16},"end":{"line":207,"column":17}},"type":"if","locations":[{"start":{"line":205,"column":16},"end":{"line":207,"column":17}},{"start":{},"end":{}}],"line":205},"44":{"loc":{"start":{"line":208,"column":16},"end":{"line":210,"column":17}},"type":"if","locations":[{"start":{"line":208,"column":16},"end":{"line":210,"column":17}},{"start":{},"end":{}}],"line":208},"45":{"loc":{"start":{"line":211,"column":16},"end":{"line":213,"column":17}},"type":"if","locations":[{"start":{"line":211,"column":16},"end":{"line":213,"column":17}},{"start":{},"end":{}}],"line":211},"46":{"loc":{"start":{"line":214,"column":16},"end":{"line":216,"column":17}},"type":"if","locations":[{"start":{"line":214,"column":16},"end":{"line":216,"column":17}},{"start":{},"end":{}}],"line":214},"47":{"loc":{"start":{"line":217,"column":16},"end":{"line":219,"column":17}},"type":"if","locations":[{"start":{"line":217,"column":16},"end":{"line":219,"column":17}},{"start":{},"end":{}}],"line":217},"48":{"loc":{"start":{"line":217,"column":19},"end":{"line":217,"column":95}},"type":"binary-expr","locations":[{"start":{"line":217,"column":19},"end":{"line":217,"column":55}},{"start":{"line":217,"column":59},"end":{"line":217,"column":95}}],"line":217},"49":{"loc":{"start":{"line":220,"column":16},"end":{"line":222,"column":17}},"type":"if","locations":[{"start":{"line":220,"column":16},"end":{"line":222,"column":17}},{"start":{},"end":{}}],"line":220},"50":{"loc":{"start":{"line":220,"column":19},"end":{"line":220,"column":85}},"type":"binary-expr","locations":[{"start":{"line":220,"column":19},"end":{"line":220,"column":50}},{"start":{"line":220,"column":54},"end":{"line":220,"column":85}}],"line":220},"51":{"loc":{"start":{"line":229,"column":20},"end":{"line":234,"column":21}},"type":"if","locations":[{"start":{"line":229,"column":20},"end":{"line":234,"column":21}},{"start":{"line":231,"column":27},"end":{"line":234,"column":21}}],"line":229},"52":{"loc":{"start":{"line":244,"column":12},"end":{"line":248,"column":13}},"type":"if","locations":[{"start":{"line":244,"column":12},"end":{"line":248,"column":13}},{"start":{"line":246,"column":19},"end":{"line":248,"column":13}}],"line":244}},"s":{"0":1,"1":1,"2":1,"3":0,"4":0,"5":0,"6":0,"7":0,"8":0,"9":0,"10":0,"11":0,"12":0,"13":0,"14":0,"15":0,"16":0,"17":0,"18":0,"19":0,"20":0,"21":0,"22":0,"23":0,"24":0,"25":0,"26":0,"27":0,"28":0,"29":0,"30":0,"31":0,"32":0,"33":0,"34":0,"35":0,"36":0,"37":0,"38":0,"39":0,"40":0,"41":0,"42":0,"43":0,"44":0,"45":0,"46":0,"47":0,"48":0,"49":0,"50":0,"51":0,"52":0,"53":0,"54":0,"55":0,"56":0,"57":0,"58":0,"59":0,"60":0,"61":0,"62":0,"63":0,"64":0,"65":0,"66":0,"67":0,"68":0,"69":0,"70":0,"71":0,"72":0,"73":0,"74":0,"75":0,"76":0,"77":0,"78":0,"79":0,"80":0,"81":0,"82":0,"83":0,"84":0,"85":0,"86":0,"87":0,"88":0,"89":0,"90":0,"91":0,"92":0,"93":0,"94":0,"95":0,"96":0,"97":0,"98":0,"99":0,"100":0,"101":0,"102":0,"103":0,"104":0,"105":0,"106":0,"107":0,"108":0,"109":0,"110":0,"111":0,"112":0,"113":0,"114":0,"115":0,"116":0,"117":0,"118":0,"119":0,"120":0,"121":0,"122":0,"123":0,"124":0,"125":0,"126":0,"127":0,"128":0,"129":0,"130":0,"131":0,"132":0,"133":0,"134":0,"135":0,"136":0,"137":0,"138":0,"139":0,"140":0,"141":0,"142":0,"143":0,"144":0,"145":0,"146":0,"147":0,"148":0,"149":0,"150":0,"151":0,"152":0,"153":0,"154":0,"155":0,"156":0,"157":0},"f":{"0":0,"1":0,"2":0,"3":0,"4":0,"5":0,"6":0,"7":0,"8":0,"9":0,"10":0,"11":0,"12":0,"13":0,"14":0,"15":0,"16":0,"17":0,"18":0,"19":0,"20":0,"21":0,"22":0,"23":0,"24":0,"25":0},"b":{"0":[0,0],"1":[0,0],"2":[0,0],"3":[0,0],"4":[0,0],"5":[0,0],"6":[0,0],"7":[0,0],"8":[0,0,0],"9":[0,0],"10":[0,0],"11":[0,0],"12":[0,0],"13":[0,0],"14":[0,0],"15":[0,0],"16":[0,0],"17":[0,0],"18":[0,0],"19":[0,0],"20":[0,0],"21":[0,0],"22":[0,0],"23":[0,0],"24":[0,0],"25":[0,0],"26":[0,0],"27":[0,0],"28":[0,0],"29":[0,0],"30":[0,0],"31":[0,0],"32":[0,0],"33":[0,0],"34":[0,0],"35":[0,0],"36":[0,0],"37":[0,0],"38":[0,0],"39":[0,0],"40":[0,0],"41":[0,0],"42":[0,0],"43":[0,0],"44":[0,0],"45":[0,0],"46":[0,0],"47":[0,0],"48":[0,0],"49":[0,0],"50":[0,0],"51":[0,0],"52":[0,0]},"_coverageSchema":"1a1c01bbd47fc00a2c39e90264f33305004495a9","hash":"4dde4f7a53f7b9a6cbc73ce503bd2be350a40876"}
,"/mnt/c/Users/nicol/Desktop/UNIVERSITA'/INGEGNERIA DEL SOFTWARE 2/PingPov/PingPov/api/prenotazioni.js": {"path":"/mnt/c/Users/nicol/Desktop/UNIVERSITA'/INGEGNERIA DEL SOFTWARE 2/PingPov/PingPov/api/prenotazioni.js","statementMap":{"0":{"start":{"line":2,"column":0},"end":{"line":93,"column":1}},"1":{"start":{"line":3,"column":25},"end":{"line":3,"column":50}},"2":{"start":{"line":4,"column":25},"end":{"line":8,"column":7}},"3":{"start":{"line":10,"column":4},"end":{"line":33,"column":6}},"4":{"start":{"line":11,"column":8},"end":{"line":11,"column":29}},"5":{"start":{"line":12,"column":8},"end":{"line":12,"column":46}},"6":{"start":{"line":13,"column":8},"end":{"line":13,"column":35}},"7":{"start":{"line":14,"column":8},"end":{"line":14,"column":37}},"8":{"start":{"line":15,"column":8},"end":{"line":32,"column":10}},"9":{"start":{"line":16,"column":12},"end":{"line":31,"column":13}},"10":{"start":{"line":17,"column":16},"end":{"line":17,"column":42}},"11":{"start":{"line":18,"column":16},"end":{"line":18,"column":33}},"12":{"start":{"line":20,"column":16},"end":{"line":20,"column":31}},"13":{"start":{"line":21,"column":16},"end":{"line":29,"column":17}},"14":{"start":{"line":22,"column":20},"end":{"line":27,"column":21}},"15":{"start":{"line":23,"column":24},"end":{"line":23,"column":102}},"16":{"start":{"line":24,"column":24},"end":{"line":26,"column":25}},"17":{"start":{"line":25,"column":28},"end":{"line":25,"column":60}},"18":{"start":{"line":30,"column":16},"end":{"line":30,"column":47}},"19":{"start":{"line":36,"column":4},"end":{"line":61,"column":7}},"20":{"start":{"line":38,"column":8},"end":{"line":58,"column":9}},"21":{"start":{"line":39,"column":12},"end":{"line":39,"column":63}},"22":{"start":{"line":42,"column":19},"end":{"line":42,"column":34}},"23":{"start":{"line":43,"column":22},"end":{"line":43,"column":61}},"24":{"start":{"line":44,"column":8},"end":{"line":44,"column":27}},"25":{"start":{"line":45,"column":8},"end":{"line":45,"column":24}},"26":{"start":{"line":46,"column":8},"end":{"line":46,"column":41}},"27":{"start":{"line":47,"column":21},"end":{"line":49,"column":9}},"28":{"start":{"line":50,"column":8},"end":{"line":57,"column":9}},"29":{"start":{"line":51,"column":12},"end":{"line":51,"column":80}},"30":{"start":{"line":52,"column":12},"end":{"line":52,"column":49}},"31":{"start":{"line":54,"column":12},"end":{"line":54,"column":68}},"32":{"start":{"line":55,"column":12},"end":{"line":55,"column":62}},"33":{"start":{"line":56,"column":12},"end":{"line":56,"column":22}},"34":{"start":{"line":65,"column":4},"end":{"line":86,"column":6}},"35":{"start":{"line":66,"column":8},"end":{"line":68,"column":9}},"36":{"start":{"line":67,"column":12},"end":{"line":67,"column":63}},"37":{"start":{"line":69,"column":8},"end":{"line":69,"column":25}},"38":{"start":{"line":71,"column":8},"end":{"line":71,"column":25}},"39":{"start":{"line":72,"column":8},"end":{"line":72,"column":23}},"40":{"start":{"line":73,"column":21},"end":{"line":75,"column":9}},"41":{"start":{"line":76,"column":8},"end":{"line":84,"column":9}},"42":{"start":{"line":77,"column":12},"end":{"line":77,"column":80}},"43":{"start":{"line":79,"column":12},"end":{"line":79,"column":59}},"44":{"start":{"line":81,"column":12},"end":{"line":81,"column":77}},"45":{"start":{"line":82,"column":12},"end":{"line":82,"column":84}},"46":{"start":{"line":83,"column":12},"end":{"line":83,"column":22}},"47":{"start":{"line":89,"column":4},"end":{"line":92,"column":5}},"48":{"start":{"line":90,"column":8},"end":{"line":90,"column":81}}},"fnMap":{"0":{"name":"(anonymous_0)","decl":{"start":{"line":2,"column":17},"end":{"line":2,"column":18}},"loc":{"start":{"line":2,"column":42},"end":{"line":93,"column":1}},"line":2},"1":{"name":"(anonymous_1)","decl":{"start":{"line":10,"column":32},"end":{"line":10,"column":33}},"loc":{"start":{"line":10,"column":46},"end":{"line":33,"column":5}},"line":10},"2":{"name":"(anonymous_2)","decl":{"start":{"line":15,"column":30},"end":{"line":15,"column":31}},"loc":{"start":{"line":15,"column":59},"end":{"line":32,"column":9}},"line":15},"3":{"name":"(anonymous_3)","decl":{"start":{"line":36,"column":28},"end":{"line":36,"column":29}},"loc":{"start":{"line":36,"column":54},"end":{"line":61,"column":5}},"line":36},"4":{"name":"(anonymous_4)","decl":{"start":{"line":65,"column":34},"end":{"line":65,"column":35}},"loc":{"start":{"line":65,"column":60},"end":{"line":86,"column":5}},"line":65},"5":{"name":"(anonymous_5)","decl":{"start":{"line":89,"column":43},"end":{"line":89,"column":44}},"loc":{"start":{"line":89,"column":57},"end":{"line":91,"column":5}},"line":89}},"branchMap":{"0":{"loc":{"start":{"line":16,"column":12},"end":{"line":31,"column":13}},"type":"if","locations":[{"start":{"line":16,"column":12},"end":{"line":31,"column":13}},{"start":{"line":19,"column":19},"end":{"line":31,"column":13}}],"line":16},"1":{"loc":{"start":{"line":22,"column":20},"end":{"line":27,"column":21}},"type":"if","locations":[{"start":{"line":22,"column":20},"end":{"line":27,"column":21}},{"start":{},"end":{}}],"line":22},"2":{"loc":{"start":{"line":24,"column":24},"end":{"line":26,"column":25}},"type":"if","locations":[{"start":{"line":24,"column":24},"end":{"line":26,"column":25}},{"start":{},"end":{}}],"line":24},"3":{"loc":{"start":{"line":38,"column":8},"end":{"line":58,"column":9}},"type":"if","locations":[{"start":{"line":38,"column":8},"end":{"line":58,"column":9}},{"start":{"line":41,"column":13},"end":{"line":58,"column":9}}],"line":38},"4":{"loc":{"start":{"line":38,"column":11},"end":{"line":38,"column":76}},"type":"binary-expr","locations":[{"start":{"line":38,"column":11},"end":{"line":38,"column":39}},{"start":{"line":38,"column":43},"end":{"line":38,"column":76}}],"line":38},"5":{"loc":{"start":{"line":66,"column":8},"end":{"line":68,"column":9}},"type":"if","locations":[{"start":{"line":66,"column":8},"end":{"line":68,"column":9}},{"start":{},"end":{}}],"line":66},"6":{"loc":{"start":{"line":66,"column":11},"end":{"line":66,"column":58}},"type":"binary-expr","locations":[{"start":{"line":66,"column":11},"end":{"line":66,"column":35}},{"start":{"line":66,"column":39},"end":{"line":66,"column":58}}],"line":66}},"s":{"0":1,"1":0,"2":0,"3":0,"4":0,"5":0,"6":0,"7":0,"8":0,"9":0,"10":0,"11":0,"12":0,"13":0,"14":0,"15":0,"16":0,"17":0,"18":0,"19":0,"20":0,"21":0,"22":0,"23":0,"24":0,"25":0,"26":0,"27":0,"28":0,"29":0,"30":0,"31":0,"32":0,"33":0,"34":0,"35":0,"36":0,"37":0,"38":0,"39":0,"40":0,"41":0,"42":0,"43":0,"44":0,"45":0,"46":0,"47":0,"48":0},"f":{"0":0,"1":0,"2":0,"3":0,"4":0,"5":0},"b":{"0":[0,0],"1":[0,0],"2":[0,0],"3":[0,0],"4":[0,0],"5":[0,0],"6":[0,0]},"_coverageSchema":"1a1c01bbd47fc00a2c39e90264f33305004495a9","hash":"fca4d940b1ff117943454dce6657e101d9c4ab04"}
,"/mnt/c/Users/nicol/Desktop/UNIVERSITA'/INGEGNERIA DEL SOFTWARE 2/PingPov/PingPov/api/ranking.js": {"path":"/mnt/c/Users/nicol/Desktop/UNIVERSITA'/INGEGNERIA DEL SOFTWARE 2/PingPov/PingPov/api/ranking.js","statementMap":{"0":{"start":{"line":1,"column":0},"end":{"line":28,"column":1}},"1":{"start":{"line":2,"column":25},"end":{"line":2,"column":50}},"2":{"start":{"line":3,"column":17},"end":{"line":3,"column":34}},"3":{"start":{"line":7,"column":0},"end":{"line":18,"column":8}},"4":{"start":{"line":9,"column":12},"end":{"line":17,"column":15}},"5":{"start":{"line":10,"column":16},"end":{"line":16,"column":17}},"6":{"start":{"line":11,"column":20},"end":{"line":11,"column":74}},"7":{"start":{"line":12,"column":20},"end":{"line":12,"column":37}},"8":{"start":{"line":15,"column":20},"end":{"line":15,"column":48}},"9":{"start":{"line":20,"column":0},"end":{"line":26,"column":3}},"10":{"start":{"line":22,"column":4},"end":{"line":22,"column":67}}},"fnMap":{"0":{"name":"(anonymous_0)","decl":{"start":{"line":1,"column":17},"end":{"line":1,"column":18}},"loc":{"start":{"line":1,"column":42},"end":{"line":28,"column":1}},"line":1},"1":{"name":"(anonymous_1)","decl":{"start":{"line":7,"column":23},"end":{"line":7,"column":24}},"loc":{"start":{"line":7,"column":48},"end":{"line":18,"column":6}},"line":7},"2":{"name":"(anonymous_2)","decl":{"start":{"line":9,"column":49},"end":{"line":9,"column":50}},"loc":{"start":{"line":9,"column":72},"end":{"line":17,"column":13}},"line":9},"3":{"name":"(anonymous_3)","decl":{"start":{"line":20,"column":19},"end":{"line":20,"column":20}},"loc":{"start":{"line":20,"column":33},"end":{"line":26,"column":1}},"line":20}},"branchMap":{"0":{"loc":{"start":{"line":10,"column":16},"end":{"line":16,"column":17}},"type":"if","locations":[{"start":{"line":10,"column":16},"end":{"line":16,"column":17}},{"start":{"line":14,"column":20},"end":{"line":16,"column":17}}],"line":10}},"s":{"0":1,"1":0,"2":0,"3":0,"4":0,"5":0,"6":0,"7":0,"8":0,"9":0,"10":0},"f":{"0":0,"1":0,"2":0,"3":0},"b":{"0":[0,0]},"_coverageSchema":"1a1c01bbd47fc00a2c39e90264f33305004495a9","hash":"ef9f9fc4162fa784ee6ad79ea5c421d8317f6e2e"}
,"/mnt/c/Users/nicol/Desktop/UNIVERSITA'/INGEGNERIA DEL SOFTWARE 2/PingPov/PingPov/api/tokenChecker.js": {"path":"/mnt/c/Users/nicol/Desktop/UNIVERSITA'/INGEGNERIA DEL SOFTWARE 2/PingPov/PingPov/api/tokenChecker.js","statementMap":{"0":{"start":{"line":1,"column":12},"end":{"line":1,"column":35}},"1":{"start":{"line":3,"column":21},"end":{"line":25,"column":3}},"2":{"start":{"line":5,"column":13},"end":{"line":5,"column":104}},"3":{"start":{"line":8,"column":1},"end":{"line":11,"column":2}},"4":{"start":{"line":9,"column":2},"end":{"line":9,"column":13}},"5":{"start":{"line":10,"column":4},"end":{"line":10,"column":57}},"6":{"start":{"line":14,"column":1},"end":{"line":23,"column":4}},"7":{"start":{"line":15,"column":3},"end":{"line":22,"column":4}},"8":{"start":{"line":16,"column":2},"end":{"line":16,"column":13}},"9":{"start":{"line":17,"column":2},"end":{"line":17,"column":55}},"10":{"start":{"line":20,"column":2},"end":{"line":20,"column":26}},"11":{"start":{"line":21,"column":2},"end":{"line":21,"column":9}},"12":{"start":{"line":27,"column":0},"end":{"line":27,"column":29}}},"fnMap":{"0":{"name":"(anonymous_0)","decl":{"start":{"line":3,"column":21},"end":{"line":3,"column":22}},"loc":{"start":{"line":3,"column":45},"end":{"line":25,"column":3}},"line":3},"1":{"name":"(anonymous_1)","decl":{"start":{"line":14,"column":45},"end":{"line":14,"column":46}},"loc":{"start":{"line":14,"column":68},"end":{"line":23,"column":2}},"line":14}},"branchMap":{"0":{"loc":{"start":{"line":5,"column":13},"end":{"line":5,"column":104}},"type":"binary-expr","locations":[{"start":{"line":5,"column":13},"end":{"line":5,"column":27}},{"start":{"line":5,"column":31},"end":{"line":5,"column":46}},{"start":{"line":5,"column":50},"end":{"line":5,"column":70}},{"start":{"line":5,"column":74},"end":{"line":5,"column":83}},{"start":{"line":5,"column":87},"end":{"line":5,"column":104}}],"line":5},"1":{"loc":{"start":{"line":8,"column":1},"end":{"line":11,"column":2}},"type":"if","locations":[{"start":{"line":8,"column":1},"end":{"line":11,"column":2}},{"start":{},"end":{}}],"line":8},"2":{"loc":{"start":{"line":15,"column":3},"end":{"line":22,"column":4}},"type":"if","locations":[{"start":{"line":15,"column":3},"end":{"line":22,"column":4}},{"start":{"line":18,"column":10},"end":{"line":22,"column":4}}],"line":15}},"s":{"0":1,"1":1,"2":0,"3":0,"4":0,"5":0,"6":0,"7":0,"8":0,"9":0,"10":0,"11":0,"12":1},"f":{"0":0,"1":0},"b":{"0":[0,0,0,0,0],"1":[0,0],"2":[0,0]},"_coverageSchema":"1a1c01bbd47fc00a2c39e90264f33305004495a9","hash":"1861db70a619855ba2f67b0a8adf795de100713b"}
,"/mnt/c/Users/nicol/Desktop/UNIVERSITA'/INGEGNERIA DEL SOFTWARE 2/PingPov/PingPov/api/tornei.js": {"path":"/mnt/c/Users/nicol/Desktop/UNIVERSITA'/INGEGNERIA DEL SOFTWARE 2/PingPov/PingPov/api/tornei.js","statementMap":{"0":{"start":{"line":1,"column":16},"end":{"line":1,"column":37}},"1":{"start":{"line":2,"column":15},"end":{"line":2,"column":41}},"2":{"start":{"line":4,"column":0},"end":{"line":194,"column":1}},"3":{"start":{"line":5,"column":25},"end":{"line":5,"column":50}},"4":{"start":{"line":8,"column":4},"end":{"line":16,"column":6}},"5":{"start":{"line":9,"column":8},"end":{"line":15,"column":10}},"6":{"start":{"line":10,"column":12},"end":{"line":14,"column":13}},"7":{"start":{"line":11,"column":16},"end":{"line":11,"column":72}},"8":{"start":{"line":13,"column":16},"end":{"line":13,"column":44}},"9":{"start":{"line":18,"column":4},"end":{"line":46,"column":7}},"10":{"start":{"line":19,"column":8},"end":{"line":19,"column":29}},"11":{"start":{"line":20,"column":29},"end":{"line":27,"column":10}},"12":{"start":{"line":28,"column":8},"end":{"line":31,"column":9}},"13":{"start":{"line":30,"column":12},"end":{"line":30,"column":80}},"14":{"start":{"line":32,"column":8},"end":{"line":36,"column":9}},"15":{"start":{"line":35,"column":12},"end":{"line":35,"column":58}},"16":{"start":{"line":37,"column":8},"end":{"line":39,"column":9}},"17":{"start":{"line":38,"column":12},"end":{"line":38,"column":51}},"18":{"start":{"line":41,"column":8},"end":{"line":43,"column":9}},"19":{"start":{"line":42,"column":12},"end":{"line":42,"column":62}},"20":{"start":{"line":44,"column":8},"end":{"line":44,"column":70}},"21":{"start":{"line":44,"column":39},"end":{"line":44,"column":68}},"22":{"start":{"line":45,"column":8},"end":{"line":45,"column":69}},"23":{"start":{"line":50,"column":4},"end":{"line":73,"column":7}},"24":{"start":{"line":51,"column":28},"end":{"line":51,"column":48}},"25":{"start":{"line":52,"column":19},"end":{"line":52,"column":31}},"26":{"start":{"line":53,"column":8},"end":{"line":55,"column":9}},"27":{"start":{"line":54,"column":12},"end":{"line":54,"column":56}},"28":{"start":{"line":56,"column":8},"end":{"line":72,"column":9}},"29":{"start":{"line":57,"column":25},"end":{"line":57,"column":50}},"30":{"start":{"line":58,"column":12},"end":{"line":60,"column":13}},"31":{"start":{"line":59,"column":16},"end":{"line":59,"column":64}},"32":{"start":{"line":61,"column":12},"end":{"line":67,"column":13}},"33":{"start":{"line":62,"column":16},"end":{"line":62,"column":51}},"34":{"start":{"line":63,"column":16},"end":{"line":63,"column":30}},"35":{"start":{"line":64,"column":16},"end":{"line":64,"column":69}},"36":{"start":{"line":66,"column":16},"end":{"line":66,"column":60}},"37":{"start":{"line":70,"column":12},"end":{"line":70,"column":79}},"38":{"start":{"line":75,"column":4},"end":{"line":95,"column":7}},"39":{"start":{"line":76,"column":28},"end":{"line":76,"column":48}},"40":{"start":{"line":77,"column":17},"end":{"line":77,"column":29}},"41":{"start":{"line":78,"column":8},"end":{"line":80,"column":9}},"42":{"start":{"line":79,"column":12},"end":{"line":79,"column":56}},"43":{"start":{"line":81,"column":8},"end":{"line":94,"column":9}},"44":{"start":{"line":82,"column":25},"end":{"line":82,"column":50}},"45":{"start":{"line":83,"column":12},"end":{"line":91,"column":13}},"46":{"start":{"line":84,"column":28},"end":{"line":84,"column":65}},"47":{"start":{"line":85,"column":16},"end":{"line":85,"column":49}},"48":{"start":{"line":86,"column":16},"end":{"line":86,"column":70}},"49":{"start":{"line":87,"column":16},"end":{"line":87,"column":30}},"50":{"start":{"line":88,"column":16},"end":{"line":88,"column":69}},"51":{"start":{"line":90,"column":16},"end":{"line":90,"column":73}},"52":{"start":{"line":93,"column":12},"end":{"line":93,"column":73}},"53":{"start":{"line":96,"column":4},"end":{"line":108,"column":7}},"54":{"start":{"line":97,"column":17},"end":{"line":97,"column":30}},"55":{"start":{"line":98,"column":8},"end":{"line":100,"column":9}},"56":{"start":{"line":99,"column":12},"end":{"line":99,"column":56}},"57":{"start":{"line":101,"column":8},"end":{"line":107,"column":10}},"58":{"start":{"line":102,"column":12},"end":{"line":106,"column":13}},"59":{"start":{"line":103,"column":16},"end":{"line":103,"column":51}},"60":{"start":{"line":105,"column":16},"end":{"line":105,"column":64}},"61":{"start":{"line":111,"column":4},"end":{"line":125,"column":6}},"62":{"start":{"line":112,"column":17},"end":{"line":112,"column":30}},"63":{"start":{"line":113,"column":19},"end":{"line":113,"column":39}},"64":{"start":{"line":114,"column":21},"end":{"line":114,"column":46}},"65":{"start":{"line":115,"column":8},"end":{"line":117,"column":9}},"66":{"start":{"line":116,"column":12},"end":{"line":116,"column":61}},"67":{"start":{"line":118,"column":8},"end":{"line":124,"column":9}},"68":{"start":{"line":119,"column":12},"end":{"line":121,"column":14}},"69":{"start":{"line":120,"column":16},"end":{"line":120,"column":78}},"70":{"start":{"line":123,"column":12},"end":{"line":123,"column":62}},"71":{"start":{"line":127,"column":0},"end":{"line":136,"column":2}},"72":{"start":{"line":128,"column":13},"end":{"line":128,"column":26}},"73":{"start":{"line":129,"column":4},"end":{"line":135,"column":6}},"74":{"start":{"line":130,"column":8},"end":{"line":134,"column":9}},"75":{"start":{"line":131,"column":12},"end":{"line":131,"column":50}},"76":{"start":{"line":133,"column":12},"end":{"line":133,"column":37}},"77":{"start":{"line":138,"column":0},"end":{"line":167,"column":2}},"78":{"start":{"line":139,"column":13},"end":{"line":139,"column":26}},"79":{"start":{"line":140,"column":4},"end":{"line":140,"column":25}},"80":{"start":{"line":141,"column":4},"end":{"line":165,"column":6}},"81":{"start":{"line":142,"column":8},"end":{"line":144,"column":9}},"82":{"start":{"line":143,"column":12},"end":{"line":143,"column":77}},"83":{"start":{"line":145,"column":37},"end":{"line":145,"column":42}},"84":{"start":{"line":146,"column":8},"end":{"line":149,"column":9}},"85":{"start":{"line":147,"column":12},"end":{"line":148,"column":44}},"86":{"start":{"line":150,"column":8},"end":{"line":156,"column":9}},"87":{"start":{"line":150,"column":21},"end":{"line":150,"column":22}},"88":{"start":{"line":151,"column":12},"end":{"line":155,"column":13}},"89":{"start":{"line":152,"column":16},"end":{"line":152,"column":46}},"90":{"start":{"line":153,"column":16},"end":{"line":153,"column":48}},"91":{"start":{"line":154,"column":16},"end":{"line":154,"column":22}},"92":{"start":{"line":157,"column":8},"end":{"line":163,"column":9}},"93":{"start":{"line":158,"column":12},"end":{"line":158,"column":98}},"94":{"start":{"line":160,"column":21},"end":{"line":160,"column":113}},"95":{"start":{"line":161,"column":12},"end":{"line":161,"column":82}},"96":{"start":{"line":162,"column":12},"end":{"line":162,"column":75}},"97":{"start":{"line":172,"column":0},"end":{"line":175,"column":2}},"98":{"start":{"line":173,"column":4},"end":{"line":173,"column":26}},"99":{"start":{"line":174,"column":4},"end":{"line":174,"column":63}},"100":{"start":{"line":177,"column":0},"end":{"line":179,"column":3}},"101":{"start":{"line":178,"column":4},"end":{"line":178,"column":63}},"102":{"start":{"line":181,"column":0},"end":{"line":193,"column":3}},"103":{"start":{"line":182,"column":4},"end":{"line":192,"column":6}},"104":{"start":{"line":183,"column":8},"end":{"line":191,"column":9}},"105":{"start":{"line":184,"column":12},"end":{"line":188,"column":13}},"106":{"start":{"line":185,"column":16},"end":{"line":185,"column":94}},"107":{"start":{"line":187,"column":16},"end":{"line":187,"column":94}},"108":{"start":{"line":190,"column":12},"end":{"line":190,"column":37}}},"fnMap":{"0":{"name":"(anonymous_0)","decl":{"start":{"line":4,"column":16},"end":{"line":4,"column":17}},"loc":{"start":{"line":4,"column":30},"end":{"line":194,"column":1}},"line":4},"1":{"name":"(anonymous_1)","decl":{"start":{"line":8,"column":26},"end":{"line":8,"column":27}},"loc":{"start":{"line":8,"column":39},"end":{"line":16,"column":5}},"line":8},"2":{"name":"(anonymous_2)","decl":{"start":{"line":9,"column":24},"end":{"line":9,"column":25}},"loc":{"start":{"line":9,"column":47},"end":{"line":15,"column":9}},"line":9},"3":{"name":"(anonymous_3)","decl":{"start":{"line":18,"column":41},"end":{"line":18,"column":42}},"loc":{"start":{"line":18,"column":55},"end":{"line":46,"column":5}},"line":18},"4":{"name":"(anonymous_4)","decl":{"start":{"line":44,"column":33},"end":{"line":44,"column":34}},"loc":{"start":{"line":44,"column":39},"end":{"line":44,"column":68}},"line":44},"5":{"name":"(anonymous_5)","decl":{"start":{"line":50,"column":53},"end":{"line":50,"column":54}},"loc":{"start":{"line":50,"column":79},"end":{"line":73,"column":5}},"line":50},"6":{"name":"(anonymous_6)","decl":{"start":{"line":75,"column":55},"end":{"line":75,"column":56}},"loc":{"start":{"line":75,"column":81},"end":{"line":95,"column":5}},"line":75},"7":{"name":"(anonymous_7)","decl":{"start":{"line":96,"column":30},"end":{"line":96,"column":31}},"loc":{"start":{"line":96,"column":56},"end":{"line":108,"column":5}},"line":96},"8":{"name":"(anonymous_8)","decl":{"start":{"line":101,"column":40},"end":{"line":101,"column":41}},"loc":{"start":{"line":101,"column":57},"end":{"line":107,"column":9}},"line":101},"9":{"name":"(anonymous_9)","decl":{"start":{"line":111,"column":47},"end":{"line":111,"column":48}},"loc":{"start":{"line":111,"column":73},"end":{"line":125,"column":5}},"line":111},"10":{"name":"(anonymous_10)","decl":{"start":{"line":119,"column":42},"end":{"line":119,"column":43}},"loc":{"start":{"line":119,"column":63},"end":{"line":121,"column":13}},"line":119},"11":{"name":"(anonymous_11)","decl":{"start":{"line":127,"column":36},"end":{"line":127,"column":37}},"loc":{"start":{"line":127,"column":62},"end":{"line":136,"column":1}},"line":127},"12":{"name":"(anonymous_12)","decl":{"start":{"line":129,"column":55},"end":{"line":129,"column":56}},"loc":{"start":{"line":129,"column":72},"end":{"line":135,"column":5}},"line":129},"13":{"name":"(anonymous_13)","decl":{"start":{"line":138,"column":51},"end":{"line":138,"column":52}},"loc":{"start":{"line":138,"column":77},"end":{"line":167,"column":1}},"line":138},"14":{"name":"(anonymous_14)","decl":{"start":{"line":141,"column":55},"end":{"line":141,"column":56}},"loc":{"start":{"line":141,"column":78},"end":{"line":165,"column":5}},"line":141},"15":{"name":"(anonymous_15)","decl":{"start":{"line":172,"column":33},"end":{"line":172,"column":34}},"loc":{"start":{"line":172,"column":47},"end":{"line":175,"column":1}},"line":172},"16":{"name":"(anonymous_16)","decl":{"start":{"line":177,"column":30},"end":{"line":177,"column":31}},"loc":{"start":{"line":177,"column":44},"end":{"line":179,"column":1}},"line":177},"17":{"name":"(anonymous_17)","decl":{"start":{"line":181,"column":37},"end":{"line":181,"column":38}},"loc":{"start":{"line":181,"column":51},"end":{"line":193,"column":1}},"line":181},"18":{"name":"(anonymous_18)","decl":{"start":{"line":182,"column":55},"end":{"line":182,"column":56}},"loc":{"start":{"line":182,"column":72},"end":{"line":192,"column":5}},"line":182}},"branchMap":{"0":{"loc":{"start":{"line":10,"column":12},"end":{"line":14,"column":13}},"type":"if","locations":[{"start":{"line":10,"column":12},"end":{"line":14,"column":13}},{"start":{"line":12,"column":19},"end":{"line":14,"column":13}}],"line":10},"1":{"loc":{"start":{"line":28,"column":8},"end":{"line":31,"column":9}},"type":"if","locations":[{"start":{"line":28,"column":8},"end":{"line":31,"column":9}},{"start":{},"end":{}}],"line":28},"2":{"loc":{"start":{"line":28,"column":12},"end":{"line":29,"column":115}},"type":"binary-expr","locations":[{"start":{"line":28,"column":12},"end":{"line":28,"column":56}},{"start":{"line":28,"column":60},"end":{"line":28,"column":97}},{"start":{"line":28,"column":101},"end":{"line":28,"column":138}},{"start":{"line":29,"column":15},"end":{"line":29,"column":67}},{"start":{"line":29,"column":71},"end":{"line":29,"column":115}}],"line":28},"3":{"loc":{"start":{"line":32,"column":8},"end":{"line":36,"column":9}},"type":"if","locations":[{"start":{"line":32,"column":8},"end":{"line":36,"column":9}},{"start":{},"end":{}}],"line":32},"4":{"loc":{"start":{"line":32,"column":12},"end":{"line":34,"column":77}},"type":"binary-expr","locations":[{"start":{"line":32,"column":12},"end":{"line":32,"column":38}},{"start":{"line":32,"column":42},"end":{"line":32,"column":61}},{"start":{"line":32,"column":65},"end":{"line":32,"column":97}},{"start":{"line":33,"column":13},"end":{"line":33,"column":37}},{"start":{"line":33,"column":41},"end":{"line":33,"column":65}},{"start":{"line":33,"column":70},"end":{"line":33,"column":103}},{"start":{"line":33,"column":107},"end":{"line":33,"column":139}},{"start":{"line":34,"column":13},"end":{"line":34,"column":42}},{"start":{"line":34,"column":46},"end":{"line":34,"column":76}}],"line":32},"5":{"loc":{"start":{"line":37,"column":8},"end":{"line":39,"column":9}},"type":"if","locations":[{"start":{"line":37,"column":8},"end":{"line":39,"column":9}},{"start":{},"end":{}}],"line":37},"6":{"loc":{"start":{"line":41,"column":8},"end":{"line":43,"column":9}},"type":"if","locations":[{"start":{"line":41,"column":8},"end":{"line":43,"column":9}},{"start":{},"end":{}}],"line":41},"7":{"loc":{"start":{"line":53,"column":8},"end":{"line":55,"column":9}},"type":"if","locations":[{"start":{"line":53,"column":8},"end":{"line":55,"column":9}},{"start":{},"end":{}}],"line":53},"8":{"loc":{"start":{"line":58,"column":12},"end":{"line":60,"column":13}},"type":"if","locations":[{"start":{"line":58,"column":12},"end":{"line":60,"column":13}},{"start":{},"end":{}}],"line":58},"9":{"loc":{"start":{"line":61,"column":12},"end":{"line":67,"column":13}},"type":"if","locations":[{"start":{"line":61,"column":12},"end":{"line":67,"column":13}},{"start":{"line":65,"column":19},"end":{"line":67,"column":13}}],"line":61},"10":{"loc":{"start":{"line":78,"column":8},"end":{"line":80,"column":9}},"type":"if","locations":[{"start":{"line":78,"column":8},"end":{"line":80,"column":9}},{"start":{},"end":{}}],"line":78},"11":{"loc":{"start":{"line":83,"column":12},"end":{"line":91,"column":13}},"type":"if","locations":[{"start":{"line":83,"column":12},"end":{"line":91,"column":13}},{"start":{"line":89,"column":19},"end":{"line":91,"column":13}}],"line":83},"12":{"loc":{"start":{"line":98,"column":8},"end":{"line":100,"column":9}},"type":"if","locations":[{"start":{"line":98,"column":8},"end":{"line":100,"column":9}},{"start":{},"end":{}}],"line":98},"13":{"loc":{"start":{"line":102,"column":12},"end":{"line":106,"column":13}},"type":"if","locations":[{"start":{"line":102,"column":12},"end":{"line":106,"column":13}},{"start":{"line":104,"column":19},"end":{"line":106,"column":13}}],"line":102},"14":{"loc":{"start":{"line":115,"column":8},"end":{"line":117,"column":9}},"type":"if","locations":[{"start":{"line":115,"column":8},"end":{"line":117,"column":9}},{"start":{},"end":{}}],"line":115},"15":{"loc":{"start":{"line":118,"column":8},"end":{"line":124,"column":9}},"type":"if","locations":[{"start":{"line":118,"column":8},"end":{"line":124,"column":9}},{"start":{"line":122,"column":15},"end":{"line":124,"column":9}}],"line":118},"16":{"loc":{"start":{"line":130,"column":8},"end":{"line":134,"column":9}},"type":"if","locations":[{"start":{"line":130,"column":8},"end":{"line":134,"column":9}},{"start":{"line":132,"column":15},"end":{"line":134,"column":9}}],"line":130},"17":{"loc":{"start":{"line":142,"column":8},"end":{"line":144,"column":9}},"type":"if","locations":[{"start":{"line":142,"column":8},"end":{"line":144,"column":9}},{"start":{},"end":{}}],"line":142},"18":{"loc":{"start":{"line":142,"column":11},"end":{"line":142,"column":89}},"type":"binary-expr","locations":[{"start":{"line":142,"column":11},"end":{"line":142,"column":28}},{"start":{"line":142,"column":32},"end":{"line":142,"column":49}},{"start":{"line":142,"column":53},"end":{"line":142,"column":69}},{"start":{"line":142,"column":73},"end":{"line":142,"column":89}}],"line":142},"19":{"loc":{"start":{"line":146,"column":8},"end":{"line":149,"column":9}},"type":"if","locations":[{"start":{"line":146,"column":8},"end":{"line":149,"column":9}},{"start":{},"end":{}}],"line":146},"20":{"loc":{"start":{"line":146,"column":11},"end":{"line":146,"column":102}},"type":"binary-expr","locations":[{"start":{"line":146,"column":11},"end":{"line":146,"column":55}},{"start":{"line":146,"column":58},"end":{"line":146,"column":102}}],"line":146},"21":{"loc":{"start":{"line":151,"column":12},"end":{"line":155,"column":13}},"type":"if","locations":[{"start":{"line":151,"column":12},"end":{"line":155,"column":13}},{"start":{},"end":{}}],"line":151},"22":{"loc":{"start":{"line":151,"column":16},"end":{"line":151,"column":128}},"type":"binary-expr","locations":[{"start":{"line":151,"column":16},"end":{"line":151,"column":70}},{"start":{"line":151,"column":74},"end":{"line":151,"column":128}}],"line":151},"23":{"loc":{"start":{"line":157,"column":8},"end":{"line":163,"column":9}},"type":"if","locations":[{"start":{"line":157,"column":8},"end":{"line":163,"column":9}},{"start":{"line":159,"column":15},"end":{"line":163,"column":9}}],"line":157},"24":{"loc":{"start":{"line":183,"column":8},"end":{"line":191,"column":9}},"type":"if","locations":[{"start":{"line":183,"column":8},"end":{"line":191,"column":9}},{"start":{"line":189,"column":15},"end":{"line":191,"column":9}}],"line":183},"25":{"loc":{"start":{"line":184,"column":12},"end":{"line":188,"column":13}},"type":"if","locations":[{"start":{"line":184,"column":12},"end":{"line":188,"column":13}},{"start":{"line":186,"column":19},"end":{"line":188,"column":13}}],"line":184}},"s":{"0":2,"1":2,"2":2,"3":1,"4":1,"5":0,"6":0,"7":0,"8":0,"9":0,"10":0,"11":0,"12":0,"13":0,"14":0,"15":0,"16":0,"17":0,"18":0,"19":0,"20":0,"21":0,"22":0,"23":0,"24":0,"25":0,"26":0,"27":0,"28":0,"29":0,"30":0,"31":0,"32":0,"33":0,"34":0,"35":0,"36":0,"37":0,"38":0,"39":0,"40":0,"41":0,"42":0,"43":0,"44":0,"45":0,"46":0,"47":0,"48":0,"49":0,"50":0,"51":0,"52":0,"53":0,"54":0,"55":0,"56":0,"57":0,"58":0,"59":0,"60":0,"61":0,"62":0,"63":0,"64":0,"65":0,"66":0,"67":0,"68":0,"69":0,"70":0,"71":0,"72":0,"73":0,"74":0,"75":0,"76":0,"77":0,"78":0,"79":0,"80":0,"81":0,"82":0,"83":0,"84":0,"85":0,"86":0,"87":0,"88":0,"89":0,"90":0,"91":0,"92":0,"93":0,"94":0,"95":0,"96":0,"97":0,"98":0,"99":0,"100":0,"101":0,"102":0,"103":0,"104":0,"105":0,"106":0,"107":0,"108":0},"f":{"0":1,"1":0,"2":0,"3":0,"4":0,"5":0,"6":0,"7":0,"8":0,"9":0,"10":0,"11":0,"12":0,"13":0,"14":0,"15":0,"16":0,"17":0,"18":0},"b":{"0":[0,0],"1":[0,0],"2":[0,0,0,0,0],"3":[0,0],"4":[0,0,0,0,0,0,0,0,0],"5":[0,0],"6":[0,0],"7":[0,0],"8":[0,0],"9":[0,0],"10":[0,0],"11":[0,0],"12":[0,0],"13":[0,0],"14":[0,0],"15":[0,0],"16":[0,0],"17":[0,0],"18":[0,0,0,0],"19":[0,0],"20":[0,0],"21":[0,0],"22":[0,0],"23":[0,0],"24":[0,0],"25":[0,0]},"_coverageSchema":"1a1c01bbd47fc00a2c39e90264f33305004495a9","hash":"5508a250bd3235baa0d5e6dd80e7483287d03258"}
,"/mnt/c/Users/nicol/Desktop/UNIVERSITA'/INGEGNERIA DEL SOFTWARE 2/PingPov/PingPov/api/user.js": {"path":"/mnt/c/Users/nicol/Desktop/UNIVERSITA'/INGEGNERIA DEL SOFTWARE 2/PingPov/PingPov/api/user.js","statementMap":{"0":{"start":{"line":2,"column":15},"end":{"line":2,"column":34}},"1":{"start":{"line":3,"column":13},"end":{"line":3,"column":28}},"2":{"start":{"line":6,"column":0},"end":{"line":16,"column":4}}},"fnMap":{},"branchMap":{},"s":{"0":1,"1":1,"2":1},"f":{},"b":{},"_coverageSchema":"1a1c01bbd47fc00a2c39e90264f33305004495a9","hash":"0aa587fbc409db8284ebfc51f4ce60b29eb193c5"}
,"/mnt/c/Users/nicol/Desktop/UNIVERSITA'/INGEGNERIA DEL SOFTWARE 2/PingPov/PingPov/api/models/tornei.js": {"path":"/mnt/c/Users/nicol/Desktop/UNIVERSITA'/INGEGNERIA DEL SOFTWARE 2/PingPov/PingPov/api/models/tornei.js","statementMap":{"0":{"start":{"line":1,"column":15},"end":{"line":1,"column":34}},"1":{"start":{"line":2,"column":13},"end":{"line":2,"column":28}},"2":{"start":{"line":5,"column":0},"end":{"line":13,"column":4}}},"fnMap":{},"branchMap":{},"s":{"0":2,"1":2,"2":2},"f":{},"b":{},"_coverageSchema":"1a1c01bbd47fc00a2c39e90264f33305004495a9","hash":"d999081654ce62a3fbdd75825eac46d1c7c13729"}
}
