{"/home/hydran/IDS2/PingPov/index.js": {"path":"/home/hydran/IDS2/PingPov/index.js","statementMap":{"0":{"start":{"line":2,"column":16},"end":{"line":2,"column":34}},"1":{"start":{"line":3,"column":37},"end":{"line":3,"column":55}},"2":{"start":{"line":4,"column":18},"end":{"line":4,"column":47}},"3":{"start":{"line":5,"column":24},"end":{"line":5,"column":49}},"4":{"start":{"line":6,"column":21},"end":{"line":6,"column":45}},"5":{"start":{"line":7,"column":21},"end":{"line":7,"column":45}},"6":{"start":{"line":20,"column":21},"end":{"line":20,"column":50}},"7":{"start":{"line":21,"column":17},"end":{"line":21,"column":36}},"8":{"start":{"line":23,"column":0},"end":{"line":23,"column":38}},"9":{"start":{"line":24,"column":0},"end":{"line":24,"column":26}},"10":{"start":{"line":27,"column":0},"end":{"line":27,"column":29}},"11":{"start":{"line":30,"column":12},"end":{"line":30,"column":21}},"12":{"start":{"line":34,"column":19},"end":{"line":34,"column":43}},"13":{"start":{"line":35,"column":0},"end":{"line":35,"column":30}},"14":{"start":{"line":36,"column":0},"end":{"line":36,"column":72}},"15":{"start":{"line":37,"column":0},"end":{"line":37,"column":31}},"16":{"start":{"line":38,"column":0},"end":{"line":38,"column":47}},"17":{"start":{"line":39,"column":0},"end":{"line":39,"column":30}},"18":{"start":{"line":40,"column":0},"end":{"line":40,"column":39}},"19":{"start":{"line":41,"column":0},"end":{"line":41,"column":23}},"20":{"start":{"line":44,"column":0},"end":{"line":46,"column":3}},"21":{"start":{"line":45,"column":2},"end":{"line":45,"column":46}},"22":{"start":{"line":47,"column":0},"end":{"line":49,"column":3}},"23":{"start":{"line":48,"column":2},"end":{"line":48,"column":46}},"24":{"start":{"line":50,"column":0},"end":{"line":50,"column":42}},"25":{"start":{"line":52,"column":2},"end":{"line":56,"column":3}},"26":{"start":{"line":53,"column":4},"end":{"line":53,"column":11}},"27":{"start":{"line":55,"column":4},"end":{"line":55,"column":49}},"28":{"start":{"line":58,"column":0},"end":{"line":60,"column":3}},"29":{"start":{"line":59,"column":2},"end":{"line":59,"column":27}},"30":{"start":{"line":62,"column":0},"end":{"line":62,"column":42}},"31":{"start":{"line":64,"column":0},"end":{"line":64,"column":21}}},"fnMap":{"0":{"name":"(anonymous_0)","decl":{"start":{"line":44,"column":20},"end":{"line":44,"column":21}},"loc":{"start":{"line":44,"column":40},"end":{"line":46,"column":1}},"line":44},"1":{"name":"(anonymous_1)","decl":{"start":{"line":47,"column":20},"end":{"line":47,"column":21}},"loc":{"start":{"line":47,"column":40},"end":{"line":49,"column":1}},"line":47},"2":{"name":"requireAutentication","decl":{"start":{"line":51,"column":9},"end":{"line":51,"column":29}},"loc":{"start":{"line":51,"column":46},"end":{"line":57,"column":1}},"line":51},"3":{"name":"(anonymous_3)","decl":{"start":{"line":58,"column":13},"end":{"line":58,"column":14}},"loc":{"start":{"line":58,"column":33},"end":{"line":60,"column":1}},"line":58}},"branchMap":{"0":{"loc":{"start":{"line":52,"column":2},"end":{"line":56,"column":3}},"type":"if","locations":[{"start":{"line":52,"column":2},"end":{"line":56,"column":3}},{"start":{"line":54,"column":9},"end":{"line":56,"column":3}}],"line":52},"1":{"loc":{"start":{"line":52,"column":6},"end":{"line":52,"column":72}},"type":"binary-expr","locations":[{"start":{"line":52,"column":6},"end":{"line":52,"column":35}},{"start":{"line":52,"column":39},"end":{"line":52,"column":72}}],"line":52}},"s":{"0":4,"1":4,"2":4,"3":4,"4":4,"5":4,"6":4,"7":4,"8":4,"9":4,"10":4,"11":4,"12":4,"13":4,"14":4,"15":4,"16":4,"17":4,"18":4,"19":4,"20":4,"21":0,"22":4,"23":0,"24":4,"25":0,"26":0,"27":0,"28":4,"29":0,"30":4,"31":4},"f":{"0":0,"1":0,"2":0,"3":0},"b":{"0":[0,0],"1":[0,0]},"_coverageSchema":"1a1c01bbd47fc00a2c39e90264f33305004495a9","hash":"3a698beac88d92af21abf76c719649dda17bb0b8"}
,"/home/hydran/IDS2/PingPov/api/api_index.js": {"path":"/home/hydran/IDS2/PingPov/api/api_index.js","statementMap":{"0":{"start":{"line":2,"column":16},"end":{"line":2,"column":41}},"1":{"start":{"line":3,"column":18},"end":{"line":3,"column":37}},"2":{"start":{"line":4,"column":24},"end":{"line":4,"column":49}},"3":{"start":{"line":5,"column":17},"end":{"line":5,"column":35}},"4":{"start":{"line":6,"column":29},"end":{"line":6,"column":59}},"5":{"start":{"line":7,"column":23},"end":{"line":7,"column":43}},"6":{"start":{"line":8,"column":26},"end":{"line":8,"column":53}},"7":{"start":{"line":10,"column":0},"end":{"line":18,"column":2}},"8":{"start":{"line":11,"column":2},"end":{"line":11,"column":15}},"9":{"start":{"line":12,"column":2},"end":{"line":12,"column":26}},"10":{"start":{"line":13,"column":2},"end":{"line":13,"column":32}},"11":{"start":{"line":14,"column":2},"end":{"line":14,"column":25}},"12":{"start":{"line":15,"column":2},"end":{"line":15,"column":37}},"13":{"start":{"line":16,"column":2},"end":{"line":16,"column":30}},"14":{"start":{"line":17,"column":2},"end":{"line":17,"column":34}}},"fnMap":{"0":{"name":"(anonymous_0)","decl":{"start":{"line":10,"column":17},"end":{"line":10,"column":18}},"loc":{"start":{"line":10,"column":40},"end":{"line":18,"column":1}},"line":10}},"branchMap":{},"s":{"0":4,"1":4,"2":4,"3":4,"4":4,"5":4,"6":4,"7":4,"8":4,"9":4,"10":4,"11":4,"12":4,"13":4,"14":4},"f":{"0":4},"b":{},"_coverageSchema":"1a1c01bbd47fc00a2c39e90264f33305004495a9","hash":"58f0afda4b337fcbc1f2372baafe3bfed1a06d37"}
,"/home/hydran/IDS2/PingPov/api/autenticazione.js": {"path":"/home/hydran/IDS2/PingPov/api/autenticazione.js","statementMap":{"0":{"start":{"line":1,"column":13},"end":{"line":1,"column":37}},"1":{"start":{"line":2,"column":12},"end":{"line":2,"column":35}},"2":{"start":{"line":8,"column":0},"end":{"line":50,"column":1}},"3":{"start":{"line":12,"column":4},"end":{"line":49,"column":7}},"4":{"start":{"line":14,"column":19},"end":{"line":16,"column":17}},"5":{"start":{"line":18,"column":8},"end":{"line":20,"column":9}},"6":{"start":{"line":19,"column":12},"end":{"line":19,"column":111}},"7":{"start":{"line":22,"column":8},"end":{"line":24,"column":9}},"8":{"start":{"line":23,"column":12},"end":{"line":23,"column":117}},"9":{"start":{"line":26,"column":8},"end":{"line":28,"column":9}},"10":{"start":{"line":27,"column":12},"end":{"line":27,"column":149}},"11":{"start":{"line":30,"column":8},"end":{"line":32,"column":9}},"12":{"start":{"line":31,"column":12},"end":{"line":31,"column":111}},"13":{"start":{"line":35,"column":22},"end":{"line":38,"column":9}},"14":{"start":{"line":39,"column":22},"end":{"line":41,"column":9}},"15":{"start":{"line":42,"column":20},"end":{"line":42,"column":72}},"16":{"start":{"line":44,"column":8},"end":{"line":48,"column":11}}},"fnMap":{"0":{"name":"(anonymous_0)","decl":{"start":{"line":8,"column":17},"end":{"line":8,"column":18}},"loc":{"start":{"line":8,"column":31},"end":{"line":50,"column":1}},"line":8},"1":{"name":"(anonymous_1)","decl":{"start":{"line":12,"column":35},"end":{"line":12,"column":36}},"loc":{"start":{"line":12,"column":60},"end":{"line":49,"column":5}},"line":12}},"branchMap":{"0":{"loc":{"start":{"line":18,"column":8},"end":{"line":20,"column":9}},"type":"if","locations":[{"start":{"line":18,"column":8},"end":{"line":20,"column":9}},{"start":{},"end":{}}],"line":18},"1":{"loc":{"start":{"line":22,"column":8},"end":{"line":24,"column":9}},"type":"if","locations":[{"start":{"line":22,"column":8},"end":{"line":24,"column":9}},{"start":{},"end":{}}],"line":22},"2":{"loc":{"start":{"line":26,"column":8},"end":{"line":28,"column":9}},"type":"if","locations":[{"start":{"line":26,"column":8},"end":{"line":28,"column":9}},{"start":{},"end":{}}],"line":26},"3":{"loc":{"start":{"line":26,"column":12},"end":{"line":26,"column":56}},"type":"binary-expr","locations":[{"start":{"line":26,"column":12},"end":{"line":26,"column":33}},{"start":{"line":26,"column":37},"end":{"line":26,"column":56}}],"line":26},"4":{"loc":{"start":{"line":30,"column":8},"end":{"line":32,"column":9}},"type":"if","locations":[{"start":{"line":30,"column":8},"end":{"line":32,"column":9}},{"start":{},"end":{}}],"line":30}},"s":{"0":4,"1":4,"2":4,"3":4,"4":2,"5":2,"6":0,"7":2,"8":0,"9":2,"10":0,"11":2,"12":0,"13":2,"14":2,"15":2,"16":2},"f":{"0":4,"1":2},"b":{"0":[0,2],"1":[0,2],"2":[0,2],"3":[2,2],"4":[0,2]},"_coverageSchema":"1a1c01bbd47fc00a2c39e90264f33305004495a9","hash":"754b227ed64db92ef5ad50a54d0721d504cfdc56"}
,"/home/hydran/IDS2/PingPov/api/google_login.js": {"path":"/home/hydran/IDS2/PingPov/api/google_login.js","statementMap":{"0":{"start":{"line":1,"column":0},"end":{"line":115,"column":1}},"1":{"start":{"line":2,"column":16},"end":{"line":2,"column":39}},"2":{"start":{"line":3,"column":21},"end":{"line":3,"column":43}},"3":{"start":{"line":4,"column":4},"end":{"line":4,"column":31}},"4":{"start":{"line":5,"column":4},"end":{"line":5,"column":55}},"5":{"start":{"line":6,"column":25},"end":{"line":6,"column":50}},"6":{"start":{"line":8,"column":4},"end":{"line":8,"column":31}},"7":{"start":{"line":10,"column":17},"end":{"line":10,"column":41}},"8":{"start":{"line":15,"column":4},"end":{"line":30,"column":7}},"9":{"start":{"line":18,"column":19},"end":{"line":18,"column":76}},"10":{"start":{"line":19,"column":8},"end":{"line":29,"column":9}},"11":{"start":{"line":21,"column":12},"end":{"line":21,"column":60}},"12":{"start":{"line":23,"column":29},"end":{"line":23,"column":50}},"13":{"start":{"line":24,"column":12},"end":{"line":24,"column":77}},"14":{"start":{"line":26,"column":12},"end":{"line":26,"column":37}},"15":{"start":{"line":27,"column":29},"end":{"line":27,"column":44}},"16":{"start":{"line":28,"column":12},"end":{"line":28,"column":51}},"17":{"start":{"line":31,"column":4},"end":{"line":31,"column":74}},"18":{"start":{"line":31,"column":44},"end":{"line":31,"column":72}},"19":{"start":{"line":34,"column":4},"end":{"line":53,"column":7}},"20":{"start":{"line":35,"column":8},"end":{"line":37,"column":9}},"21":{"start":{"line":36,"column":12},"end":{"line":36,"column":47}},"22":{"start":{"line":38,"column":27},"end":{"line":38,"column":85}},"23":{"start":{"line":39,"column":8},"end":{"line":41,"column":9}},"24":{"start":{"line":40,"column":12},"end":{"line":40,"column":47}},"25":{"start":{"line":42,"column":25},"end":{"line":51,"column":10}},"26":{"start":{"line":52,"column":8},"end":{"line":52,"column":73}},"27":{"start":{"line":52,"column":36},"end":{"line":52,"column":71}},"28":{"start":{"line":54,"column":4},"end":{"line":57,"column":7}},"29":{"start":{"line":55,"column":27},"end":{"line":55,"column":68}},"30":{"start":{"line":56,"column":8},"end":{"line":56,"column":85}},"31":{"start":{"line":58,"column":4},"end":{"line":64,"column":7}},"32":{"start":{"line":59,"column":27},"end":{"line":59,"column":81}},"33":{"start":{"line":60,"column":8},"end":{"line":62,"column":9}},"34":{"start":{"line":61,"column":12},"end":{"line":61,"column":53}},"35":{"start":{"line":63,"column":8},"end":{"line":63,"column":91}},"36":{"start":{"line":66,"column":4},"end":{"line":68,"column":7}},"37":{"start":{"line":67,"column":8},"end":{"line":67,"column":23}},"38":{"start":{"line":70,"column":4},"end":{"line":72,"column":7}},"39":{"start":{"line":71,"column":8},"end":{"line":71,"column":22}},"40":{"start":{"line":73,"column":27},"end":{"line":73,"column":74}},"41":{"start":{"line":76,"column":4},"end":{"line":85,"column":7}},"42":{"start":{"line":82,"column":12},"end":{"line":82,"column":34}},"43":{"start":{"line":83,"column":12},"end":{"line":83,"column":43}},"44":{"start":{"line":87,"column":4},"end":{"line":88,"column":74}},"45":{"start":{"line":90,"column":4},"end":{"line":108,"column":11}},"46":{"start":{"line":95,"column":26},"end":{"line":98,"column":13}},"47":{"start":{"line":99,"column":26},"end":{"line":101,"column":13}},"48":{"start":{"line":102,"column":24},"end":{"line":102,"column":76}},"49":{"start":{"line":103,"column":12},"end":{"line":103,"column":40}},"50":{"start":{"line":104,"column":12},"end":{"line":107,"column":51}},"51":{"start":{"line":109,"column":4},"end":{"line":114,"column":6}},"52":{"start":{"line":110,"column":8},"end":{"line":110,"column":19}},"53":{"start":{"line":111,"column":8},"end":{"line":111,"column":19}},"54":{"start":{"line":113,"column":8},"end":{"line":113,"column":76}}},"fnMap":{"0":{"name":"(anonymous_0)","decl":{"start":{"line":1,"column":17},"end":{"line":1,"column":18}},"loc":{"start":{"line":1,"column":32},"end":{"line":115,"column":1}},"line":1},"1":{"name":"(anonymous_1)","decl":{"start":{"line":15,"column":32},"end":{"line":15,"column":33}},"loc":{"start":{"line":15,"column":58},"end":{"line":30,"column":5}},"line":15},"2":{"name":"(anonymous_2)","decl":{"start":{"line":31,"column":30},"end":{"line":31,"column":31}},"loc":{"start":{"line":31,"column":44},"end":{"line":31,"column":72}},"line":31},"3":{"name":"(anonymous_3)","decl":{"start":{"line":34,"column":38},"end":{"line":34,"column":39}},"loc":{"start":{"line":34,"column":58},"end":{"line":53,"column":5}},"line":34},"4":{"name":"(anonymous_4)","decl":{"start":{"line":52,"column":29},"end":{"line":52,"column":30}},"loc":{"start":{"line":52,"column":35},"end":{"line":52,"column":72}},"line":52},"5":{"name":"(anonymous_5)","decl":{"start":{"line":54,"column":35},"end":{"line":54,"column":36}},"loc":{"start":{"line":54,"column":55},"end":{"line":57,"column":5}},"line":54},"6":{"name":"(anonymous_6)","decl":{"start":{"line":58,"column":41},"end":{"line":58,"column":42}},"loc":{"start":{"line":58,"column":67},"end":{"line":64,"column":5}},"line":58},"7":{"name":"(anonymous_7)","decl":{"start":{"line":66,"column":27},"end":{"line":66,"column":28}},"loc":{"start":{"line":66,"column":47},"end":{"line":68,"column":5}},"line":66},"8":{"name":"(anonymous_8)","decl":{"start":{"line":70,"column":29},"end":{"line":70,"column":30}},"loc":{"start":{"line":70,"column":48},"end":{"line":72,"column":5}},"line":70},"9":{"name":"(anonymous_9)","decl":{"start":{"line":81,"column":8},"end":{"line":81,"column":9}},"loc":{"start":{"line":81,"column":60},"end":{"line":84,"column":9}},"line":81},"10":{"name":"(anonymous_10)","decl":{"start":{"line":92,"column":8},"end":{"line":92,"column":9}},"loc":{"start":{"line":92,"column":28},"end":{"line":108,"column":9}},"line":92},"11":{"name":"(anonymous_11)","decl":{"start":{"line":109,"column":30},"end":{"line":109,"column":31}},"loc":{"start":{"line":109,"column":48},"end":{"line":114,"column":5}},"line":109}},"branchMap":{"0":{"loc":{"start":{"line":19,"column":8},"end":{"line":29,"column":9}},"type":"if","locations":[{"start":{"line":19,"column":8},"end":{"line":29,"column":9}},{"start":{"line":25,"column":13},"end":{"line":29,"column":9}}],"line":19},"1":{"loc":{"start":{"line":35,"column":8},"end":{"line":37,"column":9}},"type":"if","locations":[{"start":{"line":35,"column":8},"end":{"line":37,"column":9}},{"start":{},"end":{}}],"line":35},"2":{"loc":{"start":{"line":39,"column":8},"end":{"line":41,"column":9}},"type":"if","locations":[{"start":{"line":39,"column":8},"end":{"line":41,"column":9}},{"start":{},"end":{}}],"line":39},"3":{"loc":{"start":{"line":60,"column":8},"end":{"line":62,"column":9}},"type":"if","locations":[{"start":{"line":60,"column":8},"end":{"line":62,"column":9}},{"start":{},"end":{}}],"line":60}},"s":{"0":4,"1":4,"2":4,"3":4,"4":4,"5":4,"6":4,"7":4,"8":4,"9":0,"10":0,"11":0,"12":0,"13":0,"14":0,"15":0,"16":0,"17":4,"18":0,"19":4,"20":0,"21":0,"22":0,"23":0,"24":0,"25":0,"26":0,"27":0,"28":4,"29":0,"30":0,"31":4,"32":0,"33":0,"34":0,"35":0,"36":4,"37":0,"38":4,"39":0,"40":4,"41":4,"42":0,"43":0,"44":4,"45":4,"46":0,"47":0,"48":0,"49":0,"50":0,"51":4,"52":0,"53":0,"54":0},"f":{"0":4,"1":0,"2":0,"3":0,"4":0,"5":0,"6":0,"7":0,"8":0,"9":0,"10":0,"11":0},"b":{"0":[0,0],"1":[0,0],"2":[0,0],"3":[0,0]},"_coverageSchema":"1a1c01bbd47fc00a2c39e90264f33305004495a9","hash":"399ef50bebec17b88e591763dc85843ae1f71e32"}
,"/home/hydran/IDS2/PingPov/api/modalita_di_gioco.js": {"path":"/home/hydran/IDS2/PingPov/api/modalita_di_gioco.js","statementMap":{"0":{"start":{"line":1,"column":13},"end":{"line":1,"column":37}},"1":{"start":{"line":4,"column":0},"end":{"line":364,"column":1}},"2":{"start":{"line":5,"column":25},"end":{"line":5,"column":50}},"3":{"start":{"line":6,"column":18},"end":{"line":17,"column":7}},"4":{"start":{"line":18,"column":28},"end":{"line":35,"column":5}},"5":{"start":{"line":19,"column":30},"end":{"line":19,"column":40}},"6":{"start":{"line":20,"column":28},"end":{"line":20,"column":50}},"7":{"start":{"line":22,"column":8},"end":{"line":33,"column":9}},"8":{"start":{"line":23,"column":12},"end":{"line":23,"column":21}},"9":{"start":{"line":25,"column":12},"end":{"line":27,"column":13}},"10":{"start":{"line":26,"column":16},"end":{"line":26,"column":24}},"11":{"start":{"line":28,"column":12},"end":{"line":32,"column":13}},"12":{"start":{"line":29,"column":16},"end":{"line":29,"column":24}},"13":{"start":{"line":31,"column":16},"end":{"line":31,"column":24}},"14":{"start":{"line":37,"column":4},"end":{"line":52,"column":6}},"15":{"start":{"line":38,"column":30},"end":{"line":38,"column":40}},"16":{"start":{"line":39,"column":8},"end":{"line":51,"column":10}},"17":{"start":{"line":40,"column":12},"end":{"line":50,"column":13}},"18":{"start":{"line":41,"column":16},"end":{"line":41,"column":41}},"19":{"start":{"line":43,"column":30},"end":{"line":43,"column":32}},"20":{"start":{"line":44,"column":16},"end":{"line":48,"column":17}},"21":{"start":{"line":44,"column":29},"end":{"line":44,"column":30}},"22":{"start":{"line":45,"column":20},"end":{"line":47,"column":21}},"23":{"start":{"line":46,"column":24},"end":{"line":46,"column":47}},"24":{"start":{"line":49,"column":16},"end":{"line":49,"column":52}},"25":{"start":{"line":54,"column":4},"end":{"line":82,"column":7}},"26":{"start":{"line":55,"column":30},"end":{"line":55,"column":40}},"27":{"start":{"line":57,"column":8},"end":{"line":59,"column":9}},"28":{"start":{"line":58,"column":12},"end":{"line":58,"column":75}},"29":{"start":{"line":60,"column":8},"end":{"line":62,"column":9}},"30":{"start":{"line":61,"column":12},"end":{"line":61,"column":58}},"31":{"start":{"line":63,"column":8},"end":{"line":65,"column":9}},"32":{"start":{"line":64,"column":12},"end":{"line":64,"column":87}},"33":{"start":{"line":66,"column":8},"end":{"line":69,"column":9}},"34":{"start":{"line":67,"column":12},"end":{"line":67,"column":118}},"35":{"start":{"line":68,"column":12},"end":{"line":68,"column":19}},"36":{"start":{"line":70,"column":8},"end":{"line":73,"column":9}},"37":{"start":{"line":71,"column":12},"end":{"line":71,"column":104}},"38":{"start":{"line":72,"column":12},"end":{"line":72,"column":19}},"39":{"start":{"line":74,"column":26},"end":{"line":74,"column":37}},"40":{"start":{"line":75,"column":8},"end":{"line":75,"column":56}},"41":{"start":{"line":76,"column":8},"end":{"line":76,"column":57}},"42":{"start":{"line":77,"column":8},"end":{"line":77,"column":41}},"43":{"start":{"line":78,"column":8},"end":{"line":78,"column":41}},"44":{"start":{"line":79,"column":8},"end":{"line":79,"column":49}},"45":{"start":{"line":80,"column":8},"end":{"line":80,"column":68}},"46":{"start":{"line":80,"column":38},"end":{"line":80,"column":66}},"47":{"start":{"line":81,"column":8},"end":{"line":81,"column":55}},"48":{"start":{"line":84,"column":4},"end":{"line":92,"column":7}},"49":{"start":{"line":85,"column":8},"end":{"line":91,"column":24}},"50":{"start":{"line":86,"column":12},"end":{"line":90,"column":13}},"51":{"start":{"line":87,"column":16},"end":{"line":87,"column":60}},"52":{"start":{"line":89,"column":16},"end":{"line":89,"column":43}},"53":{"start":{"line":94,"column":4},"end":{"line":109,"column":6}},"54":{"start":{"line":95,"column":17},"end":{"line":95,"column":30}},"55":{"start":{"line":96,"column":8},"end":{"line":98,"column":9}},"56":{"start":{"line":97,"column":12},"end":{"line":97,"column":56}},"57":{"start":{"line":99,"column":8},"end":{"line":108,"column":10}},"58":{"start":{"line":100,"column":12},"end":{"line":107,"column":13}},"59":{"start":{"line":101,"column":16},"end":{"line":101,"column":64}},"60":{"start":{"line":103,"column":16},"end":{"line":105,"column":17}},"61":{"start":{"line":104,"column":20},"end":{"line":104,"column":68}},"62":{"start":{"line":106,"column":16},"end":{"line":106,"column":50}},"63":{"start":{"line":111,"column":4},"end":{"line":137,"column":6}},"64":{"start":{"line":112,"column":17},"end":{"line":112,"column":30}},"65":{"start":{"line":113,"column":8},"end":{"line":115,"column":9}},"66":{"start":{"line":114,"column":12},"end":{"line":114,"column":56}},"67":{"start":{"line":116,"column":8},"end":{"line":136,"column":10}},"68":{"start":{"line":117,"column":12},"end":{"line":119,"column":13}},"69":{"start":{"line":118,"column":16},"end":{"line":118,"column":67}},"70":{"start":{"line":120,"column":12},"end":{"line":122,"column":13}},"71":{"start":{"line":121,"column":16},"end":{"line":121,"column":64}},"72":{"start":{"line":123,"column":12},"end":{"line":135,"column":13}},"73":{"start":{"line":125,"column":16},"end":{"line":127,"column":18}},"74":{"start":{"line":126,"column":20},"end":{"line":126,"column":81}},"75":{"start":{"line":130,"column":16},"end":{"line":132,"column":17}},"76":{"start":{"line":131,"column":20},"end":{"line":131,"column":78}},"77":{"start":{"line":134,"column":16},"end":{"line":134,"column":65}},"78":{"start":{"line":139,"column":4},"end":{"line":181,"column":6}},"79":{"start":{"line":140,"column":17},"end":{"line":140,"column":30}},"80":{"start":{"line":141,"column":8},"end":{"line":143,"column":9}},"81":{"start":{"line":142,"column":12},"end":{"line":142,"column":56}},"82":{"start":{"line":144,"column":8},"end":{"line":180,"column":10}},"83":{"start":{"line":145,"column":12},"end":{"line":147,"column":13}},"84":{"start":{"line":146,"column":16},"end":{"line":146,"column":67}},"85":{"start":{"line":148,"column":12},"end":{"line":150,"column":13}},"86":{"start":{"line":149,"column":16},"end":{"line":149,"column":64}},"87":{"start":{"line":151,"column":12},"end":{"line":179,"column":13}},"88":{"start":{"line":152,"column":16},"end":{"line":152,"column":79}},"89":{"start":{"line":155,"column":38},"end":{"line":155,"column":48}},"90":{"start":{"line":156,"column":34},"end":{"line":156,"column":56}},"91":{"start":{"line":157,"column":16},"end":{"line":159,"column":17}},"92":{"start":{"line":158,"column":20},"end":{"line":158,"column":66}},"93":{"start":{"line":161,"column":16},"end":{"line":165,"column":17}},"94":{"start":{"line":162,"column":20},"end":{"line":162,"column":32}},"95":{"start":{"line":164,"column":20},"end":{"line":164,"column":33}},"96":{"start":{"line":167,"column":16},"end":{"line":178,"column":17}},"97":{"start":{"line":168,"column":20},"end":{"line":168,"column":102}},"98":{"start":{"line":169,"column":20},"end":{"line":169,"column":84}},"99":{"start":{"line":172,"column":20},"end":{"line":177,"column":21}},"100":{"start":{"line":173,"column":24},"end":{"line":173,"column":106}},"101":{"start":{"line":174,"column":24},"end":{"line":174,"column":88}},"102":{"start":{"line":176,"column":24},"end":{"line":176,"column":76}},"103":{"start":{"line":183,"column":4},"end":{"line":210,"column":6}},"104":{"start":{"line":184,"column":17},"end":{"line":184,"column":30}},"105":{"start":{"line":185,"column":8},"end":{"line":187,"column":9}},"106":{"start":{"line":186,"column":12},"end":{"line":186,"column":56}},"107":{"start":{"line":188,"column":8},"end":{"line":209,"column":10}},"108":{"start":{"line":189,"column":12},"end":{"line":191,"column":13}},"109":{"start":{"line":190,"column":16},"end":{"line":190,"column":67}},"110":{"start":{"line":192,"column":12},"end":{"line":194,"column":13}},"111":{"start":{"line":193,"column":16},"end":{"line":193,"column":64}},"112":{"start":{"line":195,"column":34},"end":{"line":195,"column":44}},"113":{"start":{"line":196,"column":30},"end":{"line":196,"column":52}},"114":{"start":{"line":197,"column":12},"end":{"line":199,"column":13}},"115":{"start":{"line":198,"column":16},"end":{"line":198,"column":90}},"116":{"start":{"line":200,"column":12},"end":{"line":203,"column":13}},"117":{"start":{"line":201,"column":16},"end":{"line":201,"column":98}},"118":{"start":{"line":202,"column":16},"end":{"line":202,"column":78}},"119":{"start":{"line":204,"column":12},"end":{"line":207,"column":13}},"120":{"start":{"line":205,"column":16},"end":{"line":205,"column":98}},"121":{"start":{"line":206,"column":16},"end":{"line":206,"column":78}},"122":{"start":{"line":208,"column":12},"end":{"line":208,"column":106}},"123":{"start":{"line":211,"column":4},"end":{"line":288,"column":6}},"124":{"start":{"line":212,"column":8},"end":{"line":287,"column":10}},"125":{"start":{"line":213,"column":12},"end":{"line":286,"column":13}},"126":{"start":{"line":214,"column":16},"end":{"line":214,"column":74}},"127":{"start":{"line":216,"column":16},"end":{"line":218,"column":17}},"128":{"start":{"line":217,"column":20},"end":{"line":217,"column":68}},"129":{"start":{"line":219,"column":16},"end":{"line":221,"column":17}},"130":{"start":{"line":220,"column":20},"end":{"line":220,"column":84}},"131":{"start":{"line":222,"column":16},"end":{"line":224,"column":17}},"132":{"start":{"line":223,"column":20},"end":{"line":223,"column":75}},"133":{"start":{"line":225,"column":16},"end":{"line":227,"column":17}},"134":{"start":{"line":226,"column":20},"end":{"line":226,"column":66}},"135":{"start":{"line":228,"column":16},"end":{"line":230,"column":17}},"136":{"start":{"line":229,"column":20},"end":{"line":229,"column":69}},"137":{"start":{"line":231,"column":16},"end":{"line":233,"column":17}},"138":{"start":{"line":232,"column":20},"end":{"line":232,"column":73}},"139":{"start":{"line":236,"column":16},"end":{"line":270,"column":17}},"140":{"start":{"line":238,"column":29},"end":{"line":238,"column":47}},"141":{"start":{"line":239,"column":29},"end":{"line":239,"column":47}},"142":{"start":{"line":243,"column":20},"end":{"line":269,"column":22}},"143":{"start":{"line":246,"column":24},"end":{"line":253,"column":25}},"144":{"start":{"line":247,"column":28},"end":{"line":247,"column":44}},"145":{"start":{"line":250,"column":28},"end":{"line":250,"column":48}},"146":{"start":{"line":254,"column":24},"end":{"line":268,"column":26}},"147":{"start":{"line":257,"column":28},"end":{"line":267,"column":29}},"148":{"start":{"line":258,"column":32},"end":{"line":258,"column":48}},"149":{"start":{"line":261,"column":32},"end":{"line":261,"column":52}},"150":{"start":{"line":263,"column":44},"end":{"line":263,"column":76}},"151":{"start":{"line":264,"column":32},"end":{"line":264,"column":126}},"152":{"start":{"line":265,"column":32},"end":{"line":265,"column":126}},"153":{"start":{"line":272,"column":16},"end":{"line":285,"column":19}},"154":{"start":{"line":279,"column":20},"end":{"line":284,"column":21}},"155":{"start":{"line":280,"column":24},"end":{"line":280,"column":93}},"156":{"start":{"line":283,"column":24},"end":{"line":283,"column":95}},"157":{"start":{"line":290,"column":4},"end":{"line":301,"column":7}},"158":{"start":{"line":291,"column":8},"end":{"line":300,"column":25}},"159":{"start":{"line":295,"column":12},"end":{"line":299,"column":13}},"160":{"start":{"line":296,"column":16},"end":{"line":296,"column":50}},"161":{"start":{"line":298,"column":16},"end":{"line":298,"column":67}},"162":{"start":{"line":305,"column":4},"end":{"line":307,"column":6}},"163":{"start":{"line":306,"column":8},"end":{"line":306,"column":65}},"164":{"start":{"line":308,"column":4},"end":{"line":310,"column":6}},"165":{"start":{"line":309,"column":8},"end":{"line":309,"column":64}},"166":{"start":{"line":311,"column":4},"end":{"line":313,"column":6}},"167":{"start":{"line":312,"column":8},"end":{"line":312,"column":64}},"168":{"start":{"line":314,"column":4},"end":{"line":316,"column":6}},"169":{"start":{"line":315,"column":8},"end":{"line":315,"column":70}},"170":{"start":{"line":318,"column":29},"end":{"line":361,"column":5}},"171":{"start":{"line":319,"column":20},"end":{"line":319,"column":22}},"172":{"start":{"line":320,"column":8},"end":{"line":320,"column":42}},"173":{"start":{"line":322,"column":8},"end":{"line":322,"column":89}},"174":{"start":{"line":323,"column":8},"end":{"line":323,"column":30}},"175":{"start":{"line":324,"column":8},"end":{"line":351,"column":9}},"176":{"start":{"line":326,"column":12},"end":{"line":332,"column":13}},"177":{"start":{"line":327,"column":16},"end":{"line":327,"column":30}},"178":{"start":{"line":328,"column":16},"end":{"line":328,"column":30}},"179":{"start":{"line":330,"column":16},"end":{"line":330,"column":30}},"180":{"start":{"line":331,"column":16},"end":{"line":331,"column":30}},"181":{"start":{"line":334,"column":12},"end":{"line":341,"column":13}},"182":{"start":{"line":335,"column":16},"end":{"line":340,"column":17}},"183":{"start":{"line":336,"column":20},"end":{"line":336,"column":34}},"184":{"start":{"line":337,"column":20},"end":{"line":337,"column":34}},"185":{"start":{"line":339,"column":20},"end":{"line":339,"column":34}},"186":{"start":{"line":342,"column":12},"end":{"line":349,"column":13}},"187":{"start":{"line":343,"column":16},"end":{"line":348,"column":17}},"188":{"start":{"line":344,"column":20},"end":{"line":344,"column":34}},"189":{"start":{"line":345,"column":20},"end":{"line":345,"column":34}},"190":{"start":{"line":347,"column":20},"end":{"line":347,"column":34}},"191":{"start":{"line":352,"column":8},"end":{"line":354,"column":9}},"192":{"start":{"line":353,"column":12},"end":{"line":353,"column":19}},"193":{"start":{"line":355,"column":8},"end":{"line":357,"column":9}},"194":{"start":{"line":356,"column":12},"end":{"line":356,"column":19}},"195":{"start":{"line":358,"column":8},"end":{"line":358,"column":23}},"196":{"start":{"line":359,"column":8},"end":{"line":359,"column":23}},"197":{"start":{"line":360,"column":8},"end":{"line":360,"column":21}}},"fnMap":{"0":{"name":"(anonymous_0)","decl":{"start":{"line":4,"column":17},"end":{"line":4,"column":18}},"loc":{"start":{"line":4,"column":42},"end":{"line":364,"column":1}},"line":4},"1":{"name":"(anonymous_1)","decl":{"start":{"line":18,"column":28},"end":{"line":18,"column":29}},"loc":{"start":{"line":18,"column":45},"end":{"line":35,"column":5}},"line":18},"2":{"name":"(anonymous_2)","decl":{"start":{"line":37,"column":25},"end":{"line":37,"column":26}},"loc":{"start":{"line":37,"column":45},"end":{"line":52,"column":5}},"line":37},"3":{"name":"(anonymous_3)","decl":{"start":{"line":39,"column":23},"end":{"line":39,"column":24}},"loc":{"start":{"line":39,"column":45},"end":{"line":51,"column":9}},"line":39},"4":{"name":"(anonymous_4)","decl":{"start":{"line":54,"column":40},"end":{"line":54,"column":41}},"loc":{"start":{"line":54,"column":54},"end":{"line":82,"column":5}},"line":54},"5":{"name":"(anonymous_5)","decl":{"start":{"line":80,"column":32},"end":{"line":80,"column":33}},"loc":{"start":{"line":80,"column":38},"end":{"line":80,"column":66}},"line":80},"6":{"name":"(anonymous_6)","decl":{"start":{"line":84,"column":46},"end":{"line":84,"column":47}},"loc":{"start":{"line":84,"column":72},"end":{"line":92,"column":5}},"line":84},"7":{"name":"(anonymous_7)","decl":{"start":{"line":85,"column":60},"end":{"line":85,"column":61}},"loc":{"start":{"line":85,"column":82},"end":{"line":91,"column":9}},"line":85},"8":{"name":"(anonymous_8)","decl":{"start":{"line":94,"column":29},"end":{"line":94,"column":30}},"loc":{"start":{"line":94,"column":49},"end":{"line":109,"column":5}},"line":94},"9":{"name":"(anonymous_9)","decl":{"start":{"line":99,"column":47},"end":{"line":99,"column":48}},"loc":{"start":{"line":99,"column":69},"end":{"line":108,"column":9}},"line":99},"10":{"name":"(anonymous_10)","decl":{"start":{"line":111,"column":46},"end":{"line":111,"column":47}},"loc":{"start":{"line":111,"column":72},"end":{"line":137,"column":5}},"line":111},"11":{"name":"(anonymous_11)","decl":{"start":{"line":116,"column":47},"end":{"line":116,"column":48}},"loc":{"start":{"line":116,"column":69},"end":{"line":136,"column":9}},"line":116},"12":{"name":"(anonymous_12)","decl":{"start":{"line":125,"column":44},"end":{"line":125,"column":45}},"loc":{"start":{"line":125,"column":65},"end":{"line":127,"column":17}},"line":125},"13":{"name":"(anonymous_13)","decl":{"start":{"line":139,"column":55},"end":{"line":139,"column":56}},"loc":{"start":{"line":139,"column":81},"end":{"line":181,"column":5}},"line":139},"14":{"name":"(anonymous_14)","decl":{"start":{"line":144,"column":47},"end":{"line":144,"column":48}},"loc":{"start":{"line":144,"column":69},"end":{"line":180,"column":9}},"line":144},"15":{"name":"(anonymous_15)","decl":{"start":{"line":183,"column":57},"end":{"line":183,"column":58}},"loc":{"start":{"line":183,"column":83},"end":{"line":210,"column":5}},"line":183},"16":{"name":"(anonymous_16)","decl":{"start":{"line":188,"column":47},"end":{"line":188,"column":48}},"loc":{"start":{"line":188,"column":69},"end":{"line":209,"column":9}},"line":188},"17":{"name":"(anonymous_17)","decl":{"start":{"line":211,"column":54},"end":{"line":211,"column":55}},"loc":{"start":{"line":211,"column":80},"end":{"line":288,"column":5}},"line":211},"18":{"name":"(anonymous_18)","decl":{"start":{"line":212,"column":38},"end":{"line":212,"column":39}},"loc":{"start":{"line":212,"column":54},"end":{"line":287,"column":9}},"line":212},"19":{"name":"(anonymous_19)","decl":{"start":{"line":243,"column":68},"end":{"line":243,"column":69}},"loc":{"start":{"line":243,"column":97},"end":{"line":269,"column":21}},"line":243},"20":{"name":"(anonymous_20)","decl":{"start":{"line":254,"column":72},"end":{"line":254,"column":73}},"loc":{"start":{"line":254,"column":101},"end":{"line":268,"column":25}},"line":254},"21":{"name":"(anonymous_21)","decl":{"start":{"line":278,"column":19},"end":{"line":278,"column":20}},"loc":{"start":{"line":278,"column":40},"end":{"line":285,"column":17}},"line":278},"22":{"name":"(anonymous_22)","decl":{"start":{"line":290,"column":50},"end":{"line":290,"column":51}},"loc":{"start":{"line":290,"column":76},"end":{"line":301,"column":5}},"line":290},"23":{"name":"(anonymous_23)","decl":{"start":{"line":294,"column":11},"end":{"line":294,"column":12}},"loc":{"start":{"line":294,"column":33},"end":{"line":300,"column":9}},"line":294},"24":{"name":"(anonymous_24)","decl":{"start":{"line":305,"column":36},"end":{"line":305,"column":37}},"loc":{"start":{"line":305,"column":50},"end":{"line":307,"column":5}},"line":305},"25":{"name":"(anonymous_25)","decl":{"start":{"line":308,"column":46},"end":{"line":308,"column":47}},"loc":{"start":{"line":308,"column":60},"end":{"line":310,"column":5}},"line":308},"26":{"name":"(anonymous_26)","decl":{"start":{"line":311,"column":49},"end":{"line":311,"column":50}},"loc":{"start":{"line":311,"column":63},"end":{"line":313,"column":5}},"line":311},"27":{"name":"(anonymous_27)","decl":{"start":{"line":314,"column":53},"end":{"line":314,"column":54}},"loc":{"start":{"line":314,"column":67},"end":{"line":316,"column":5}},"line":314},"28":{"name":"(anonymous_28)","decl":{"start":{"line":318,"column":29},"end":{"line":318,"column":30}},"loc":{"start":{"line":318,"column":55},"end":{"line":361,"column":5}},"line":318}},"branchMap":{"0":{"loc":{"start":{"line":22,"column":8},"end":{"line":33,"column":9}},"type":"if","locations":[{"start":{"line":22,"column":8},"end":{"line":33,"column":9}},{"start":{"line":24,"column":15},"end":{"line":33,"column":9}}],"line":22},"1":{"loc":{"start":{"line":25,"column":12},"end":{"line":27,"column":13}},"type":"if","locations":[{"start":{"line":25,"column":12},"end":{"line":27,"column":13}},{"start":{},"end":{}}],"line":25},"2":{"loc":{"start":{"line":25,"column":16},"end":{"line":25,"column":98}},"type":"binary-expr","locations":[{"start":{"line":25,"column":16},"end":{"line":25,"column":42}},{"start":{"line":25,"column":46},"end":{"line":25,"column":98}}],"line":25},"3":{"loc":{"start":{"line":28,"column":12},"end":{"line":32,"column":13}},"type":"if","locations":[{"start":{"line":28,"column":12},"end":{"line":32,"column":13}},{"start":{"line":30,"column":19},"end":{"line":32,"column":13}}],"line":28},"4":{"loc":{"start":{"line":28,"column":16},"end":{"line":28,"column":131}},"type":"binary-expr","locations":[{"start":{"line":28,"column":17},"end":{"line":28,"column":44}},{"start":{"line":28,"column":48},"end":{"line":28,"column":74}},{"start":{"line":28,"column":79},"end":{"line":28,"column":131}}],"line":28},"5":{"loc":{"start":{"line":40,"column":12},"end":{"line":50,"column":13}},"type":"if","locations":[{"start":{"line":40,"column":12},"end":{"line":50,"column":13}},{"start":{"line":42,"column":19},"end":{"line":50,"column":13}}],"line":40},"6":{"loc":{"start":{"line":45,"column":20},"end":{"line":47,"column":21}},"type":"if","locations":[{"start":{"line":45,"column":20},"end":{"line":47,"column":21}},{"start":{},"end":{}}],"line":45},"7":{"loc":{"start":{"line":57,"column":8},"end":{"line":59,"column":9}},"type":"if","locations":[{"start":{"line":57,"column":8},"end":{"line":59,"column":9}},{"start":{},"end":{}}],"line":57},"8":{"loc":{"start":{"line":57,"column":12},"end":{"line":57,"column":66}},"type":"binary-expr","locations":[{"start":{"line":57,"column":12},"end":{"line":57,"column":26}},{"start":{"line":57,"column":30},"end":{"line":57,"column":48}},{"start":{"line":57,"column":52},"end":{"line":57,"column":66}}],"line":57},"9":{"loc":{"start":{"line":60,"column":8},"end":{"line":62,"column":9}},"type":"if","locations":[{"start":{"line":60,"column":8},"end":{"line":62,"column":9}},{"start":{},"end":{}}],"line":60},"10":{"loc":{"start":{"line":63,"column":8},"end":{"line":65,"column":9}},"type":"if","locations":[{"start":{"line":63,"column":8},"end":{"line":65,"column":9}},{"start":{},"end":{}}],"line":63},"11":{"loc":{"start":{"line":66,"column":8},"end":{"line":69,"column":9}},"type":"if","locations":[{"start":{"line":66,"column":8},"end":{"line":69,"column":9}},{"start":{},"end":{}}],"line":66},"12":{"loc":{"start":{"line":66,"column":12},"end":{"line":66,"column":108}},"type":"binary-expr","locations":[{"start":{"line":66,"column":12},"end":{"line":66,"column":41}},{"start":{"line":66,"column":45},"end":{"line":66,"column":75}},{"start":{"line":66,"column":79},"end":{"line":66,"column":108}}],"line":66},"13":{"loc":{"start":{"line":70,"column":8},"end":{"line":73,"column":9}},"type":"if","locations":[{"start":{"line":70,"column":8},"end":{"line":73,"column":9}},{"start":{},"end":{}}],"line":70},"14":{"loc":{"start":{"line":70,"column":12},"end":{"line":70,"column":64}},"type":"binary-expr","locations":[{"start":{"line":70,"column":12},"end":{"line":70,"column":36}},{"start":{"line":70,"column":40},"end":{"line":70,"column":64}}],"line":70},"15":{"loc":{"start":{"line":86,"column":12},"end":{"line":90,"column":13}},"type":"if","locations":[{"start":{"line":86,"column":12},"end":{"line":90,"column":13}},{"start":{"line":88,"column":19},"end":{"line":90,"column":13}}],"line":86},"16":{"loc":{"start":{"line":96,"column":8},"end":{"line":98,"column":9}},"type":"if","locations":[{"start":{"line":96,"column":8},"end":{"line":98,"column":9}},{"start":{},"end":{}}],"line":96},"17":{"loc":{"start":{"line":100,"column":12},"end":{"line":107,"column":13}},"type":"if","locations":[{"start":{"line":100,"column":12},"end":{"line":107,"column":13}},{"start":{"line":102,"column":19},"end":{"line":107,"column":13}}],"line":100},"18":{"loc":{"start":{"line":103,"column":16},"end":{"line":105,"column":17}},"type":"if","locations":[{"start":{"line":103,"column":16},"end":{"line":105,"column":17}},{"start":{},"end":{}}],"line":103},"19":{"loc":{"start":{"line":113,"column":8},"end":{"line":115,"column":9}},"type":"if","locations":[{"start":{"line":113,"column":8},"end":{"line":115,"column":9}},{"start":{},"end":{}}],"line":113},"20":{"loc":{"start":{"line":117,"column":12},"end":{"line":119,"column":13}},"type":"if","locations":[{"start":{"line":117,"column":12},"end":{"line":119,"column":13}},{"start":{},"end":{}}],"line":117},"21":{"loc":{"start":{"line":120,"column":12},"end":{"line":122,"column":13}},"type":"if","locations":[{"start":{"line":120,"column":12},"end":{"line":122,"column":13}},{"start":{},"end":{}}],"line":120},"22":{"loc":{"start":{"line":123,"column":12},"end":{"line":135,"column":13}},"type":"if","locations":[{"start":{"line":123,"column":12},"end":{"line":135,"column":13}},{"start":{"line":128,"column":19},"end":{"line":135,"column":13}}],"line":123},"23":{"loc":{"start":{"line":123,"column":16},"end":{"line":123,"column":89}},"type":"binary-expr","locations":[{"start":{"line":123,"column":16},"end":{"line":123,"column":59}},{"start":{"line":123,"column":63},"end":{"line":123,"column":89}}],"line":123},"24":{"loc":{"start":{"line":130,"column":16},"end":{"line":132,"column":17}},"type":"if","locations":[{"start":{"line":130,"column":16},"end":{"line":132,"column":17}},{"start":{},"end":{}}],"line":130},"25":{"loc":{"start":{"line":141,"column":8},"end":{"line":143,"column":9}},"type":"if","locations":[{"start":{"line":141,"column":8},"end":{"line":143,"column":9}},{"start":{},"end":{}}],"line":141},"26":{"loc":{"start":{"line":145,"column":12},"end":{"line":147,"column":13}},"type":"if","locations":[{"start":{"line":145,"column":12},"end":{"line":147,"column":13}},{"start":{},"end":{}}],"line":145},"27":{"loc":{"start":{"line":148,"column":12},"end":{"line":150,"column":13}},"type":"if","locations":[{"start":{"line":148,"column":12},"end":{"line":150,"column":13}},{"start":{},"end":{}}],"line":148},"28":{"loc":{"start":{"line":151,"column":12},"end":{"line":179,"column":13}},"type":"if","locations":[{"start":{"line":151,"column":12},"end":{"line":179,"column":13}},{"start":{"line":154,"column":17},"end":{"line":179,"column":13}}],"line":151},"29":{"loc":{"start":{"line":151,"column":16},"end":{"line":151,"column":110}},"type":"binary-expr","locations":[{"start":{"line":151,"column":16},"end":{"line":151,"column":61}},{"start":{"line":151,"column":65},"end":{"line":151,"column":110}}],"line":151},"30":{"loc":{"start":{"line":157,"column":16},"end":{"line":159,"column":17}},"type":"if","locations":[{"start":{"line":157,"column":16},"end":{"line":159,"column":17}},{"start":{},"end":{}}],"line":157},"31":{"loc":{"start":{"line":161,"column":16},"end":{"line":165,"column":17}},"type":"if","locations":[{"start":{"line":161,"column":16},"end":{"line":165,"column":17}},{"start":{"line":163,"column":23},"end":{"line":165,"column":17}}],"line":161},"32":{"loc":{"start":{"line":161,"column":20},"end":{"line":161,"column":77}},"type":"binary-expr","locations":[{"start":{"line":161,"column":20},"end":{"line":161,"column":47}},{"start":{"line":161,"column":51},"end":{"line":161,"column":77}}],"line":161},"33":{"loc":{"start":{"line":167,"column":16},"end":{"line":178,"column":17}},"type":"if","locations":[{"start":{"line":167,"column":16},"end":{"line":178,"column":17}},{"start":{"line":171,"column":21},"end":{"line":178,"column":17}}],"line":167},"34":{"loc":{"start":{"line":172,"column":20},"end":{"line":177,"column":21}},"type":"if","locations":[{"start":{"line":172,"column":20},"end":{"line":177,"column":21}},{"start":{"line":175,"column":27},"end":{"line":177,"column":21}}],"line":172},"35":{"loc":{"start":{"line":185,"column":8},"end":{"line":187,"column":9}},"type":"if","locations":[{"start":{"line":185,"column":8},"end":{"line":187,"column":9}},{"start":{},"end":{}}],"line":185},"36":{"loc":{"start":{"line":189,"column":12},"end":{"line":191,"column":13}},"type":"if","locations":[{"start":{"line":189,"column":12},"end":{"line":191,"column":13}},{"start":{},"end":{}}],"line":189},"37":{"loc":{"start":{"line":192,"column":12},"end":{"line":194,"column":13}},"type":"if","locations":[{"start":{"line":192,"column":12},"end":{"line":194,"column":13}},{"start":{},"end":{}}],"line":192},"38":{"loc":{"start":{"line":197,"column":12},"end":{"line":199,"column":13}},"type":"if","locations":[{"start":{"line":197,"column":12},"end":{"line":199,"column":13}},{"start":{},"end":{}}],"line":197},"39":{"loc":{"start":{"line":200,"column":12},"end":{"line":203,"column":13}},"type":"if","locations":[{"start":{"line":200,"column":12},"end":{"line":203,"column":13}},{"start":{},"end":{}}],"line":200},"40":{"loc":{"start":{"line":200,"column":16},"end":{"line":200,"column":103}},"type":"binary-expr","locations":[{"start":{"line":200,"column":16},"end":{"line":200,"column":61}},{"start":{"line":200,"column":65},"end":{"line":200,"column":103}}],"line":200},"41":{"loc":{"start":{"line":204,"column":12},"end":{"line":207,"column":13}},"type":"if","locations":[{"start":{"line":204,"column":12},"end":{"line":207,"column":13}},{"start":{},"end":{}}],"line":204},"42":{"loc":{"start":{"line":204,"column":16},"end":{"line":204,"column":103}},"type":"binary-expr","locations":[{"start":{"line":204,"column":16},"end":{"line":204,"column":61}},{"start":{"line":204,"column":65},"end":{"line":204,"column":103}}],"line":204},"43":{"loc":{"start":{"line":213,"column":12},"end":{"line":286,"column":13}},"type":"if","locations":[{"start":{"line":213,"column":12},"end":{"line":286,"column":13}},{"start":{"line":215,"column":19},"end":{"line":286,"column":13}}],"line":213},"44":{"loc":{"start":{"line":216,"column":16},"end":{"line":218,"column":17}},"type":"if","locations":[{"start":{"line":216,"column":16},"end":{"line":218,"column":17}},{"start":{},"end":{}}],"line":216},"45":{"loc":{"start":{"line":219,"column":16},"end":{"line":221,"column":17}},"type":"if","locations":[{"start":{"line":219,"column":16},"end":{"line":221,"column":17}},{"start":{},"end":{}}],"line":219},"46":{"loc":{"start":{"line":222,"column":16},"end":{"line":224,"column":17}},"type":"if","locations":[{"start":{"line":222,"column":16},"end":{"line":224,"column":17}},{"start":{},"end":{}}],"line":222},"47":{"loc":{"start":{"line":225,"column":16},"end":{"line":227,"column":17}},"type":"if","locations":[{"start":{"line":225,"column":16},"end":{"line":227,"column":17}},{"start":{},"end":{}}],"line":225},"48":{"loc":{"start":{"line":228,"column":16},"end":{"line":230,"column":17}},"type":"if","locations":[{"start":{"line":228,"column":16},"end":{"line":230,"column":17}},{"start":{},"end":{}}],"line":228},"49":{"loc":{"start":{"line":228,"column":20},"end":{"line":228,"column":102}},"type":"binary-expr","locations":[{"start":{"line":228,"column":20},"end":{"line":228,"column":59}},{"start":{"line":228,"column":63},"end":{"line":228,"column":102}}],"line":228},"50":{"loc":{"start":{"line":231,"column":16},"end":{"line":233,"column":17}},"type":"if","locations":[{"start":{"line":231,"column":16},"end":{"line":233,"column":17}},{"start":{},"end":{}}],"line":231},"51":{"loc":{"start":{"line":231,"column":20},"end":{"line":231,"column":86}},"type":"binary-expr","locations":[{"start":{"line":231,"column":20},"end":{"line":231,"column":51}},{"start":{"line":231,"column":55},"end":{"line":231,"column":86}}],"line":231},"52":{"loc":{"start":{"line":236,"column":16},"end":{"line":270,"column":17}},"type":"if","locations":[{"start":{"line":236,"column":16},"end":{"line":270,"column":17}},{"start":{},"end":{}}],"line":236},"53":{"loc":{"start":{"line":246,"column":24},"end":{"line":253,"column":25}},"type":"if","locations":[{"start":{"line":246,"column":24},"end":{"line":253,"column":25}},{"start":{"line":248,"column":31},"end":{"line":253,"column":25}}],"line":246},"54":{"loc":{"start":{"line":257,"column":28},"end":{"line":267,"column":29}},"type":"if","locations":[{"start":{"line":257,"column":28},"end":{"line":267,"column":29}},{"start":{"line":259,"column":35},"end":{"line":267,"column":29}}],"line":257},"55":{"loc":{"start":{"line":279,"column":20},"end":{"line":284,"column":21}},"type":"if","locations":[{"start":{"line":279,"column":20},"end":{"line":284,"column":21}},{"start":{"line":281,"column":27},"end":{"line":284,"column":21}}],"line":279},"56":{"loc":{"start":{"line":295,"column":12},"end":{"line":299,"column":13}},"type":"if","locations":[{"start":{"line":295,"column":12},"end":{"line":299,"column":13}},{"start":{"line":297,"column":19},"end":{"line":299,"column":13}}],"line":295},"57":{"loc":{"start":{"line":324,"column":8},"end":{"line":351,"column":9}},"type":"if","locations":[{"start":{"line":324,"column":8},"end":{"line":351,"column":9}},{"start":{"line":333,"column":15},"end":{"line":351,"column":9}}],"line":324},"58":{"loc":{"start":{"line":324,"column":12},"end":{"line":324,"column":28}},"type":"binary-expr","locations":[{"start":{"line":324,"column":12},"end":{"line":324,"column":18}},{"start":{"line":324,"column":22},"end":{"line":324,"column":28}}],"line":324},"59":{"loc":{"start":{"line":326,"column":12},"end":{"line":332,"column":13}},"type":"if","locations":[{"start":{"line":326,"column":12},"end":{"line":332,"column":13}},{"start":{"line":329,"column":19},"end":{"line":332,"column":13}}],"line":326},"60":{"loc":{"start":{"line":334,"column":12},"end":{"line":341,"column":13}},"type":"if","locations":[{"start":{"line":334,"column":12},"end":{"line":341,"column":13}},{"start":{},"end":{}}],"line":334},"61":{"loc":{"start":{"line":335,"column":16},"end":{"line":340,"column":17}},"type":"if","locations":[{"start":{"line":335,"column":16},"end":{"line":340,"column":17}},{"start":{"line":338,"column":23},"end":{"line":340,"column":17}}],"line":335},"62":{"loc":{"start":{"line":342,"column":12},"end":{"line":349,"column":13}},"type":"if","locations":[{"start":{"line":342,"column":12},"end":{"line":349,"column":13}},{"start":{},"end":{}}],"line":342},"63":{"loc":{"start":{"line":343,"column":16},"end":{"line":348,"column":17}},"type":"if","locations":[{"start":{"line":343,"column":16},"end":{"line":348,"column":17}},{"start":{"line":346,"column":23},"end":{"line":348,"column":17}}],"line":343},"64":{"loc":{"start":{"line":352,"column":8},"end":{"line":354,"column":9}},"type":"if","locations":[{"start":{"line":352,"column":8},"end":{"line":354,"column":9}},{"start":{},"end":{}}],"line":352},"65":{"loc":{"start":{"line":355,"column":8},"end":{"line":357,"column":9}},"type":"if","locations":[{"start":{"line":355,"column":8},"end":{"line":357,"column":9}},{"start":{},"end":{}}],"line":355}},"s":{"0":4,"1":4,"2":4,"3":4,"4":4,"5":0,"6":0,"7":0,"8":0,"9":0,"10":0,"11":0,"12":0,"13":0,"14":4,"15":2,"16":2,"17":2,"18":0,"19":2,"20":2,"21":2,"22":102,"23":92,"24":2,"25":4,"26":3,"27":3,"28":0,"29":3,"30":0,"31":3,"32":0,"33":3,"34":1,"35":1,"36":2,"37":1,"38":1,"39":1,"40":1,"41":1,"42":1,"43":1,"44":1,"45":1,"46":1,"47":1,"48":4,"49":0,"50":0,"51":0,"52":0,"53":4,"54":1,"55":1,"56":0,"57":1,"58":1,"59":0,"60":1,"61":1,"62":0,"63":4,"64":2,"65":2,"66":1,"67":1,"68":1,"69":0,"70":1,"71":0,"72":1,"73":0,"74":0,"75":1,"76":1,"77":0,"78":4,"79":0,"80":0,"81":0,"82":0,"83":0,"84":0,"85":0,"86":0,"87":0,"88":0,"89":0,"90":0,"91":0,"92":0,"93":0,"94":0,"95":0,"96":0,"97":0,"98":0,"99":0,"100":0,"101":0,"102":0,"103":4,"104":0,"105":0,"106":0,"107":0,"108":0,"109":0,"110":0,"111":0,"112":0,"113":0,"114":0,"115":0,"116":0,"117":0,"118":0,"119":0,"120":0,"121":0,"122":0,"123":4,"124":0,"125":0,"126":0,"127":0,"128":0,"129":0,"130":0,"131":0,"132":0,"133":0,"134":0,"135":0,"136":0,"137":0,"138":0,"139":0,"140":0,"141":0,"142":0,"143":0,"144":0,"145":0,"146":0,"147":0,"148":0,"149":0,"150":0,"151":0,"152":0,"153":0,"154":0,"155":0,"156":0,"157":4,"158":1,"159":1,"160":1,"161":0,"162":4,"163":0,"164":4,"165":0,"166":4,"167":0,"168":4,"169":0,"170":4,"171":0,"172":0,"173":0,"174":0,"175":0,"176":0,"177":0,"178":0,"179":0,"180":0,"181":0,"182":0,"183":0,"184":0,"185":0,"186":0,"187":0,"188":0,"189":0,"190":0,"191":0,"192":0,"193":0,"194":0,"195":0,"196":0,"197":0},"f":{"0":4,"1":0,"2":2,"3":2,"4":3,"5":1,"6":0,"7":0,"8":1,"9":1,"10":2,"11":1,"12":0,"13":0,"14":0,"15":0,"16":0,"17":0,"18":0,"19":0,"20":0,"21":0,"22":1,"23":1,"24":0,"25":0,"26":0,"27":0,"28":0},"b":{"0":[0,0],"1":[0,0],"2":[0,0],"3":[0,0],"4":[0,0,0],"5":[0,2],"6":[92,10],"7":[0,3],"8":[3,3,3],"9":[0,3],"10":[0,3],"11":[1,2],"12":[3,3,1],"13":[1,1],"14":[2,1],"15":[0,0],"16":[0,1],"17":[0,1],"18":[1,0],"19":[1,1],"20":[0,1],"21":[0,1],"22":[0,1],"23":[1,0],"24":[1,0],"25":[0,0],"26":[0,0],"27":[0,0],"28":[0,0],"29":[0,0],"30":[0,0],"31":[0,0],"32":[0,0],"33":[0,0],"34":[0,0],"35":[0,0],"36":[0,0],"37":[0,0],"38":[0,0],"39":[0,0],"40":[0,0],"41":[0,0],"42":[0,0],"43":[0,0],"44":[0,0],"45":[0,0],"46":[0,0],"47":[0,0],"48":[0,0],"49":[0,0],"50":[0,0],"51":[0,0],"52":[0,0],"53":[0,0],"54":[0,0],"55":[0,0],"56":[1,0],"57":[0,0],"58":[0,0],"59":[0,0],"60":[0,0],"61":[0,0],"62":[0,0],"63":[0,0],"64":[0,0],"65":[0,0]},"_coverageSchema":"1a1c01bbd47fc00a2c39e90264f33305004495a9","hash":"36192415b33402169752c8347e584cc52963b77b"}
,"/home/hydran/IDS2/PingPov/api/prenotazioni.js": {"path":"/home/hydran/IDS2/PingPov/api/prenotazioni.js","statementMap":{"0":{"start":{"line":2,"column":0},"end":{"line":83,"column":1}},"1":{"start":{"line":3,"column":25},"end":{"line":3,"column":50}},"2":{"start":{"line":4,"column":25},"end":{"line":8,"column":7}},"3":{"start":{"line":10,"column":4},"end":{"line":32,"column":6}},"4":{"start":{"line":11,"column":8},"end":{"line":11,"column":29}},"5":{"start":{"line":12,"column":8},"end":{"line":12,"column":50}},"6":{"start":{"line":13,"column":8},"end":{"line":13,"column":27}},"7":{"start":{"line":14,"column":8},"end":{"line":14,"column":37}},"8":{"start":{"line":15,"column":8},"end":{"line":31,"column":10}},"9":{"start":{"line":16,"column":12},"end":{"line":30,"column":13}},"10":{"start":{"line":17,"column":16},"end":{"line":17,"column":42}},"11":{"start":{"line":19,"column":16},"end":{"line":19,"column":31}},"12":{"start":{"line":20,"column":16},"end":{"line":28,"column":17}},"13":{"start":{"line":21,"column":20},"end":{"line":26,"column":21}},"14":{"start":{"line":22,"column":24},"end":{"line":22,"column":102}},"15":{"start":{"line":23,"column":24},"end":{"line":25,"column":25}},"16":{"start":{"line":24,"column":28},"end":{"line":24,"column":60}},"17":{"start":{"line":29,"column":16},"end":{"line":29,"column":47}},"18":{"start":{"line":35,"column":4},"end":{"line":55,"column":7}},"19":{"start":{"line":37,"column":19},"end":{"line":37,"column":34}},"20":{"start":{"line":38,"column":22},"end":{"line":38,"column":61}},"21":{"start":{"line":39,"column":8},"end":{"line":39,"column":27}},"22":{"start":{"line":40,"column":8},"end":{"line":40,"column":24}},"23":{"start":{"line":41,"column":8},"end":{"line":41,"column":41}},"24":{"start":{"line":42,"column":21},"end":{"line":44,"column":9}},"25":{"start":{"line":45,"column":8},"end":{"line":51,"column":9}},"26":{"start":{"line":46,"column":12},"end":{"line":46,"column":79}},"27":{"start":{"line":47,"column":12},"end":{"line":47,"column":49}},"28":{"start":{"line":49,"column":12},"end":{"line":49,"column":68}},"29":{"start":{"line":50,"column":12},"end":{"line":50,"column":22}},"30":{"start":{"line":59,"column":4},"end":{"line":76,"column":6}},"31":{"start":{"line":60,"column":8},"end":{"line":60,"column":38}},"32":{"start":{"line":61,"column":19},"end":{"line":61,"column":34}},"33":{"start":{"line":62,"column":8},"end":{"line":62,"column":27}},"34":{"start":{"line":63,"column":22},"end":{"line":63,"column":34}},"35":{"start":{"line":64,"column":21},"end":{"line":66,"column":9}},"36":{"start":{"line":67,"column":8},"end":{"line":74,"column":9}},"37":{"start":{"line":68,"column":12},"end":{"line":68,"column":81}},"38":{"start":{"line":70,"column":12},"end":{"line":70,"column":59}},"39":{"start":{"line":72,"column":12},"end":{"line":72,"column":84}},"40":{"start":{"line":73,"column":12},"end":{"line":73,"column":22}},"41":{"start":{"line":79,"column":4},"end":{"line":82,"column":5}},"42":{"start":{"line":80,"column":8},"end":{"line":80,"column":82}}},"fnMap":{"0":{"name":"(anonymous_0)","decl":{"start":{"line":2,"column":17},"end":{"line":2,"column":18}},"loc":{"start":{"line":2,"column":42},"end":{"line":83,"column":1}},"line":2},"1":{"name":"(anonymous_1)","decl":{"start":{"line":10,"column":32},"end":{"line":10,"column":33}},"loc":{"start":{"line":10,"column":46},"end":{"line":32,"column":5}},"line":10},"2":{"name":"(anonymous_2)","decl":{"start":{"line":15,"column":30},"end":{"line":15,"column":31}},"loc":{"start":{"line":15,"column":59},"end":{"line":31,"column":9}},"line":15},"3":{"name":"(anonymous_3)","decl":{"start":{"line":35,"column":28},"end":{"line":35,"column":29}},"loc":{"start":{"line":35,"column":54},"end":{"line":55,"column":5}},"line":35},"4":{"name":"(anonymous_4)","decl":{"start":{"line":59,"column":31},"end":{"line":59,"column":32}},"loc":{"start":{"line":59,"column":57},"end":{"line":76,"column":5}},"line":59},"5":{"name":"(anonymous_5)","decl":{"start":{"line":79,"column":43},"end":{"line":79,"column":44}},"loc":{"start":{"line":79,"column":57},"end":{"line":81,"column":5}},"line":79}},"branchMap":{"0":{"loc":{"start":{"line":16,"column":12},"end":{"line":30,"column":13}},"type":"if","locations":[{"start":{"line":16,"column":12},"end":{"line":30,"column":13}},{"start":{"line":18,"column":19},"end":{"line":30,"column":13}}],"line":16},"1":{"loc":{"start":{"line":21,"column":20},"end":{"line":26,"column":21}},"type":"if","locations":[{"start":{"line":21,"column":20},"end":{"line":26,"column":21}},{"start":{},"end":{}}],"line":21},"2":{"loc":{"start":{"line":23,"column":24},"end":{"line":25,"column":25}},"type":"if","locations":[{"start":{"line":23,"column":24},"end":{"line":25,"column":25}},{"start":{},"end":{}}],"line":23}},"s":{"0":4,"1":4,"2":4,"3":4,"4":0,"5":0,"6":0,"7":0,"8":0,"9":0,"10":0,"11":0,"12":0,"13":0,"14":0,"15":0,"16":0,"17":0,"18":4,"19":0,"20":0,"21":0,"22":0,"23":0,"24":0,"25":0,"26":0,"27":0,"28":0,"29":0,"30":4,"31":0,"32":0,"33":0,"34":0,"35":0,"36":0,"37":0,"38":0,"39":0,"40":0,"41":4,"42":0},"f":{"0":4,"1":0,"2":0,"3":0,"4":0,"5":0},"b":{"0":[0,0],"1":[0,0],"2":[0,0]},"_coverageSchema":"1a1c01bbd47fc00a2c39e90264f33305004495a9","hash":"26e0b3536f4928d5df71d41cf657e006cd22303b"}
,"/home/hydran/IDS2/PingPov/api/ranking.js": {"path":"/home/hydran/IDS2/PingPov/api/ranking.js","statementMap":{"0":{"start":{"line":1,"column":0},"end":{"line":24,"column":1}},"1":{"start":{"line":2,"column":25},"end":{"line":2,"column":50}},"2":{"start":{"line":3,"column":17},"end":{"line":3,"column":41}},"3":{"start":{"line":7,"column":4},"end":{"line":17,"column":6}},"4":{"start":{"line":8,"column":8},"end":{"line":16,"column":11}},"5":{"start":{"line":9,"column":12},"end":{"line":15,"column":13}},"6":{"start":{"line":10,"column":16},"end":{"line":10,"column":70}},"7":{"start":{"line":11,"column":16},"end":{"line":11,"column":33}},"8":{"start":{"line":14,"column":16},"end":{"line":14,"column":44}},"9":{"start":{"line":20,"column":4},"end":{"line":22,"column":7}},"10":{"start":{"line":21,"column":8},"end":{"line":21,"column":71}}},"fnMap":{"0":{"name":"(anonymous_0)","decl":{"start":{"line":1,"column":17},"end":{"line":1,"column":18}},"loc":{"start":{"line":1,"column":42},"end":{"line":24,"column":1}},"line":1},"1":{"name":"(anonymous_1)","decl":{"start":{"line":7,"column":27},"end":{"line":7,"column":28}},"loc":{"start":{"line":7,"column":53},"end":{"line":17,"column":5}},"line":7},"2":{"name":"(anonymous_2)","decl":{"start":{"line":8,"column":66},"end":{"line":8,"column":67}},"loc":{"start":{"line":8,"column":89},"end":{"line":16,"column":9}},"line":8},"3":{"name":"(anonymous_3)","decl":{"start":{"line":20,"column":24},"end":{"line":20,"column":25}},"loc":{"start":{"line":20,"column":38},"end":{"line":22,"column":5}},"line":20}},"branchMap":{"0":{"loc":{"start":{"line":9,"column":12},"end":{"line":15,"column":13}},"type":"if","locations":[{"start":{"line":9,"column":12},"end":{"line":15,"column":13}},{"start":{"line":13,"column":17},"end":{"line":15,"column":13}}],"line":9}},"s":{"0":4,"1":4,"2":4,"3":4,"4":0,"5":0,"6":0,"7":0,"8":0,"9":4,"10":0},"f":{"0":4,"1":0,"2":0,"3":0},"b":{"0":[0,0]},"_coverageSchema":"1a1c01bbd47fc00a2c39e90264f33305004495a9","hash":"feab71ae0061ddb9f93fb2c06c8eb976787e0753"}
,"/home/hydran/IDS2/PingPov/api/tokenChecker.js": {"path":"/home/hydran/IDS2/PingPov/api/tokenChecker.js","statementMap":{"0":{"start":{"line":1,"column":12},"end":{"line":1,"column":35}},"1":{"start":{"line":3,"column":21},"end":{"line":24,"column":3}},"2":{"start":{"line":5,"column":13},"end":{"line":5,"column":104}},"3":{"start":{"line":7,"column":1},"end":{"line":10,"column":2}},"4":{"start":{"line":8,"column":2},"end":{"line":8,"column":13}},"5":{"start":{"line":9,"column":4},"end":{"line":9,"column":57}},"6":{"start":{"line":13,"column":1},"end":{"line":22,"column":4}},"7":{"start":{"line":14,"column":3},"end":{"line":21,"column":4}},"8":{"start":{"line":15,"column":2},"end":{"line":15,"column":14}},"9":{"start":{"line":16,"column":2},"end":{"line":16,"column":56}},"10":{"start":{"line":19,"column":2},"end":{"line":19,"column":26}},"11":{"start":{"line":20,"column":2},"end":{"line":20,"column":9}},"12":{"start":{"line":26,"column":0},"end":{"line":26,"column":29}}},"fnMap":{"0":{"name":"(anonymous_0)","decl":{"start":{"line":3,"column":21},"end":{"line":3,"column":22}},"loc":{"start":{"line":3,"column":45},"end":{"line":24,"column":3}},"line":3},"1":{"name":"(anonymous_1)","decl":{"start":{"line":13,"column":45},"end":{"line":13,"column":46}},"loc":{"start":{"line":13,"column":68},"end":{"line":22,"column":2}},"line":13}},"branchMap":{"0":{"loc":{"start":{"line":5,"column":13},"end":{"line":5,"column":104}},"type":"binary-expr","locations":[{"start":{"line":5,"column":13},"end":{"line":5,"column":27}},{"start":{"line":5,"column":31},"end":{"line":5,"column":46}},{"start":{"line":5,"column":50},"end":{"line":5,"column":70}},{"start":{"line":5,"column":74},"end":{"line":5,"column":83}},{"start":{"line":5,"column":87},"end":{"line":5,"column":104}}],"line":5},"1":{"loc":{"start":{"line":7,"column":1},"end":{"line":10,"column":2}},"type":"if","locations":[{"start":{"line":7,"column":1},"end":{"line":10,"column":2}},{"start":{},"end":{}}],"line":7},"2":{"loc":{"start":{"line":14,"column":3},"end":{"line":21,"column":4}},"type":"if","locations":[{"start":{"line":14,"column":3},"end":{"line":21,"column":4}},{"start":{"line":17,"column":10},"end":{"line":21,"column":4}}],"line":14}},"s":{"0":4,"1":4,"2":16,"3":16,"4":0,"5":0,"6":16,"7":16,"8":0,"9":0,"10":16,"11":16,"12":4},"f":{"0":16,"1":16},"b":{"0":[16,16,16,0,0],"1":[0,16],"2":[0,16]},"_coverageSchema":"1a1c01bbd47fc00a2c39e90264f33305004495a9","hash":"1fa4547fc8e6604fb2d87ea992058500088b787a"}
,"/home/hydran/IDS2/PingPov/api/tornei.js": {"path":"/home/hydran/IDS2/PingPov/api/tornei.js","statementMap":{"0":{"start":{"line":1,"column":16},"end":{"line":1,"column":37}},"1":{"start":{"line":4,"column":0},"end":{"line":226,"column":1}},"2":{"start":{"line":5,"column":25},"end":{"line":5,"column":50}},"3":{"start":{"line":6,"column":19},"end":{"line":14,"column":7}},"4":{"start":{"line":16,"column":4},"end":{"line":24,"column":6}},"5":{"start":{"line":17,"column":8},"end":{"line":23,"column":10}},"6":{"start":{"line":18,"column":12},"end":{"line":22,"column":13}},"7":{"start":{"line":19,"column":16},"end":{"line":19,"column":79}},"8":{"start":{"line":21,"column":16},"end":{"line":21,"column":51}},"9":{"start":{"line":26,"column":4},"end":{"line":54,"column":7}},"10":{"start":{"line":27,"column":29},"end":{"line":34,"column":10}},"11":{"start":{"line":35,"column":8},"end":{"line":35,"column":29}},"12":{"start":{"line":36,"column":8},"end":{"line":39,"column":9}},"13":{"start":{"line":38,"column":12},"end":{"line":38,"column":80}},"14":{"start":{"line":40,"column":8},"end":{"line":44,"column":9}},"15":{"start":{"line":43,"column":12},"end":{"line":43,"column":58}},"16":{"start":{"line":45,"column":8},"end":{"line":47,"column":9}},"17":{"start":{"line":46,"column":12},"end":{"line":46,"column":59}},"18":{"start":{"line":49,"column":8},"end":{"line":51,"column":9}},"19":{"start":{"line":50,"column":12},"end":{"line":50,"column":62}},"20":{"start":{"line":52,"column":8},"end":{"line":52,"column":70}},"21":{"start":{"line":52,"column":39},"end":{"line":52,"column":68}},"22":{"start":{"line":53,"column":8},"end":{"line":53,"column":69}},"23":{"start":{"line":58,"column":4},"end":{"line":84,"column":7}},"24":{"start":{"line":59,"column":28},"end":{"line":59,"column":48}},"25":{"start":{"line":60,"column":19},"end":{"line":60,"column":32}},"26":{"start":{"line":61,"column":8},"end":{"line":63,"column":9}},"27":{"start":{"line":62,"column":12},"end":{"line":62,"column":56}},"28":{"start":{"line":64,"column":8},"end":{"line":83,"column":9}},"29":{"start":{"line":65,"column":25},"end":{"line":65,"column":50}},"30":{"start":{"line":66,"column":12},"end":{"line":68,"column":13}},"31":{"start":{"line":67,"column":16},"end":{"line":67,"column":65}},"32":{"start":{"line":69,"column":12},"end":{"line":71,"column":13}},"33":{"start":{"line":70,"column":16},"end":{"line":70,"column":64}},"34":{"start":{"line":72,"column":12},"end":{"line":78,"column":13}},"35":{"start":{"line":73,"column":16},"end":{"line":73,"column":51}},"36":{"start":{"line":74,"column":16},"end":{"line":74,"column":30}},"37":{"start":{"line":75,"column":16},"end":{"line":75,"column":69}},"38":{"start":{"line":77,"column":16},"end":{"line":77,"column":60}},"39":{"start":{"line":81,"column":12},"end":{"line":81,"column":66}},"40":{"start":{"line":86,"column":4},"end":{"line":109,"column":7}},"41":{"start":{"line":87,"column":28},"end":{"line":87,"column":48}},"42":{"start":{"line":88,"column":19},"end":{"line":88,"column":32}},"43":{"start":{"line":89,"column":8},"end":{"line":91,"column":9}},"44":{"start":{"line":90,"column":12},"end":{"line":90,"column":56}},"45":{"start":{"line":92,"column":8},"end":{"line":108,"column":9}},"46":{"start":{"line":93,"column":25},"end":{"line":93,"column":50}},"47":{"start":{"line":94,"column":12},"end":{"line":96,"column":13}},"48":{"start":{"line":95,"column":16},"end":{"line":95,"column":65}},"49":{"start":{"line":97,"column":12},"end":{"line":105,"column":13}},"50":{"start":{"line":98,"column":28},"end":{"line":98,"column":65}},"51":{"start":{"line":99,"column":16},"end":{"line":99,"column":49}},"52":{"start":{"line":100,"column":16},"end":{"line":100,"column":70}},"53":{"start":{"line":101,"column":16},"end":{"line":101,"column":30}},"54":{"start":{"line":102,"column":16},"end":{"line":102,"column":69}},"55":{"start":{"line":104,"column":16},"end":{"line":104,"column":73}},"56":{"start":{"line":107,"column":12},"end":{"line":107,"column":73}},"57":{"start":{"line":110,"column":4},"end":{"line":125,"column":7}},"58":{"start":{"line":111,"column":17},"end":{"line":111,"column":30}},"59":{"start":{"line":112,"column":8},"end":{"line":114,"column":9}},"60":{"start":{"line":113,"column":12},"end":{"line":113,"column":56}},"61":{"start":{"line":115,"column":8},"end":{"line":124,"column":10}},"62":{"start":{"line":116,"column":12},"end":{"line":123,"column":13}},"63":{"start":{"line":117,"column":16},"end":{"line":119,"column":17}},"64":{"start":{"line":118,"column":20},"end":{"line":118,"column":69}},"65":{"start":{"line":120,"column":16},"end":{"line":120,"column":51}},"66":{"start":{"line":122,"column":16},"end":{"line":122,"column":64}},"67":{"start":{"line":128,"column":4},"end":{"line":145,"column":6}},"68":{"start":{"line":129,"column":17},"end":{"line":129,"column":30}},"69":{"start":{"line":130,"column":8},"end":{"line":132,"column":9}},"70":{"start":{"line":131,"column":12},"end":{"line":131,"column":56}},"71":{"start":{"line":133,"column":19},"end":{"line":133,"column":39}},"72":{"start":{"line":134,"column":21},"end":{"line":134,"column":46}},"73":{"start":{"line":135,"column":8},"end":{"line":137,"column":9}},"74":{"start":{"line":136,"column":12},"end":{"line":136,"column":61}},"75":{"start":{"line":138,"column":8},"end":{"line":144,"column":9}},"76":{"start":{"line":139,"column":12},"end":{"line":141,"column":14}},"77":{"start":{"line":140,"column":16},"end":{"line":140,"column":78}},"78":{"start":{"line":143,"column":12},"end":{"line":143,"column":62}},"79":{"start":{"line":147,"column":0},"end":{"line":162,"column":2}},"80":{"start":{"line":148,"column":13},"end":{"line":148,"column":26}},"81":{"start":{"line":149,"column":4},"end":{"line":151,"column":5}},"82":{"start":{"line":150,"column":8},"end":{"line":150,"column":52}},"83":{"start":{"line":152,"column":4},"end":{"line":161,"column":6}},"84":{"start":{"line":153,"column":8},"end":{"line":160,"column":9}},"85":{"start":{"line":154,"column":12},"end":{"line":156,"column":13}},"86":{"start":{"line":155,"column":16},"end":{"line":155,"column":65}},"87":{"start":{"line":157,"column":12},"end":{"line":157,"column":50}},"88":{"start":{"line":159,"column":12},"end":{"line":159,"column":37}},"89":{"start":{"line":164,"column":0},"end":{"line":199,"column":3}},"90":{"start":{"line":165,"column":13},"end":{"line":165,"column":26}},"91":{"start":{"line":166,"column":4},"end":{"line":168,"column":5}},"92":{"start":{"line":167,"column":8},"end":{"line":167,"column":52}},"93":{"start":{"line":169,"column":4},"end":{"line":198,"column":7}},"94":{"start":{"line":170,"column":8},"end":{"line":172,"column":9}},"95":{"start":{"line":171,"column":12},"end":{"line":171,"column":61}},"96":{"start":{"line":173,"column":8},"end":{"line":175,"column":9}},"97":{"start":{"line":174,"column":12},"end":{"line":174,"column":77}},"98":{"start":{"line":176,"column":37},"end":{"line":176,"column":42}},"99":{"start":{"line":177,"column":8},"end":{"line":180,"column":9}},"100":{"start":{"line":178,"column":12},"end":{"line":179,"column":44}},"101":{"start":{"line":181,"column":8},"end":{"line":183,"column":9}},"102":{"start":{"line":182,"column":12},"end":{"line":182,"column":61}},"103":{"start":{"line":184,"column":8},"end":{"line":190,"column":9}},"104":{"start":{"line":184,"column":21},"end":{"line":184,"column":22}},"105":{"start":{"line":185,"column":12},"end":{"line":189,"column":13}},"106":{"start":{"line":186,"column":16},"end":{"line":186,"column":46}},"107":{"start":{"line":187,"column":16},"end":{"line":187,"column":48}},"108":{"start":{"line":188,"column":16},"end":{"line":188,"column":22}},"109":{"start":{"line":191,"column":8},"end":{"line":197,"column":9}},"110":{"start":{"line":192,"column":12},"end":{"line":192,"column":98}},"111":{"start":{"line":194,"column":21},"end":{"line":194,"column":113}},"112":{"start":{"line":195,"column":12},"end":{"line":195,"column":82}},"113":{"start":{"line":196,"column":12},"end":{"line":196,"column":75}},"114":{"start":{"line":204,"column":0},"end":{"line":207,"column":2}},"115":{"start":{"line":205,"column":4},"end":{"line":205,"column":26}},"116":{"start":{"line":206,"column":4},"end":{"line":206,"column":63}},"117":{"start":{"line":209,"column":0},"end":{"line":211,"column":3}},"118":{"start":{"line":210,"column":4},"end":{"line":210,"column":63}},"119":{"start":{"line":213,"column":0},"end":{"line":225,"column":3}},"120":{"start":{"line":214,"column":4},"end":{"line":224,"column":6}},"121":{"start":{"line":215,"column":8},"end":{"line":223,"column":9}},"122":{"start":{"line":216,"column":12},"end":{"line":220,"column":13}},"123":{"start":{"line":217,"column":16},"end":{"line":217,"column":94}},"124":{"start":{"line":219,"column":16},"end":{"line":219,"column":94}},"125":{"start":{"line":222,"column":12},"end":{"line":222,"column":37}}},"fnMap":{"0":{"name":"(anonymous_0)","decl":{"start":{"line":4,"column":17},"end":{"line":4,"column":18}},"loc":{"start":{"line":4,"column":42},"end":{"line":226,"column":1}},"line":4},"1":{"name":"(anonymous_1)","decl":{"start":{"line":16,"column":26},"end":{"line":16,"column":27}},"loc":{"start":{"line":16,"column":46},"end":{"line":24,"column":5}},"line":16},"2":{"name":"(anonymous_2)","decl":{"start":{"line":17,"column":24},"end":{"line":17,"column":25}},"loc":{"start":{"line":17,"column":47},"end":{"line":23,"column":9}},"line":17},"3":{"name":"(anonymous_3)","decl":{"start":{"line":26,"column":41},"end":{"line":26,"column":42}},"loc":{"start":{"line":26,"column":55},"end":{"line":54,"column":5}},"line":26},"4":{"name":"(anonymous_4)","decl":{"start":{"line":52,"column":33},"end":{"line":52,"column":34}},"loc":{"start":{"line":52,"column":39},"end":{"line":52,"column":68}},"line":52},"5":{"name":"(anonymous_5)","decl":{"start":{"line":58,"column":56},"end":{"line":58,"column":57}},"loc":{"start":{"line":58,"column":82},"end":{"line":84,"column":5}},"line":58},"6":{"name":"(anonymous_6)","decl":{"start":{"line":86,"column":58},"end":{"line":86,"column":59}},"loc":{"start":{"line":86,"column":84},"end":{"line":109,"column":5}},"line":86},"7":{"name":"(anonymous_7)","decl":{"start":{"line":110,"column":30},"end":{"line":110,"column":31}},"loc":{"start":{"line":110,"column":56},"end":{"line":125,"column":5}},"line":110},"8":{"name":"(anonymous_8)","decl":{"start":{"line":115,"column":40},"end":{"line":115,"column":41}},"loc":{"start":{"line":115,"column":57},"end":{"line":124,"column":9}},"line":115},"9":{"name":"(anonymous_9)","decl":{"start":{"line":128,"column":47},"end":{"line":128,"column":48}},"loc":{"start":{"line":128,"column":73},"end":{"line":145,"column":5}},"line":128},"10":{"name":"(anonymous_10)","decl":{"start":{"line":139,"column":42},"end":{"line":139,"column":43}},"loc":{"start":{"line":139,"column":63},"end":{"line":141,"column":13}},"line":139},"11":{"name":"(anonymous_11)","decl":{"start":{"line":147,"column":36},"end":{"line":147,"column":37}},"loc":{"start":{"line":147,"column":62},"end":{"line":162,"column":1}},"line":147},"12":{"name":"(anonymous_12)","decl":{"start":{"line":152,"column":44},"end":{"line":152,"column":45}},"loc":{"start":{"line":152,"column":61},"end":{"line":161,"column":5}},"line":152},"13":{"name":"(anonymous_13)","decl":{"start":{"line":164,"column":51},"end":{"line":164,"column":52}},"loc":{"start":{"line":164,"column":77},"end":{"line":199,"column":1}},"line":164},"14":{"name":"(anonymous_14)","decl":{"start":{"line":169,"column":44},"end":{"line":169,"column":45}},"loc":{"start":{"line":169,"column":67},"end":{"line":198,"column":5}},"line":169},"15":{"name":"(anonymous_15)","decl":{"start":{"line":204,"column":33},"end":{"line":204,"column":34}},"loc":{"start":{"line":204,"column":47},"end":{"line":207,"column":1}},"line":204},"16":{"name":"(anonymous_16)","decl":{"start":{"line":209,"column":30},"end":{"line":209,"column":31}},"loc":{"start":{"line":209,"column":44},"end":{"line":211,"column":1}},"line":209},"17":{"name":"(anonymous_17)","decl":{"start":{"line":213,"column":37},"end":{"line":213,"column":38}},"loc":{"start":{"line":213,"column":51},"end":{"line":225,"column":1}},"line":213},"18":{"name":"(anonymous_18)","decl":{"start":{"line":214,"column":55},"end":{"line":214,"column":56}},"loc":{"start":{"line":214,"column":72},"end":{"line":224,"column":5}},"line":214}},"branchMap":{"0":{"loc":{"start":{"line":18,"column":12},"end":{"line":22,"column":13}},"type":"if","locations":[{"start":{"line":18,"column":12},"end":{"line":22,"column":13}},{"start":{"line":20,"column":19},"end":{"line":22,"column":13}}],"line":18},"1":{"loc":{"start":{"line":36,"column":8},"end":{"line":39,"column":9}},"type":"if","locations":[{"start":{"line":36,"column":8},"end":{"line":39,"column":9}},{"start":{},"end":{}}],"line":36},"2":{"loc":{"start":{"line":36,"column":12},"end":{"line":37,"column":115}},"type":"binary-expr","locations":[{"start":{"line":36,"column":12},"end":{"line":36,"column":56}},{"start":{"line":36,"column":60},"end":{"line":36,"column":97}},{"start":{"line":36,"column":101},"end":{"line":36,"column":138}},{"start":{"line":37,"column":15},"end":{"line":37,"column":67}},{"start":{"line":37,"column":71},"end":{"line":37,"column":115}}],"line":36},"3":{"loc":{"start":{"line":40,"column":8},"end":{"line":44,"column":9}},"type":"if","locations":[{"start":{"line":40,"column":8},"end":{"line":44,"column":9}},{"start":{},"end":{}}],"line":40},"4":{"loc":{"start":{"line":40,"column":12},"end":{"line":42,"column":77}},"type":"binary-expr","locations":[{"start":{"line":40,"column":12},"end":{"line":40,"column":38}},{"start":{"line":40,"column":42},"end":{"line":40,"column":61}},{"start":{"line":40,"column":65},"end":{"line":40,"column":97}},{"start":{"line":41,"column":13},"end":{"line":41,"column":37}},{"start":{"line":41,"column":41},"end":{"line":41,"column":65}},{"start":{"line":41,"column":70},"end":{"line":41,"column":103}},{"start":{"line":41,"column":107},"end":{"line":41,"column":139}},{"start":{"line":42,"column":13},"end":{"line":42,"column":42}},{"start":{"line":42,"column":46},"end":{"line":42,"column":76}}],"line":40},"5":{"loc":{"start":{"line":45,"column":8},"end":{"line":47,"column":9}},"type":"if","locations":[{"start":{"line":45,"column":8},"end":{"line":47,"column":9}},{"start":{},"end":{}}],"line":45},"6":{"loc":{"start":{"line":49,"column":8},"end":{"line":51,"column":9}},"type":"if","locations":[{"start":{"line":49,"column":8},"end":{"line":51,"column":9}},{"start":{},"end":{}}],"line":49},"7":{"loc":{"start":{"line":61,"column":8},"end":{"line":63,"column":9}},"type":"if","locations":[{"start":{"line":61,"column":8},"end":{"line":63,"column":9}},{"start":{},"end":{}}],"line":61},"8":{"loc":{"start":{"line":66,"column":12},"end":{"line":68,"column":13}},"type":"if","locations":[{"start":{"line":66,"column":12},"end":{"line":68,"column":13}},{"start":{},"end":{}}],"line":66},"9":{"loc":{"start":{"line":69,"column":12},"end":{"line":71,"column":13}},"type":"if","locations":[{"start":{"line":69,"column":12},"end":{"line":71,"column":13}},{"start":{},"end":{}}],"line":69},"10":{"loc":{"start":{"line":72,"column":12},"end":{"line":78,"column":13}},"type":"if","locations":[{"start":{"line":72,"column":12},"end":{"line":78,"column":13}},{"start":{"line":76,"column":19},"end":{"line":78,"column":13}}],"line":72},"11":{"loc":{"start":{"line":89,"column":8},"end":{"line":91,"column":9}},"type":"if","locations":[{"start":{"line":89,"column":8},"end":{"line":91,"column":9}},{"start":{},"end":{}}],"line":89},"12":{"loc":{"start":{"line":94,"column":12},"end":{"line":96,"column":13}},"type":"if","locations":[{"start":{"line":94,"column":12},"end":{"line":96,"column":13}},{"start":{},"end":{}}],"line":94},"13":{"loc":{"start":{"line":97,"column":12},"end":{"line":105,"column":13}},"type":"if","locations":[{"start":{"line":97,"column":12},"end":{"line":105,"column":13}},{"start":{"line":103,"column":19},"end":{"line":105,"column":13}}],"line":97},"14":{"loc":{"start":{"line":112,"column":8},"end":{"line":114,"column":9}},"type":"if","locations":[{"start":{"line":112,"column":8},"end":{"line":114,"column":9}},{"start":{},"end":{}}],"line":112},"15":{"loc":{"start":{"line":116,"column":12},"end":{"line":123,"column":13}},"type":"if","locations":[{"start":{"line":116,"column":12},"end":{"line":123,"column":13}},{"start":{"line":121,"column":19},"end":{"line":123,"column":13}}],"line":116},"16":{"loc":{"start":{"line":117,"column":16},"end":{"line":119,"column":17}},"type":"if","locations":[{"start":{"line":117,"column":16},"end":{"line":119,"column":17}},{"start":{},"end":{}}],"line":117},"17":{"loc":{"start":{"line":130,"column":8},"end":{"line":132,"column":9}},"type":"if","locations":[{"start":{"line":130,"column":8},"end":{"line":132,"column":9}},{"start":{},"end":{}}],"line":130},"18":{"loc":{"start":{"line":135,"column":8},"end":{"line":137,"column":9}},"type":"if","locations":[{"start":{"line":135,"column":8},"end":{"line":137,"column":9}},{"start":{},"end":{}}],"line":135},"19":{"loc":{"start":{"line":138,"column":8},"end":{"line":144,"column":9}},"type":"if","locations":[{"start":{"line":138,"column":8},"end":{"line":144,"column":9}},{"start":{"line":142,"column":15},"end":{"line":144,"column":9}}],"line":138},"20":{"loc":{"start":{"line":149,"column":4},"end":{"line":151,"column":5}},"type":"if","locations":[{"start":{"line":149,"column":4},"end":{"line":151,"column":5}},{"start":{},"end":{}}],"line":149},"21":{"loc":{"start":{"line":153,"column":8},"end":{"line":160,"column":9}},"type":"if","locations":[{"start":{"line":153,"column":8},"end":{"line":160,"column":9}},{"start":{"line":158,"column":15},"end":{"line":160,"column":9}}],"line":153},"22":{"loc":{"start":{"line":154,"column":12},"end":{"line":156,"column":13}},"type":"if","locations":[{"start":{"line":154,"column":12},"end":{"line":156,"column":13}},{"start":{},"end":{}}],"line":154},"23":{"loc":{"start":{"line":166,"column":4},"end":{"line":168,"column":5}},"type":"if","locations":[{"start":{"line":166,"column":4},"end":{"line":168,"column":5}},{"start":{},"end":{}}],"line":166},"24":{"loc":{"start":{"line":170,"column":8},"end":{"line":172,"column":9}},"type":"if","locations":[{"start":{"line":170,"column":8},"end":{"line":172,"column":9}},{"start":{},"end":{}}],"line":170},"25":{"loc":{"start":{"line":173,"column":8},"end":{"line":175,"column":9}},"type":"if","locations":[{"start":{"line":173,"column":8},"end":{"line":175,"column":9}},{"start":{},"end":{}}],"line":173},"26":{"loc":{"start":{"line":173,"column":11},"end":{"line":173,"column":99}},"type":"binary-expr","locations":[{"start":{"line":173,"column":11},"end":{"line":173,"column":28}},{"start":{"line":173,"column":32},"end":{"line":173,"column":49}},{"start":{"line":173,"column":53},"end":{"line":173,"column":75}},{"start":{"line":173,"column":78},"end":{"line":173,"column":99}}],"line":173},"27":{"loc":{"start":{"line":177,"column":8},"end":{"line":180,"column":9}},"type":"if","locations":[{"start":{"line":177,"column":8},"end":{"line":180,"column":9}},{"start":{},"end":{}}],"line":177},"28":{"loc":{"start":{"line":177,"column":11},"end":{"line":177,"column":102}},"type":"binary-expr","locations":[{"start":{"line":177,"column":11},"end":{"line":177,"column":55}},{"start":{"line":177,"column":58},"end":{"line":177,"column":102}}],"line":177},"29":{"loc":{"start":{"line":181,"column":8},"end":{"line":183,"column":9}},"type":"if","locations":[{"start":{"line":181,"column":8},"end":{"line":183,"column":9}},{"start":{},"end":{}}],"line":181},"30":{"loc":{"start":{"line":181,"column":11},"end":{"line":181,"column":81}},"type":"binary-expr","locations":[{"start":{"line":181,"column":11},"end":{"line":181,"column":44}},{"start":{"line":181,"column":48},"end":{"line":181,"column":81}}],"line":181},"31":{"loc":{"start":{"line":185,"column":12},"end":{"line":189,"column":13}},"type":"if","locations":[{"start":{"line":185,"column":12},"end":{"line":189,"column":13}},{"start":{},"end":{}}],"line":185},"32":{"loc":{"start":{"line":185,"column":16},"end":{"line":185,"column":128}},"type":"binary-expr","locations":[{"start":{"line":185,"column":16},"end":{"line":185,"column":70}},{"start":{"line":185,"column":74},"end":{"line":185,"column":128}}],"line":185},"33":{"loc":{"start":{"line":191,"column":8},"end":{"line":197,"column":9}},"type":"if","locations":[{"start":{"line":191,"column":8},"end":{"line":197,"column":9}},{"start":{"line":193,"column":15},"end":{"line":197,"column":9}}],"line":191},"34":{"loc":{"start":{"line":215,"column":8},"end":{"line":223,"column":9}},"type":"if","locations":[{"start":{"line":215,"column":8},"end":{"line":223,"column":9}},{"start":{"line":221,"column":15},"end":{"line":223,"column":9}}],"line":215},"35":{"loc":{"start":{"line":216,"column":12},"end":{"line":220,"column":13}},"type":"if","locations":[{"start":{"line":216,"column":12},"end":{"line":220,"column":13}},{"start":{"line":218,"column":19},"end":{"line":220,"column":13}}],"line":216}},"s":{"0":4,"1":4,"2":4,"3":4,"4":4,"5":1,"6":1,"7":0,"8":1,"9":4,"10":3,"11":3,"12":3,"13":2,"14":1,"15":0,"16":1,"17":0,"18":1,"19":1,"20":1,"21":1,"22":1,"23":4,"24":1,"25":1,"26":1,"27":0,"28":1,"29":1,"30":1,"31":0,"32":1,"33":0,"34":1,"35":1,"36":1,"37":1,"38":0,"39":0,"40":4,"41":3,"42":3,"43":3,"44":1,"45":2,"46":2,"47":2,"48":0,"49":2,"50":1,"51":1,"52":1,"53":1,"54":1,"55":1,"56":0,"57":4,"58":2,"59":2,"60":1,"61":1,"62":1,"63":1,"64":0,"65":1,"66":0,"67":4,"68":2,"69":2,"70":1,"71":1,"72":1,"73":1,"74":0,"75":1,"76":0,"77":0,"78":1,"79":4,"80":2,"81":2,"82":1,"83":1,"84":1,"85":1,"86":0,"87":1,"88":0,"89":4,"90":1,"91":1,"92":0,"93":1,"94":1,"95":0,"96":1,"97":1,"98":0,"99":0,"100":0,"101":0,"102":0,"103":0,"104":0,"105":0,"106":0,"107":0,"108":0,"109":0,"110":0,"111":0,"112":0,"113":0,"114":4,"115":0,"116":0,"117":4,"118":0,"119":4,"120":0,"121":0,"122":0,"123":0,"124":0,"125":0},"f":{"0":4,"1":1,"2":1,"3":3,"4":1,"5":1,"6":3,"7":2,"8":1,"9":2,"10":0,"11":2,"12":1,"13":1,"14":1,"15":0,"16":0,"17":0,"18":0},"b":{"0":[0,1],"1":[2,1],"2":[3,2,2,1,1],"3":[0,1],"4":[1,1,1,1,0,1,1,1,0],"5":[0,1],"6":[1,0],"7":[0,1],"8":[0,1],"9":[0,1],"10":[1,0],"11":[1,2],"12":[0,2],"13":[1,1],"14":[1,1],"15":[1,0],"16":[0,1],"17":[1,1],"18":[0,1],"19":[0,1],"20":[1,1],"21":[1,0],"22":[0,1],"23":[0,1],"24":[0,1],"25":[1,0],"26":[1,1,1,0],"27":[0,0],"28":[0,0],"29":[0,0],"30":[0,0],"31":[0,0],"32":[0,0],"33":[0,0],"34":[0,0],"35":[0,0]},"_coverageSchema":"1a1c01bbd47fc00a2c39e90264f33305004495a9","hash":"1842e2900419e9340ec4bbd3741f276f4e19fe2d"}
,"/home/hydran/IDS2/PingPov/api/users.js": {"path":"/home/hydran/IDS2/PingPov/api/users.js","statementMap":{"0":{"start":{"line":1,"column":0},"end":{"line":58,"column":2}},"1":{"start":{"line":2,"column":17},"end":{"line":2,"column":41}},"2":{"start":{"line":3,"column":4},"end":{"line":24,"column":6}},"3":{"start":{"line":4,"column":8},"end":{"line":23,"column":9}},"4":{"start":{"line":5,"column":12},"end":{"line":20,"column":35}},"5":{"start":{"line":6,"column":16},"end":{"line":18,"column":17}},"6":{"start":{"line":7,"column":28},"end":{"line":7,"column":30}},"7":{"start":{"line":9,"column":20},"end":{"line":11,"column":21}},"8":{"start":{"line":10,"column":24},"end":{"line":10,"column":43}},"9":{"start":{"line":12,"column":20},"end":{"line":14,"column":21}},"10":{"start":{"line":12,"column":30},"end":{"line":12,"column":31}},"11":{"start":{"line":13,"column":24},"end":{"line":13,"column":40}},"12":{"start":{"line":15,"column":20},"end":{"line":15,"column":51}},"13":{"start":{"line":17,"column":20},"end":{"line":17,"column":68}},"14":{"start":{"line":22,"column":12},"end":{"line":22,"column":61}},"15":{"start":{"line":26,"column":4},"end":{"line":57,"column":7}},"16":{"start":{"line":28,"column":19},"end":{"line":37,"column":10}},"17":{"start":{"line":39,"column":8},"end":{"line":42,"column":9}},"18":{"start":{"line":40,"column":12},"end":{"line":40,"column":109}},"19":{"start":{"line":41,"column":12},"end":{"line":41,"column":19}},"20":{"start":{"line":44,"column":24},"end":{"line":44,"column":60}},"21":{"start":{"line":45,"column":8},"end":{"line":47,"column":9}},"22":{"start":{"line":46,"column":12},"end":{"line":46,"column":75}},"23":{"start":{"line":49,"column":8},"end":{"line":51,"column":9}},"24":{"start":{"line":50,"column":12},"end":{"line":50,"column":122}},"25":{"start":{"line":52,"column":8},"end":{"line":54,"column":9}},"26":{"start":{"line":53,"column":12},"end":{"line":53,"column":75}},"27":{"start":{"line":55,"column":8},"end":{"line":55,"column":67}},"28":{"start":{"line":55,"column":37},"end":{"line":55,"column":65}},"29":{"start":{"line":56,"column":8},"end":{"line":56,"column":42}},"30":{"start":{"line":61,"column":13},"end":{"line":61,"column":168}},"31":{"start":{"line":62,"column":4},"end":{"line":62,"column":25}}},"fnMap":{"0":{"name":"(anonymous_0)","decl":{"start":{"line":1,"column":17},"end":{"line":1,"column":18}},"loc":{"start":{"line":1,"column":31},"end":{"line":58,"column":1}},"line":1},"1":{"name":"(anonymous_1)","decl":{"start":{"line":3,"column":26},"end":{"line":3,"column":27}},"loc":{"start":{"line":3,"column":46},"end":{"line":24,"column":5}},"line":3},"2":{"name":"(anonymous_2)","decl":{"start":{"line":5,"column":93},"end":{"line":5,"column":94}},"loc":{"start":{"line":5,"column":105},"end":{"line":20,"column":13}},"line":5},"3":{"name":"(anonymous_3)","decl":{"start":{"line":26,"column":26},"end":{"line":26,"column":27}},"loc":{"start":{"line":26,"column":46},"end":{"line":57,"column":5}},"line":26},"4":{"name":"(anonymous_4)","decl":{"start":{"line":55,"column":31},"end":{"line":55,"column":32}},"loc":{"start":{"line":55,"column":37},"end":{"line":55,"column":65}},"line":55},"5":{"name":"checkIfEmailInString","decl":{"start":{"line":59,"column":9},"end":{"line":59,"column":29}},"loc":{"start":{"line":59,"column":36},"end":{"line":63,"column":1}},"line":59}},"branchMap":{"0":{"loc":{"start":{"line":4,"column":8},"end":{"line":23,"column":9}},"type":"if","locations":[{"start":{"line":4,"column":8},"end":{"line":23,"column":9}},{"start":{"line":21,"column":13},"end":{"line":23,"column":9}}],"line":4},"1":{"loc":{"start":{"line":4,"column":14},"end":{"line":4,"column":110}},"type":"binary-expr","locations":[{"start":{"line":4,"column":14},"end":{"line":4,"column":39}},{"start":{"line":4,"column":43},"end":{"line":4,"column":71}},{"start":{"line":4,"column":75},"end":{"line":4,"column":110}}],"line":4},"2":{"loc":{"start":{"line":6,"column":16},"end":{"line":18,"column":17}},"type":"if","locations":[{"start":{"line":6,"column":16},"end":{"line":18,"column":17}},{"start":{"line":16,"column":21},"end":{"line":18,"column":17}}],"line":6},"3":{"loc":{"start":{"line":9,"column":20},"end":{"line":11,"column":21}},"type":"if","locations":[{"start":{"line":9,"column":20},"end":{"line":11,"column":21}},{"start":{},"end":{}}],"line":9},"4":{"loc":{"start":{"line":39,"column":8},"end":{"line":42,"column":9}},"type":"if","locations":[{"start":{"line":39,"column":8},"end":{"line":42,"column":9}},{"start":{},"end":{}}],"line":39},"5":{"loc":{"start":{"line":39,"column":12},"end":{"line":39,"column":93}},"type":"binary-expr","locations":[{"start":{"line":39,"column":12},"end":{"line":39,"column":23}},{"start":{"line":39,"column":27},"end":{"line":39,"column":56}},{"start":{"line":39,"column":60},"end":{"line":39,"column":93}}],"line":39},"6":{"loc":{"start":{"line":45,"column":8},"end":{"line":47,"column":9}},"type":"if","locations":[{"start":{"line":45,"column":8},"end":{"line":47,"column":9}},{"start":{},"end":{}}],"line":45},"7":{"loc":{"start":{"line":49,"column":8},"end":{"line":51,"column":9}},"type":"if","locations":[{"start":{"line":49,"column":8},"end":{"line":51,"column":9}},{"start":{},"end":{}}],"line":49},"8":{"loc":{"start":{"line":49,"column":12},"end":{"line":49,"column":92}},"type":"binary-expr","locations":[{"start":{"line":49,"column":12},"end":{"line":49,"column":33}},{"start":{"line":49,"column":37},"end":{"line":49,"column":61}},{"start":{"line":49,"column":65},"end":{"line":49,"column":92}}],"line":49},"9":{"loc":{"start":{"line":52,"column":8},"end":{"line":54,"column":9}},"type":"if","locations":[{"start":{"line":52,"column":8},"end":{"line":54,"column":9}},{"start":{},"end":{}}],"line":52},"10":{"loc":{"start":{"line":52,"column":12},"end":{"line":52,"column":216}},"type":"binary-expr","locations":[{"start":{"line":52,"column":12},"end":{"line":52,"column":40}},{"start":{"line":52,"column":44},"end":{"line":52,"column":75}},{"start":{"line":52,"column":79},"end":{"line":52,"column":109}},{"start":{"line":52,"column":113},"end":{"line":52,"column":141}},{"start":{"line":52,"column":145},"end":{"line":52,"column":178}},{"start":{"line":52,"column":182},"end":{"line":52,"column":216}}],"line":52}},"s":{"0":4,"1":4,"2":4,"3":2,"4":1,"5":1,"6":1,"7":1,"8":1,"9":1,"10":1,"11":1,"12":1,"13":0,"14":1,"15":4,"16":0,"17":0,"18":0,"19":0,"20":0,"21":0,"22":0,"23":0,"24":0,"25":0,"26":0,"27":0,"28":0,"29":0,"30":0,"31":0},"f":{"0":4,"1":2,"2":1,"3":0,"4":0,"5":0},"b":{"0":[1,1],"1":[2,1,1],"2":[1,0],"3":[1,0],"4":[0,0],"5":[0,0,0],"6":[0,0],"7":[0,0],"8":[0,0,0],"9":[0,0],"10":[0,0,0,0,0,0]},"_coverageSchema":"1a1c01bbd47fc00a2c39e90264f33305004495a9","hash":"80f810b70d0da30c537b2b05bf69185978368fb1"}
,"/home/hydran/IDS2/PingPov/api/models/user.js": {"path":"/home/hydran/IDS2/PingPov/api/models/user.js","statementMap":{"0":{"start":{"line":2,"column":15},"end":{"line":2,"column":34}},"1":{"start":{"line":3,"column":13},"end":{"line":3,"column":28}},"2":{"start":{"line":6,"column":0},"end":{"line":16,"column":4}}},"fnMap":{},"branchMap":{},"s":{"0":4,"1":4,"2":4},"f":{},"b":{},"_coverageSchema":"1a1c01bbd47fc00a2c39e90264f33305004495a9","hash":"917a4c5573331dcb63762c73d8528c89e6df72a3"}
,"/home/hydran/IDS2/PingPov/jest/jest.config.js": {"path":"/home/hydran/IDS2/PingPov/jest/jest.config.js","statementMap":{"0":{"start":{"line":2,"column":0},"end":{"line":4,"column":3}}},"fnMap":{},"branchMap":{},"s":{"0":2},"f":{},"b":{},"_coverageSchema":"1a1c01bbd47fc00a2c39e90264f33305004495a9","hash":"3f493d9d2a53dcb289342c8584b9c245ce121fa3"}
}
