TN:
SF:index.js
FN:44,(anonymous_0)
FN:47,(anonymous_1)
FN:51,requireAutentication
FN:58,(anonymous_3)
FNF:4
FNH:0
FNDA:0,(anonymous_0)
FNDA:0,(anonymous_1)
FNDA:0,requireAutentication
FNDA:0,(anonymous_3)
DA:2,2
DA:3,2
DA:4,2
DA:5,2
DA:6,2
DA:7,2
DA:20,2
DA:21,2
DA:23,2
DA:24,2
DA:27,2
DA:30,2
DA:34,2
DA:35,2
DA:36,2
DA:37,2
DA:38,2
DA:39,2
DA:40,2
DA:41,2
DA:44,2
DA:45,0
DA:47,2
DA:48,0
DA:50,2
DA:52,0
DA:53,0
DA:55,0
DA:58,2
DA:59,0
DA:62,2
DA:64,2
LF:32
LH:26
BRDA:52,0,0,0
BRDA:52,0,1,0
BRDA:52,1,0,0
BRDA:52,1,1,0
BRF:4
BRH:0
end_of_record
TN:
SF:api/api_index.js
FN:10,(anonymous_0)
FNF:1
FNH:1
FNDA:2,(anonymous_0)
DA:2,2
DA:3,2
DA:4,2
DA:5,2
DA:6,2
DA:7,2
DA:8,2
DA:10,2
DA:11,2
DA:12,2
DA:13,2
DA:14,2
DA:15,2
DA:16,2
DA:17,2
LF:15
LH:15
BRF:0
BRH:0
end_of_record
TN:
SF:api/autenticazione.js
FN:8,(anonymous_0)
FN:12,(anonymous_1)
FNF:2
FNH:2
FNDA:2,(anonymous_0)
FNDA:1,(anonymous_1)
DA:1,2
DA:2,2
DA:8,2
DA:12,2
DA:14,1
DA:18,1
DA:19,0
DA:22,1
DA:23,0
DA:26,1
DA:27,0
DA:30,1
DA:31,0
DA:35,1
DA:39,1
DA:42,1
DA:44,1
LF:17
LH:13
BRDA:18,0,0,0
BRDA:18,0,1,1
BRDA:22,1,0,0
BRDA:22,1,1,1
BRDA:26,2,0,0
BRDA:26,2,1,1
BRDA:26,3,0,1
BRDA:26,3,1,1
BRDA:30,4,0,0
BRDA:30,4,1,1
BRF:10
BRH:6
end_of_record
TN:
SF:api/google_login.js
FN:1,(anonymous_0)
FN:15,(anonymous_1)
FN:31,(anonymous_2)
FN:34,(anonymous_3)
FN:52,(anonymous_4)
FN:54,(anonymous_5)
FN:58,(anonymous_6)
FN:66,(anonymous_7)
FN:70,(anonymous_8)
FN:81,(anonymous_9)
FN:92,(anonymous_10)
FN:109,(anonymous_11)
FNF:12
FNH:1
FNDA:2,(anonymous_0)
FNDA:0,(anonymous_1)
FNDA:0,(anonymous_2)
FNDA:0,(anonymous_3)
FNDA:0,(anonymous_4)
FNDA:0,(anonymous_5)
FNDA:0,(anonymous_6)
FNDA:0,(anonymous_7)
FNDA:0,(anonymous_8)
FNDA:0,(anonymous_9)
FNDA:0,(anonymous_10)
FNDA:0,(anonymous_11)
DA:1,2
DA:2,2
DA:3,2
DA:4,2
DA:5,2
DA:6,2
DA:8,2
DA:10,2
DA:15,2
DA:18,0
DA:19,0
DA:21,0
DA:23,0
DA:24,0
DA:26,0
DA:27,0
DA:28,0
DA:31,2
DA:34,2
DA:35,0
DA:36,0
DA:38,0
DA:39,0
DA:40,0
DA:42,0
DA:52,0
DA:54,2
DA:55,0
DA:56,0
DA:58,2
DA:59,0
DA:60,0
DA:61,0
DA:63,0
DA:66,2
DA:67,0
DA:70,2
DA:71,0
DA:73,2
DA:76,2
DA:82,0
DA:83,0
DA:87,2
DA:90,2
DA:95,0
DA:99,0
DA:102,0
DA:103,0
DA:104,0
DA:109,2
DA:110,0
DA:111,0
DA:113,0
LF:53
LH:20
BRDA:19,0,0,0
BRDA:19,0,1,0
BRDA:35,1,0,0
BRDA:35,1,1,0
BRDA:39,2,0,0
BRDA:39,2,1,0
BRDA:60,3,0,0
BRDA:60,3,1,0
BRF:8
BRH:0
end_of_record
TN:
SF:api/modalita_di_gioco.js
FN:4,(anonymous_0)
FN:18,(anonymous_1)
FN:37,(anonymous_2)
FN:39,(anonymous_3)
FN:54,(anonymous_4)
FN:80,(anonymous_5)
FN:84,(anonymous_6)
FN:85,(anonymous_7)
FN:94,(anonymous_8)
FN:99,(anonymous_9)
FN:111,(anonymous_10)
FN:116,(anonymous_11)
FN:125,(anonymous_12)
FN:139,(anonymous_13)
FN:144,(anonymous_14)
FN:183,(anonymous_15)
FN:188,(anonymous_16)
FN:211,(anonymous_17)
FN:212,(anonymous_18)
FN:243,(anonymous_19)
FN:254,(anonymous_20)
FN:278,(anonymous_21)
FN:290,(anonymous_22)
FN:294,(anonymous_23)
FN:305,(anonymous_24)
FN:308,(anonymous_25)
FN:311,(anonymous_26)
FN:314,(anonymous_27)
FN:318,(anonymous_28)
FNF:29
FNH:3
FNDA:2,(anonymous_0)
FNDA:0,(anonymous_1)
FNDA:1,(anonymous_2)
FNDA:1,(anonymous_3)
FNDA:0,(anonymous_4)
FNDA:0,(anonymous_5)
FNDA:0,(anonymous_6)
FNDA:0,(anonymous_7)
FNDA:0,(anonymous_8)
FNDA:0,(anonymous_9)
FNDA:0,(anonymous_10)
FNDA:0,(anonymous_11)
FNDA:0,(anonymous_12)
FNDA:0,(anonymous_13)
FNDA:0,(anonymous_14)
FNDA:0,(anonymous_15)
FNDA:0,(anonymous_16)
FNDA:0,(anonymous_17)
FNDA:0,(anonymous_18)
FNDA:0,(anonymous_19)
FNDA:0,(anonymous_20)
FNDA:0,(anonymous_21)
FNDA:0,(anonymous_22)
FNDA:0,(anonymous_23)
FNDA:0,(anonymous_24)
FNDA:0,(anonymous_25)
FNDA:0,(anonymous_26)
FNDA:0,(anonymous_27)
FNDA:0,(anonymous_28)
DA:1,2
DA:4,2
DA:5,2
DA:6,2
DA:18,2
DA:19,0
DA:20,0
DA:22,0
DA:23,0
DA:25,0
DA:26,0
DA:28,0
DA:29,0
DA:31,0
DA:37,2
DA:38,1
DA:39,1
DA:40,1
DA:41,0
DA:43,1
DA:44,1
DA:45,0
DA:46,0
DA:49,1
DA:54,2
DA:55,0
DA:57,0
DA:58,0
DA:60,0
DA:61,0
DA:63,0
DA:64,0
DA:66,0
DA:67,0
DA:68,0
DA:70,0
DA:71,0
DA:72,0
DA:74,0
DA:75,0
DA:76,0
DA:77,0
DA:78,0
DA:79,0
DA:80,0
DA:81,0
DA:84,2
DA:85,0
DA:86,0
DA:87,0
DA:89,0
DA:94,2
DA:95,0
DA:96,0
DA:97,0
DA:99,0
DA:100,0
DA:101,0
DA:103,0
DA:104,0
DA:106,0
DA:111,2
DA:112,0
DA:113,0
DA:114,0
DA:116,0
DA:117,0
DA:118,0
DA:120,0
DA:121,0
DA:123,0
DA:125,0
DA:126,0
DA:130,0
DA:131,0
DA:134,0
DA:139,2
DA:140,0
DA:141,0
DA:142,0
DA:144,0
DA:145,0
DA:146,0
DA:148,0
DA:149,0
DA:151,0
DA:152,0
DA:155,0
DA:156,0
DA:157,0
DA:158,0
DA:161,0
DA:162,0
DA:164,0
DA:167,0
DA:168,0
DA:169,0
DA:172,0
DA:173,0
DA:174,0
DA:176,0
DA:183,2
DA:184,0
DA:185,0
DA:186,0
DA:188,0
DA:189,0
DA:190,0
DA:192,0
DA:193,0
DA:195,0
DA:196,0
DA:197,0
DA:198,0
DA:200,0
DA:201,0
DA:202,0
DA:204,0
DA:205,0
DA:206,0
DA:208,0
DA:211,2
DA:212,0
DA:213,0
DA:214,0
DA:216,0
DA:217,0
DA:219,0
DA:220,0
DA:222,0
DA:223,0
DA:225,0
DA:226,0
DA:228,0
DA:229,0
DA:231,0
DA:232,0
DA:236,0
DA:238,0
DA:239,0
DA:243,0
DA:246,0
DA:247,0
DA:250,0
DA:254,0
DA:257,0
DA:258,0
DA:261,0
DA:263,0
DA:264,0
DA:265,0
DA:272,0
DA:279,0
DA:280,0
DA:283,0
DA:290,2
DA:291,0
DA:295,0
DA:296,0
DA:298,0
DA:305,2
DA:306,0
DA:308,2
DA:309,0
DA:311,2
DA:312,0
DA:314,2
DA:315,0
DA:318,2
DA:319,0
DA:320,0
DA:322,0
DA:323,0
DA:324,0
DA:326,0
DA:327,0
DA:328,0
DA:330,0
DA:331,0
DA:334,0
DA:335,0
DA:336,0
DA:337,0
DA:339,0
DA:342,0
DA:343,0
DA:344,0
DA:345,0
DA:347,0
DA:352,0
DA:353,0
DA:355,0
DA:356,0
DA:358,0
DA:359,0
DA:360,0
LF:196
LH:25
BRDA:22,0,0,0
BRDA:22,0,1,0
BRDA:25,1,0,0
BRDA:25,1,1,0
BRDA:25,2,0,0
BRDA:25,2,1,0
BRDA:28,3,0,0
BRDA:28,3,1,0
BRDA:28,4,0,0
BRDA:28,4,1,0
BRDA:28,4,2,0
BRDA:40,5,0,0
BRDA:40,5,1,1
BRDA:45,6,0,0
BRDA:45,6,1,0
BRDA:57,7,0,0
BRDA:57,7,1,0
BRDA:57,8,0,0
BRDA:57,8,1,0
BRDA:57,8,2,0
BRDA:60,9,0,0
BRDA:60,9,1,0
BRDA:63,10,0,0
BRDA:63,10,1,0
BRDA:66,11,0,0
BRDA:66,11,1,0
BRDA:66,12,0,0
BRDA:66,12,1,0
BRDA:66,12,2,0
BRDA:70,13,0,0
BRDA:70,13,1,0
BRDA:70,14,0,0
BRDA:70,14,1,0
BRDA:86,15,0,0
BRDA:86,15,1,0
BRDA:96,16,0,0
BRDA:96,16,1,0
BRDA:100,17,0,0
BRDA:100,17,1,0
BRDA:103,18,0,0
BRDA:103,18,1,0
BRDA:113,19,0,0
BRDA:113,19,1,0
BRDA:117,20,0,0
BRDA:117,20,1,0
BRDA:120,21,0,0
BRDA:120,21,1,0
BRDA:123,22,0,0
BRDA:123,22,1,0
BRDA:123,23,0,0
BRDA:123,23,1,0
BRDA:130,24,0,0
BRDA:130,24,1,0
BRDA:141,25,0,0
BRDA:141,25,1,0
BRDA:145,26,0,0
BRDA:145,26,1,0
BRDA:148,27,0,0
BRDA:148,27,1,0
BRDA:151,28,0,0
BRDA:151,28,1,0
BRDA:151,29,0,0
BRDA:151,29,1,0
BRDA:157,30,0,0
BRDA:157,30,1,0
BRDA:161,31,0,0
BRDA:161,31,1,0
BRDA:161,32,0,0
BRDA:161,32,1,0
BRDA:167,33,0,0
BRDA:167,33,1,0
BRDA:172,34,0,0
BRDA:172,34,1,0
BRDA:185,35,0,0
BRDA:185,35,1,0
BRDA:189,36,0,0
BRDA:189,36,1,0
BRDA:192,37,0,0
BRDA:192,37,1,0
BRDA:197,38,0,0
BRDA:197,38,1,0
BRDA:200,39,0,0
BRDA:200,39,1,0
BRDA:200,40,0,0
BRDA:200,40,1,0
BRDA:204,41,0,0
BRDA:204,41,1,0
BRDA:204,42,0,0
BRDA:204,42,1,0
BRDA:213,43,0,0
BRDA:213,43,1,0
BRDA:216,44,0,0
BRDA:216,44,1,0
BRDA:219,45,0,0
BRDA:219,45,1,0
BRDA:222,46,0,0
BRDA:222,46,1,0
BRDA:225,47,0,0
BRDA:225,47,1,0
BRDA:228,48,0,0
BRDA:228,48,1,0
BRDA:228,49,0,0
BRDA:228,49,1,0
BRDA:231,50,0,0
BRDA:231,50,1,0
BRDA:231,51,0,0
BRDA:231,51,1,0
BRDA:236,52,0,0
BRDA:236,52,1,0
BRDA:246,53,0,0
BRDA:246,53,1,0
BRDA:257,54,0,0
BRDA:257,54,1,0
BRDA:279,55,0,0
BRDA:279,55,1,0
BRDA:295,56,0,0
BRDA:295,56,1,0
BRDA:324,57,0,0
BRDA:324,57,1,0
BRDA:324,58,0,0
BRDA:324,58,1,0
BRDA:326,59,0,0
BRDA:326,59,1,0
BRDA:334,60,0,0
BRDA:334,60,1,0
BRDA:335,61,0,0
BRDA:335,61,1,0
BRDA:342,62,0,0
BRDA:342,62,1,0
BRDA:343,63,0,0
BRDA:343,63,1,0
BRDA:352,64,0,0
BRDA:352,64,1,0
BRDA:355,65,0,0
BRDA:355,65,1,0
BRF:135
BRH:1
end_of_record
TN:
SF:api/prenotazioni.js
FN:2,(anonymous_0)
FN:10,(anonymous_1)
FN:15,(anonymous_2)
FN:35,(anonymous_3)
FN:59,(anonymous_4)
FN:79,(anonymous_5)
FNF:6
FNH:1
FNDA:2,(anonymous_0)
FNDA:0,(anonymous_1)
FNDA:0,(anonymous_2)
FNDA:0,(anonymous_3)
FNDA:0,(anonymous_4)
FNDA:0,(anonymous_5)
DA:2,2
DA:3,2
DA:4,2
DA:10,2
DA:11,0
DA:12,0
DA:13,0
DA:14,0
DA:15,0
DA:16,0
DA:17,0
DA:19,0
DA:20,0
DA:21,0
DA:22,0
DA:23,0
DA:24,0
DA:29,0
DA:35,2
DA:37,0
DA:38,0
DA:39,0
DA:40,0
DA:41,0
DA:42,0
DA:45,0
DA:46,0
DA:47,0
DA:49,0
DA:50,0
DA:59,2
DA:60,0
DA:61,0
DA:62,0
DA:63,0
DA:64,0
DA:67,0
DA:68,0
DA:70,0
DA:72,0
DA:73,0
DA:79,2
DA:80,0
LF:43
LH:7
BRDA:16,0,0,0
BRDA:16,0,1,0
BRDA:21,1,0,0
BRDA:21,1,1,0
BRDA:23,2,0,0
BRDA:23,2,1,0
BRF:6
BRH:0
end_of_record
TN:
SF:api/ranking.js
FN:1,(anonymous_0)
FN:5,(anonymous_1)
FN:6,(anonymous_2)
FN:17,(anonymous_3)
FNF:4
FNH:1
FNDA:2,(anonymous_0)
FNDA:0,(anonymous_1)
FNDA:0,(anonymous_2)
FNDA:0,(anonymous_3)
DA:1,2
DA:2,2
DA:3,2
DA:5,2
DA:6,0
DA:7,0
DA:8,0
DA:9,0
DA:12,0
DA:17,2
DA:18,0
LF:11
LH:5
BRDA:7,0,0,0
BRDA:7,0,1,0
BRF:2
BRH:0
end_of_record
TN:
SF:api/tokenChecker.js
FN:3,(anonymous_0)
FN:13,(anonymous_1)
FNF:2
FNH:0
FNDA:0,(anonymous_0)
FNDA:0,(anonymous_1)
DA:1,2
DA:3,2
DA:5,0
DA:7,0
DA:8,0
DA:9,0
DA:13,0
DA:14,0
DA:15,0
DA:16,0
DA:19,0
DA:20,0
DA:26,2
LF:13
LH:3
BRDA:5,0,0,0
BRDA:5,0,1,0
BRDA:5,0,2,0
BRDA:5,0,3,0
BRDA:5,0,4,0
BRDA:7,1,0,0
BRDA:7,1,1,0
BRDA:14,2,0,0
BRDA:14,2,1,0
BRF:9
BRH:0
end_of_record
TN:
SF:api/tornei.js
FN:4,(anonymous_0)
FN:16,(anonymous_1)
FN:17,(anonymous_2)
FN:26,(anonymous_3)
FN:52,(anonymous_4)
FN:58,(anonymous_5)
FN:86,(anonymous_6)
FN:110,(anonymous_7)
FN:115,(anonymous_8)
FN:128,(anonymous_9)
FN:139,(anonymous_10)
FN:147,(anonymous_11)
FN:152,(anonymous_12)
FN:164,(anonymous_13)
FN:169,(anonymous_14)
FN:204,(anonymous_15)
FN:209,(anonymous_16)
FN:213,(anonymous_17)
FN:214,(anonymous_18)
FNF:19
FNH:1
FNDA:2,(anonymous_0)
FNDA:0,(anonymous_1)
FNDA:0,(anonymous_2)
FNDA:0,(anonymous_3)
FNDA:0,(anonymous_4)
FNDA:0,(anonymous_5)
FNDA:0,(anonymous_6)
FNDA:0,(anonymous_7)
FNDA:0,(anonymous_8)
FNDA:0,(anonymous_9)
FNDA:0,(anonymous_10)
FNDA:0,(anonymous_11)
FNDA:0,(anonymous_12)
FNDA:0,(anonymous_13)
FNDA:0,(anonymous_14)
FNDA:0,(anonymous_15)
FNDA:0,(anonymous_16)
FNDA:0,(anonymous_17)
FNDA:0,(anonymous_18)
DA:1,2
DA:4,2
DA:5,2
DA:6,2
DA:16,2
DA:17,0
DA:18,0
DA:19,0
DA:21,0
DA:26,2
DA:27,0
DA:35,0
DA:36,0
DA:38,0
DA:40,0
DA:43,0
DA:45,0
DA:46,0
DA:49,0
DA:50,0
DA:52,0
DA:53,0
DA:58,2
DA:59,0
DA:60,0
DA:61,0
DA:62,0
DA:64,0
DA:65,0
DA:66,0
DA:67,0
DA:69,0
DA:70,0
DA:72,0
DA:73,0
DA:74,0
DA:75,0
DA:77,0
DA:81,0
DA:86,2
DA:87,0
DA:88,0
DA:89,0
DA:90,0
DA:92,0
DA:93,0
DA:94,0
DA:95,0
DA:97,0
DA:98,0
DA:99,0
DA:100,0
DA:101,0
DA:102,0
DA:104,0
DA:107,0
DA:110,2
DA:111,0
DA:112,0
DA:113,0
DA:115,0
DA:116,0
DA:117,0
DA:118,0
DA:120,0
DA:122,0
DA:128,2
DA:129,0
DA:130,0
DA:131,0
DA:133,0
DA:134,0
DA:135,0
DA:136,0
DA:138,0
DA:139,0
DA:140,0
DA:143,0
DA:147,2
DA:148,0
DA:149,0
DA:150,0
DA:152,0
DA:153,0
DA:154,0
DA:155,0
DA:157,0
DA:159,0
DA:164,2
DA:165,0
DA:166,0
DA:167,0
DA:169,0
DA:170,0
DA:171,0
DA:173,0
DA:174,0
DA:176,0
DA:177,0
DA:178,0
DA:181,0
DA:182,0
DA:184,0
DA:185,0
DA:186,0
DA:187,0
DA:188,0
DA:191,0
DA:192,0
DA:194,0
DA:195,0
DA:196,0
DA:204,2
DA:205,0
DA:206,0
DA:209,2
DA:210,0
DA:213,2
DA:214,0
DA:215,0
DA:216,0
DA:217,0
DA:219,0
DA:222,0
LF:124
LH:15
BRDA:18,0,0,0
BRDA:18,0,1,0
BRDA:36,1,0,0
BRDA:36,1,1,0
BRDA:36,2,0,0
BRDA:36,2,1,0
BRDA:36,2,2,0
BRDA:36,2,3,0
BRDA:36,2,4,0
BRDA:40,3,0,0
BRDA:40,3,1,0
BRDA:40,4,0,0
BRDA:40,4,1,0
BRDA:40,4,2,0
BRDA:40,4,3,0
BRDA:40,4,4,0
BRDA:40,4,5,0
BRDA:40,4,6,0
BRDA:40,4,7,0
BRDA:40,4,8,0
BRDA:45,5,0,0
BRDA:45,5,1,0
BRDA:49,6,0,0
BRDA:49,6,1,0
BRDA:61,7,0,0
BRDA:61,7,1,0
BRDA:66,8,0,0
BRDA:66,8,1,0
BRDA:69,9,0,0
BRDA:69,9,1,0
BRDA:72,10,0,0
BRDA:72,10,1,0
BRDA:89,11,0,0
BRDA:89,11,1,0
BRDA:94,12,0,0
BRDA:94,12,1,0
BRDA:97,13,0,0
BRDA:97,13,1,0
BRDA:112,14,0,0
BRDA:112,14,1,0
BRDA:116,15,0,0
BRDA:116,15,1,0
BRDA:117,16,0,0
BRDA:117,16,1,0
BRDA:130,17,0,0
BRDA:130,17,1,0
BRDA:135,18,0,0
BRDA:135,18,1,0
BRDA:138,19,0,0
BRDA:138,19,1,0
BRDA:149,20,0,0
BRDA:149,20,1,0
BRDA:153,21,0,0
BRDA:153,21,1,0
BRDA:154,22,0,0
BRDA:154,22,1,0
BRDA:166,23,0,0
BRDA:166,23,1,0
BRDA:170,24,0,0
BRDA:170,24,1,0
BRDA:173,25,0,0
BRDA:173,25,1,0
BRDA:173,26,0,0
BRDA:173,26,1,0
BRDA:173,26,2,0
BRDA:173,26,3,0
BRDA:177,27,0,0
BRDA:177,27,1,0
BRDA:177,28,0,0
BRDA:177,28,1,0
BRDA:181,29,0,0
BRDA:181,29,1,0
BRDA:181,30,0,0
BRDA:181,30,1,0
BRDA:185,31,0,0
BRDA:185,31,1,0
BRDA:185,32,0,0
BRDA:185,32,1,0
BRDA:191,33,0,0
BRDA:191,33,1,0
BRDA:215,34,0,0
BRDA:215,34,1,0
BRDA:216,35,0,0
BRDA:216,35,1,0
BRF:84
BRH:0
end_of_record
TN:
SF:api/users.js
FN:1,(anonymous_0)
FN:3,(anonymous_1)
FN:5,(anonymous_2)
FN:26,(anonymous_3)
FN:55,(anonymous_4)
FN:59,checkIfEmailInString
FNF:6
FNH:1
FNDA:2,(anonymous_0)
FNDA:0,(anonymous_1)
FNDA:0,(anonymous_2)
FNDA:0,(anonymous_3)
FNDA:0,(anonymous_4)
FNDA:0,checkIfEmailInString
DA:1,2
DA:2,2
DA:3,2
DA:4,0
DA:5,0
DA:6,0
DA:7,0
DA:9,0
DA:10,0
DA:12,0
DA:13,0
DA:15,0
DA:17,0
DA:22,0
DA:26,2
DA:28,0
DA:39,0
DA:40,0
DA:41,0
DA:44,0
DA:45,0
DA:46,0
DA:49,0
DA:50,0
DA:52,0
DA:53,0
DA:55,0
DA:56,0
DA:61,0
DA:62,0
LF:30
LH:4
BRDA:4,0,0,0
BRDA:4,0,1,0
BRDA:6,1,0,0
BRDA:6,1,1,0
BRDA:9,2,0,0
BRDA:9,2,1,0
BRDA:39,3,0,0
BRDA:39,3,1,0
BRDA:39,4,0,0
BRDA:39,4,1,0
BRDA:39,4,2,0
BRDA:45,5,0,0
BRDA:45,5,1,0
BRDA:49,6,0,0
BRDA:49,6,1,0
BRDA:49,7,0,0
BRDA:49,7,1,0
BRDA:49,7,2,0
BRDA:52,8,0,0
BRDA:52,8,1,0
BRDA:52,9,0,0
BRDA:52,9,1,0
BRDA:52,9,2,0
BRDA:52,9,3,0
BRDA:52,9,4,0
BRDA:52,9,5,0
BRF:26
BRH:0
end_of_record
TN:
SF:api/models/user.js
FNF:0
FNH:0
DA:2,2
DA:3,2
DA:6,2
LF:3
LH:3
BRF:0
BRH:0
end_of_record
TN:
SF:jest/jest.config.js
FNF:0
FNH:0
DA:2,1
LF:1
LH:1
BRF:0
BRH:0
end_of_record
